#
# There is insufficient memory for the Java Runtime Environment to continue.
# Native memory allocation (mmap) failed to map 47185920 bytes for committing reserved memory.
# Possible reasons:
#   The system is out of physical RAM or swap space
#   In 32 bit mode, the process size limit was hit
# Possible solutions:
#   Reduce memory load on the system
#   Increase physical memory or swap space
#   Check if swap backing store is full
#   Use 64 bit Java on a 64 bit OS
#   Decrease Java heap size (-Xmx/-Xms)
#   Decrease number of Java threads
#   Decrease Java thread stack sizes (-Xss)
#   Set larger code cache with -XX:ReservedCodeCacheSize=
# This output file may be truncated or incomplete.
#
#  Out of Memory Error (os_linux.cpp:2630), pid=4693, tid=0x00007f59f8dfd700
#
# JRE version: OpenJDK Runtime Environment (8.0_121-b13) (build 1.8.0_121-8u121-b13-0ubuntu1.16.10.2-b13)
# Java VM: OpenJDK 64-Bit Server VM (25.121-b13 mixed mode linux-amd64 compressed oops)
# Failed to write core dump. Core dumps have been disabled. To enable core dumping, try "ulimit -c unlimited" before starting Java again
#

---------------  T H R E A D  ---------------

Current thread (0x00007f5a08073800):  VMThread [stack: 0x00007f59f8cfd000,0x00007f59f8dfe000] [id=4700]

Stack: [0x00007f59f8cfd000,0x00007f59f8dfe000],  sp=0x00007f59f8dfc4b0,  free space=1021k
Native frames: (J=compiled Java code, j=interpreted, Vv=VM code, C=native code)
V  [libjvm.so+0xa6be70]  VMError::report_and_die()+0x160
V  [libjvm.so+0x4c52fc]  report_vm_out_of_memory(char const*, int, unsigned long, VMErrorType, char const*)+0xac
V  [libjvm.so+0x8babe0]  os::pd_commit_memory(char*, unsigned long, unsigned long, bool)+0xf0
V  [libjvm.so+0x8b526e]  os::commit_memory(char*, unsigned long, unsigned long, bool)+0x2e
V  [libjvm.so+0x92fc6e]  PSVirtualSpace::expand_by(unsigned long)+0x4e
V  [libjvm.so+0x930ff3]  PSYoungGen::resize(unsigned long, unsigned long)+0x103
V  [libjvm.so+0x92d643]  PSScavenge::invoke_no_policy()+0x1503
V  [libjvm.so+0x92d8ec]  PSScavenge::invoke()+0x4c
V  [libjvm.so+0x8df273]  ParallelScavengeHeap::failed_mem_allocate(unsigned long)+0x63
V  [libjvm.so+0xa6dae2]  VM_ParallelGCFailedAllocation::doit()+0x92
V  [libjvm.so+0xa72c57]  VM_Operation::evaluate()+0x47
V  [libjvm.so+0xa703e7]  VMThread::evaluate_operation(VM_Operation*) [clone .constprop.30]+0xe7
V  [libjvm.so+0xa71866]  VMThread::loop()+0x246
V  [libjvm.so+0xa71d61]  VMThread::run()+0x81
V  [libjvm.so+0x8b8172]  java_start(Thread*)+0xf2

VM_Operation (0x00007f5a12085de0): ParallelGCFailedAllocation, mode: safepoint, requested by thread 0x00007f5a0800a000


---------------  P R O C E S S  ---------------

Java Threads: ( => current thread )
  0x00007f5a080ae800 JavaThread "Service Thread" daemon [_thread_blocked, id=4706, stack(0x00007f59f855f000,0x00007f59f8660000)]
  0x00007f5a080ac000 JavaThread "C1 CompilerThread1" daemon [_thread_blocked, id=4705, stack(0x00007f59f8660000,0x00007f59f8761000)]
  0x00007f5a080a9000 JavaThread "C2 CompilerThread0" daemon [_thread_blocked, id=4704, stack(0x00007f59f8761000,0x00007f59f8862000)]
  0x00007f5a080a7000 JavaThread "Signal Dispatcher" daemon [_thread_blocked, id=4703, stack(0x00007f59f8862000,0x00007f59f8963000)]
  0x00007f5a0807f800 JavaThread "Finalizer" daemon [_thread_blocked, id=4702, stack(0x00007f59f8afb000,0x00007f59f8bfc000)]
  0x00007f5a0807b000 JavaThread "Reference Handler" daemon [_thread_blocked, id=4701, stack(0x00007f59f8bfc000,0x00007f59f8cfd000)]
  0x00007f5a0800a000 JavaThread "main" [_thread_blocked, id=4697, stack(0x00007f5a11f87000,0x00007f5a12088000)]

Other Threads:
=>0x00007f5a08073800 VMThread [stack: 0x00007f59f8cfd000,0x00007f59f8dfe000] [id=4700]
  0x00007f5a080b5800 WatcherThread [stack: 0x00007f59f845e000,0x00007f59f855f000] [id=4707]

VM state:at safepoint (normal execution)

VM Mutex/Monitor currently owned by a thread:  ([mutex/lock_event])
[0x00007f5a08006660] Threads_lock - owner thread: 0x00007f5a08073800
[0x00007f5a08006b60] Heap_lock - owner thread: 0x00007f5a0800a000

Heap:
 PSYoungGen      total 35840K, used 992K [0x00000000f5980000, 0x00000000f7d80000, 0x0000000100000000)
  eden space 34816K, 0% used [0x00000000f5980000,0x00000000f5980000,0x00000000f7b80000)
  from space 1024K, 96% used [0x00000000f7b80000,0x00000000f7c78010,0x00000000f7c80000)
  to   space 1024K, 0% used [0x00000000f7c80000,0x00000000f7c80000,0x00000000f7d80000)
 ParOldGen       total 22016K, used 10922K [0x00000000e0c00000, 0x00000000e2180000, 0x00000000f5980000)
  object space 22016K, 49% used [0x00000000e0c00000,0x00000000e16aa810,0x00000000e2180000)
 Metaspace       used 3669K, capacity 5144K, committed 5376K, reserved 1056768K
  class space    used 380K, capacity 456K, committed 512K, reserved 1048576K

Card table byte_map: [0x00007f5a0e52f000,0x00007f5a0e62a000] byte_map_base: 0x00007f5a0de29000

Marking Bits: (ParMarkBitMap*) 0x00007f5a11247220
 Begin Bits: [0x00007f5a0d38d000, 0x00007f5a0db5d000)
 End Bits:   [0x00007f5a0db5d000, 0x00007f5a0e32d000)

Polling page: 0x00007f5a12096000

CodeCache: size=245760Kb used=2918Kb max_used=2920Kb free=242841Kb
 bounds [0x00007f59f9000000, 0x00007f59f92f0000, 0x00007f5a08000000]
 total_blobs=762 nmethods=517 adapters=160
 compilation: enabled

Compilation events (10 events):
Event: 1.565 Thread 0x00007f5a080ac000  523       2       com.android.dx.rop.cst.CstFloat::<init> (6 bytes)
Event: 1.566 Thread 0x00007f5a080ac000 nmethod 523 0x00007f59f92ca550 code [0x00007f59f92ca6a0, 0x00007f59f92ca7f0]
Event: 1.588 Thread 0x00007f5a080a9000 nmethod 425 0x00007f59f92db790 code [0x00007f59f92dba80, 0x00007f59f92dd860]
Event: 1.588 Thread 0x00007f5a080a9000  521       4       java.lang.String::compareTo (78 bytes)
Event: 1.591 Thread 0x00007f5a080a9000 nmethod 521 0x00007f59f92d8590 code [0x00007f59f92d86e0, 0x00007f59f92d8898]
Event: 1.591 Thread 0x00007f5a080a9000  497       4       com.android.dx.cf.direct.StdAttributeFactory::parse0 (532 bytes)
Event: 1.628 Thread 0x00007f5a080ac000  527       2       com.android.dx.cf.attrib.AttEnclosingMethod::<init> (31 bytes)
Event: 1.629 Thread 0x00007f5a080ac000 nmethod 527 0x00007f59f92ca0d0 code [0x00007f59f92ca240, 0x00007f59f92ca488]
Event: 1.639 Thread 0x00007f5a080ac000  528       2       com.android.dx.cf.direct.StdAttributeFactory::enclosingMethod (156 bytes)
Event: 1.643 Thread 0x00007f5a080ac000 nmethod 528 0x00007f59f92def90 code [0x00007f59f92df360, 0x00007f59f92e0928]

GC Heap History (9 events):
Event: 0.486 GC heap before
{Heap before GC invocations=1 (full 0):
 PSYoungGen      total 9728K, used 8704K [0x00000000f5980000, 0x00000000f6400000, 0x0000000100000000)
  eden space 8704K, 100% used [0x00000000f5980000,0x00000000f6200000,0x00000000f6200000)
  from space 1024K, 0% used [0x00000000f6300000,0x00000000f6300000,0x00000000f6400000)
  to   space 1024K, 0% used [0x00000000f6200000,0x00000000f6200000,0x00000000f6300000)
 ParOldGen       total 22016K, used 0K [0x00000000e0c00000, 0x00000000e2180000, 0x00000000f5980000)
  object space 22016K, 0% used [0x00000000e0c00000,0x00000000e0c00000,0x00000000e2180000)
 Metaspace       used 3493K, capacity 5016K, committed 5120K, reserved 1056768K
  class space    used 376K, capacity 456K, committed 512K, reserved 1048576K
Event: 0.494 GC heap after
Heap after GC invocations=1 (full 0):
 PSYoungGen      total 9728K, used 1023K [0x00000000f5980000, 0x00000000f6c80000, 0x0000000100000000)
  eden space 8704K, 0% used [0x00000000f5980000,0x00000000f5980000,0x00000000f6200000)
  from space 1024K, 99% used [0x00000000f6200000,0x00000000f62ffef8,0x00000000f6300000)
  to   space 1024K, 0% used [0x00000000f6b80000,0x00000000f6b80000,0x00000000f6c80000)
 ParOldGen       total 22016K, used 681K [0x00000000e0c00000, 0x00000000e2180000, 0x00000000f5980000)
  object space 22016K, 3% used [0x00000000e0c00000,0x00000000e0caa430,0x00000000e2180000)
 Metaspace       used 3493K, capacity 5016K, committed 5120K, reserved 1056768K
  class space    used 376K, capacity 456K, committed 512K, reserved 1048576K
}
Event: 0.698 GC heap before
{Heap before GC invocations=2 (full 0):
 PSYoungGen      total 9728K, used 9727K [0x00000000f5980000, 0x00000000f6c80000, 0x0000000100000000)
  eden space 8704K, 100% used [0x00000000f5980000,0x00000000f6200000,0x00000000f6200000)
  from space 1024K, 99% used [0x00000000f6200000,0x00000000f62ffef8,0x00000000f6300000)
  to   space 1024K, 0% used [0x00000000f6b80000,0x00000000f6b80000,0x00000000f6c80000)
 ParOldGen       total 22016K, used 681K [0x00000000e0c00000, 0x00000000e2180000, 0x00000000f5980000)
  object space 22016K, 3% used [0x00000000e0c00000,0x00000000e0caa430,0x00000000e2180000)
 Metaspace       used 3553K, capacity 5080K, committed 5376K, reserved 1056768K
  class space    used 376K, capacity 456K, committed 512K, reserved 1048576K
Event: 0.709 GC heap after
Heap after GC invocations=2 (full 0):
 PSYoungGen      total 18432K, used 1012K [0x00000000f5980000, 0x00000000f6c80000, 0x0000000100000000)
  eden space 17408K, 0% used [0x00000000f5980000,0x00000000f5980000,0x00000000f6a80000)
  from space 1024K, 98% used [0x00000000f6b80000,0x00000000f6c7d030,0x00000000f6c80000)
  to   space 1024K, 0% used [0x00000000f6a80000,0x00000000f6a80000,0x00000000f6b80000)
 ParOldGen       total 22016K, used 1251K [0x00000000e0c00000, 0x00000000e2180000, 0x00000000f5980000)
  object space 22016K, 5% used [0x00000000e0c00000,0x00000000e0d38fb8,0x00000000e2180000)
 Metaspace       used 3553K, capacity 5080K, committed 5376K, reserved 1056768K
  class space    used 376K, capacity 456K, committed 512K, reserved 1048576K
}
Event: 1.178 GC heap before
{Heap before GC invocations=3 (full 0):
 PSYoungGen      total 18432K, used 18420K [0x00000000f5980000, 0x00000000f6c80000, 0x0000000100000000)
  eden space 17408K, 100% used [0x00000000f5980000,0x00000000f6a80000,0x00000000f6a80000)
  from space 1024K, 98% used [0x00000000f6b80000,0x00000000f6c7d030,0x00000000f6c80000)
  to   space 1024K, 0% used [0x00000000f6a80000,0x00000000f6a80000,0x00000000f6b80000)
 ParOldGen       total 22016K, used 1251K [0x00000000e0c00000, 0x00000000e2180000, 0x00000000f5980000)
  object space 22016K, 5% used [0x00000000e0c00000,0x00000000e0d38fb8,0x00000000e2180000)
 Metaspace       used 3659K, capacity 5144K, committed 5376K, reserved 1056768K
  class space    used 380K, capacity 456K, committed 512K, reserved 1048576K
Event: 1.195 GC heap after
Heap after GC invocations=3 (full 0):
 PSYoungGen      total 18432K, used 992K [0x00000000f5980000, 0x00000000f7d80000, 0x0000000100000000)
  eden space 17408K, 0% used [0x00000000f5980000,0x00000000f5980000,0x00000000f6a80000)
  from space 1024K, 96% used [0x00000000f6a80000,0x00000000f6b78030,0x00000000f6b80000)
  to   space 1024K, 0% used [0x00000000f7c80000,0x00000000f7c80000,0x00000000f7d80000)
 ParOldGen       total 22016K, used 3347K [0x00000000e0c00000, 0x00000000e2180000, 0x00000000f5980000)
  object space 22016K, 15% used [0x00000000e0c00000,0x00000000e0f44d98,0x00000000e2180000)
 Metaspace       used 3659K, capacity 5144K, committed 5376K, reserved 1056768K
  class space    used 380K, capacity 456K, committed 512K, reserved 1048576K
}
Event: 1.299 GC heap before
{Heap before GC invocations=4 (full 0):
 PSYoungGen      total 18432K, used 18400K [0x00000000f5980000, 0x00000000f7d80000, 0x0000000100000000)
  eden space 17408K, 100% used [0x00000000f5980000,0x00000000f6a80000,0x00000000f6a80000)
  from space 1024K, 96% used [0x00000000f6a80000,0x00000000f6b78030,0x00000000f6b80000)
  to   space 1024K, 0% used [0x00000000f7c80000,0x00000000f7c80000,0x00000000f7d80000)
 ParOldGen       total 22016K, used 3347K [0x00000000e0c00000, 0x00000000e2180000, 0x00000000f5980000)
  object space 22016K, 15% used [0x00000000e0c00000,0x00000000e0f44d98,0x00000000e2180000)
 Metaspace       used 3668K, capacity 5144K, committed 5376K, reserved 1056768K
  class space    used 380K, capacity 456K, committed 512K, reserved 1048576K
Event: 1.316 GC heap after
Heap after GC invocations=4 (full 0):
 PSYoungGen      total 35840K, used 992K [0x00000000f5980000, 0x00000000f7d80000, 0x0000000100000000)
  eden space 34816K, 0% used [0x00000000f5980000,0x00000000f5980000,0x00000000f7b80000)
  from space 1024K, 96% used [0x00000000f7c80000,0x00000000f7d78010,0x00000000f7d80000)
  to   space 1024K, 0% used [0x00000000f7b80000,0x00000000f7b80000,0x00000000f7c80000)
 ParOldGen       total 22016K, used 5702K [0x00000000e0c00000, 0x00000000e2180000, 0x00000000f5980000)
  object space 22016K, 25% used [0x00000000e0c00000,0x00000000e1191a68,0x00000000e2180000)
 Metaspace       used 3668K, capacity 5144K, committed 5376K, reserved 1056768K
  class space    used 380K, capacity 456K, committed 512K, reserved 1048576K
}
Event: 1.690 GC heap before
{Heap before GC invocations=5 (full 0):
 PSYoungGen      total 35840K, used 35808K [0x00000000f5980000, 0x00000000f7d80000, 0x0000000100000000)
  eden space 34816K, 100% used [0x00000000f5980000,0x00000000f7b80000,0x00000000f7b80000)
  from space 1024K, 96% used [0x00000000f7c80000,0x00000000f7d78010,0x00000000f7d80000)
  to   space 1024K, 0% used [0x00000000f7b80000,0x00000000f7b80000,0x00000000f7c80000)
 ParOldGen       total 22016K, used 5702K [0x00000000e0c00000, 0x00000000e2180000, 0x00000000f5980000)
  object space 22016K, 25% used [0x00000000e0c00000,0x00000000e1191a68,0x00000000e2180000)
 Metaspace       used 3669K, capacity 5144K, committed 5376K, reserved 1056768K
  class space    used 380K, capacity 456K, committed 512K, reserved 1048576K

Deoptimization events (5 events):
Event: 0.594 Thread 0x00007f5a0800a000 Uncommon trap: reason=unstable_if action=reinterpret pc=0x00007f59f916ddd8 method=java.lang.String.<init>([CII)V @ 18
Event: 0.617 Thread 0x00007f5a0800a000 Uncommon trap: reason=unloaded action=reinterpret pc=0x00007f59f91ac810 method=com.android.dx.cf.cst.ConstantPoolParser.parse0(ILjava/util/BitSet;)Lcom/android/dx/rop/cst/Constant; @ 220
Event: 0.679 Thread 0x00007f5a0800a000 Uncommon trap: reason=unstable_if action=reinterpret pc=0x00007f59f91754a0 method=java.lang.String.<init>([CII)V @ 18
Event: 1.379 Thread 0x00007f5a0800a000 Uncommon trap: reason=unstable_if action=reinterpret pc=0x00007f59f92211a8 method=com.android.dx.rop.cst.CstString.utf8BytesToString(Lcom/android/dx/util/ByteArray;)Ljava/lang/String; @ 196
Event: 1.381 Thread 0x00007f5a0800a000 Uncommon trap: reason=unstable_if action=reinterpret pc=0x00007f59f9204068 method=com.android.dx.rop.cst.CstString.utf8BytesToString(Lcom/android/dx/util/ByteArray;)Ljava/lang/String; @ 196

Internal exceptions (2 events):
Event: 0.074 Thread 0x00007f5a0800a000 Exception <a 'java/lang/NoSuchMethodError': Method sun.misc.Unsafe.defineClass(Ljava/lang/String;[BII)Ljava/lang/Class; name or signature does not match> (0x00000000f5987ca8) thrown at [/build/openjdk-8-AbQ17_/openjdk-8-8u121-b13/src/hotspot/src/share/vm/
Event: 0.074 Thread 0x00007f5a0800a000 Exception <a 'java/lang/NoSuchMethodError': Method sun.misc.Unsafe.prefetchRead(Ljava/lang/Object;J)V name or signature does not match> (0x00000000f5987f90) thrown at [/build/openjdk-8-AbQ17_/openjdk-8-8u121-b13/src/hotspot/src/share/vm/prims/jni.cpp, lin

Events (10 events):
Event: 1.197 Executing VM operation: ParallelGCFailedAllocation done
Event: 1.299 Executing VM operation: ParallelGCFailedAllocation
Event: 1.316 Executing VM operation: ParallelGCFailedAllocation done
Event: 1.379 Thread 0x00007f5a0800a000 Uncommon trap: trap_request=0xffffff65 fr.pc=0x00007f59f92211a8
Event: 1.379 Thread 0x00007f5a0800a000 DEOPT PACKING pc=0x00007f59f92211a8 sp=0x00007f5a12085c00
Event: 1.379 Thread 0x00007f5a0800a000 DEOPT UNPACKING pc=0x00007f59f9004f69 sp=0x00007f5a12085bb8 mode 2
Event: 1.381 Thread 0x00007f5a0800a000 Uncommon trap: trap_request=0xffffff65 fr.pc=0x00007f59f9204068
Event: 1.381 Thread 0x00007f5a0800a000 DEOPT PACKING pc=0x00007f59f9204068 sp=0x00007f5a12085c00
Event: 1.381 Thread 0x00007f5a0800a000 DEOPT UNPACKING pc=0x00007f59f9004f69 sp=0x00007f5a12085bb8 mode 2
Event: 1.690 Executing VM operation: ParallelGCFailedAllocation


Dynamic libraries:
e0c00000-e2180000 rw-p 00000000 00:00 0 
e2180000-f5980000 ---p 00000000 00:00 0 
f5980000-f7d80000 rw-p 00000000 00:00 0 
faa80000-100000000 ---p 00000000 00:00 0 
100000000-100080000 rw-p 00000000 00:00 0 
100080000-140000000 ---p 00000000 00:00 0 
555ee2ffb000-555ee2ffc000 r-xp 00000000 fc:01 530993                     /usr/lib/jvm/java-8-openjdk-amd64/jre/bin/java
555ee31fb000-555ee31fc000 r--p 00000000 fc:01 530993                     /usr/lib/jvm/java-8-openjdk-amd64/jre/bin/java
555ee31fc000-555ee31fd000 rw-p 00001000 fc:01 530993                     /usr/lib/jvm/java-8-openjdk-amd64/jre/bin/java
555ee5163000-555ee5184000 rw-p 00000000 00:00 0                          [heap]
7f59cc000000-7f59cc021000 rw-p 00000000 00:00 0 
7f59cc021000-7f59d0000000 ---p 00000000 00:00 0 
7f59d4000000-7f59d453e000 rw-p 00000000 00:00 0 
7f59d453e000-7f59d8000000 ---p 00000000 00:00 0 
7f59d8000000-7f59d8021000 rw-p 00000000 00:00 0 
7f59d8021000-7f59dc000000 ---p 00000000 00:00 0 
7f59dc000000-7f59dc021000 rw-p 00000000 00:00 0 
7f59dc021000-7f59e0000000 ---p 00000000 00:00 0 
7f59e0000000-7f59e0744000 rw-p 00000000 00:00 0 
7f59e0744000-7f59e4000000 ---p 00000000 00:00 0 
7f59e4000000-7f59e4021000 rw-p 00000000 00:00 0 
7f59e4021000-7f59e8000000 ---p 00000000 00:00 0 
7f59e8000000-7f59e8021000 rw-p 00000000 00:00 0 
7f59e8021000-7f59ec000000 ---p 00000000 00:00 0 
7f59ec000000-7f59ec021000 rw-p 00000000 00:00 0 
7f59ec021000-7f59f0000000 ---p 00000000 00:00 0 
7f59f0000000-7f59f0276000 rw-p 00000000 00:00 0 
7f59f0276000-7f59f4000000 ---p 00000000 00:00 0 
7f59f4000000-7f59f4021000 rw-p 00000000 00:00 0 
7f59f4021000-7f59f8000000 ---p 00000000 00:00 0 
7f59f83f0000-7f59f8446000 r--s 005da000 fc:01 2075028                    /daryl/platforms/android/build/intermediates/transforms/jarMerging/armv7/debug/jars/1/1f/combined.jar
7f59f8446000-7f59f8454000 r--s 000e0000 fc:01 541801                     /root/androidsdk/build-tools/25.0.2/lib/dx.jar
7f59f8454000-7f59f845e000 r--s 00116000 fc:01 531057                     /usr/lib/jvm/java-8-openjdk-amd64/jre/lib/ext/localedata.jar
7f59f845e000-7f59f845f000 ---p 00000000 00:00 0 
7f59f845f000-7f59f855f000 rw-p 00000000 00:00 0 
7f59f855f000-7f59f8562000 ---p 00000000 00:00 0 
7f59f8562000-7f59f8660000 rw-p 00000000 00:00 0 
7f59f8660000-7f59f8663000 ---p 00000000 00:00 0 
7f59f8663000-7f59f8761000 rw-p 00000000 00:00 0 
7f59f8761000-7f59f8764000 ---p 00000000 00:00 0 
7f59f8764000-7f59f8862000 rw-p 00000000 00:00 0 
7f59f8862000-7f59f8865000 ---p 00000000 00:00 0 
7f59f8865000-7f59f8963000 rw-p 00000000 00:00 0 
7f59f8963000-7f59f8afb000 r--p 00000000 fc:01 10113                      /usr/lib/locale/locale-archive
7f59f8afb000-7f59f8afe000 ---p 00000000 00:00 0 
7f59f8afe000-7f59f8bfc000 rw-p 00000000 00:00 0 
7f59f8bfc000-7f59f8bff000 ---p 00000000 00:00 0 
7f59f8bff000-7f59f8cfd000 rw-p 00000000 00:00 0 
7f59f8cfd000-7f59f8cfe000 ---p 00000000 00:00 0 
7f59f8cfe000-7f59f9000000 rw-p 00000000 00:00 0 
7f59f9000000-7f59f92f0000 rwxp 00000000 00:00 0 
7f59f92f0000-7f5a08000000 ---p 00000000 00:00 0 
7f5a08000000-7f5a0840c000 rw-p 00000000 00:00 0 
7f5a0840c000-7f5a0c000000 ---p 00000000 00:00 0 
7f5a0c002000-7f5a0c007000 r--s 00015000 fc:01 2075030                    /daryl/platforms/android/build/intermediates/multi-dex/armv7/debug/componentClasses.jar
7f5a0c007000-7f5a0c022000 r--s 00394000 fc:01 531053                     /usr/lib/jvm/java-8-openjdk-amd64/jre/lib/ext/cldrdata.jar
7f5a0c022000-7f5a0c03d000 r--s 001d6000 fc:01 531058                     /usr/lib/jvm/java-8-openjdk-amd64/jre/lib/ext/nashorn.jar
7f5a0c03d000-7f5a0c7f4000 rw-p 00000000 00:00 0 
7f5a0c7f4000-7f5a0c9c2000 r--s 03c06000 fc:01 531082                     /usr/lib/jvm/java-8-openjdk-amd64/jre/lib/rt.jar
7f5a0c9c2000-7f5a0cf53000 rw-p 00000000 00:00 0 
7f5a0cf53000-7f5a0d293000 ---p 00000000 00:00 0 
7f5a0d293000-7f5a0e32d000 rw-p 00000000 00:00 0 
7f5a0e32d000-7f5a0e32e000 ---p 00000000 00:00 0 
7f5a0e32e000-7f5a0e42e000 rw-p 00000000 00:00 0 
7f5a0e42e000-7f5a0e42f000 ---p 00000000 00:00 0 
7f5a0e42f000-7f5a0e53a000 rw-p 00000000 00:00 0 
7f5a0e53a000-7f5a0e5d5000 ---p 00000000 00:00 0 
7f5a0e5d5000-7f5a0e5e8000 rw-p 00000000 00:00 0 
7f5a0e5e8000-7f5a0e629000 ---p 00000000 00:00 0 
7f5a0e629000-7f5a0e636000 rw-p 00000000 00:00 0 
7f5a0e636000-7f5a0e9ea000 ---p 00000000 00:00 0 
7f5a0e9ea000-7f5a0e9f2000 r-xp 00000000 fc:01 531039                     /usr/lib/jvm/java-8-openjdk-amd64/jre/lib/amd64/libzip.so
7f5a0e9f2000-7f5a0ebf1000 ---p 00008000 fc:01 531039                     /usr/lib/jvm/java-8-openjdk-amd64/jre/lib/amd64/libzip.so
7f5a0ebf1000-7f5a0ebf2000 r--p 00007000 fc:01 531039                     /usr/lib/jvm/java-8-openjdk-amd64/jre/lib/amd64/libzip.so
7f5a0ebf2000-7f5a0ebf3000 rw-p 00008000 fc:01 531039                     /usr/lib/jvm/java-8-openjdk-amd64/jre/lib/amd64/libzip.so
7f5a0ebf3000-7f5a0ebfe000 r-xp 00000000 fc:01 1912                       /lib/x86_64-linux-gnu/libnss_files-2.24.so
7f5a0ebfe000-7f5a0edfd000 ---p 0000b000 fc:01 1912                       /lib/x86_64-linux-gnu/libnss_files-2.24.so
7f5a0edfd000-7f5a0edfe000 r--p 0000a000 fc:01 1912                       /lib/x86_64-linux-gnu/libnss_files-2.24.so
7f5a0edfe000-7f5a0edff000 rw-p 0000b000 fc:01 1912                       /lib/x86_64-linux-gnu/libnss_files-2.24.so
7f5a0edff000-7f5a0ee05000 rw-p 00000000 00:00 0 
7f5a0ee05000-7f5a0ee10000 r-xp 00000000 fc:01 1914                       /lib/x86_64-linux-gnu/libnss_nis-2.24.so
7f5a0ee10000-7f5a0f00f000 ---p 0000b000 fc:01 1914                       /lib/x86_64-linux-gnu/libnss_nis-2.24.so
7f5a0f00f000-7f5a0f010000 r--p 0000a000 fc:01 1914                       /lib/x86_64-linux-gnu/libnss_nis-2.24.so
7f5a0f010000-7f5a0f011000 rw-p 0000b000 fc:01 1914                       /lib/x86_64-linux-gnu/libnss_nis-2.24.so
7f5a0f011000-7f5a0f027000 r-xp 00000000 fc:01 1909                       /lib/x86_64-linux-gnu/libnsl-2.24.so
7f5a0f027000-7f5a0f226000 ---p 00016000 fc:01 1909                       /lib/x86_64-linux-gnu/libnsl-2.24.so
7f5a0f226000-7f5a0f227000 r--p 00015000 fc:01 1909                       /lib/x86_64-linux-gnu/libnsl-2.24.so
7f5a0f227000-7f5a0f228000 rw-p 00016000 fc:01 1909                       /lib/x86_64-linux-gnu/libnsl-2.24.so
7f5a0f228000-7f5a0f22a000 rw-p 00000000 00:00 0 
7f5a0f22a000-7f5a0f232000 r-xp 00000000 fc:01 1910                       /lib/x86_64-linux-gnu/libnss_compat-2.24.so
7f5a0f232000-7f5a0f431000 ---p 00008000 fc:01 1910                       /lib/x86_64-linux-gnu/libnss_compat-2.24.so
7f5a0f431000-7f5a0f432000 r--p 00007000 fc:01 1910                       /lib/x86_64-linux-gnu/libnss_compat-2.24.so
7f5a0f432000-7f5a0f433000 rw-p 00008000 fc:01 1910                       /lib/x86_64-linux-gnu/libnss_compat-2.24.so
7f5a0f433000-7f5a0f460000 r-xp 00000000 fc:01 531020                     /usr/lib/jvm/java-8-openjdk-amd64/jre/lib/amd64/libjava.so
7f5a0f460000-7f5a0f65f000 ---p 0002d000 fc:01 531020                     /usr/lib/jvm/java-8-openjdk-amd64/jre/lib/amd64/libjava.so
7f5a0f65f000-7f5a0f660000 r--p 0002c000 fc:01 531020                     /usr/lib/jvm/java-8-openjdk-amd64/jre/lib/amd64/libjava.so
7f5a0f660000-7f5a0f662000 rw-p 0002d000 fc:01 531020                     /usr/lib/jvm/java-8-openjdk-amd64/jre/lib/amd64/libjava.so
7f5a0f662000-7f5a0f671000 r-xp 00000000 fc:01 531038                     /usr/lib/jvm/java-8-openjdk-amd64/jre/lib/amd64/libverify.so
7f5a0f671000-7f5a0f870000 ---p 0000f000 fc:01 531038                     /usr/lib/jvm/java-8-openjdk-amd64/jre/lib/amd64/libverify.so
7f5a0f870000-7f5a0f872000 r--p 0000e000 fc:01 531038                     /usr/lib/jvm/java-8-openjdk-amd64/jre/lib/amd64/libverify.so
7f5a0f872000-7f5a0f873000 rw-p 00010000 fc:01 531038                     /usr/lib/jvm/java-8-openjdk-amd64/jre/lib/amd64/libverify.so
7f5a0f873000-7f5a0f87a000 r-xp 00000000 fc:01 1919                       /lib/x86_64-linux-gnu/librt-2.24.so
7f5a0f87a000-7f5a0fa79000 ---p 00007000 fc:01 1919                       /lib/x86_64-linux-gnu/librt-2.24.so
7f5a0fa79000-7f5a0fa7a000 r--p 00006000 fc:01 1919                       /lib/x86_64-linux-gnu/librt-2.24.so
7f5a0fa7a000-7f5a0fa7b000 rw-p 00007000 fc:01 1919                       /lib/x86_64-linux-gnu/librt-2.24.so
7f5a0fa7b000-7f5a0fa91000 r-xp 00000000 fc:01 1930                       /lib/x86_64-linux-gnu/libgcc_s.so.1
7f5a0fa91000-7f5a0fc90000 ---p 00016000 fc:01 1930                       /lib/x86_64-linux-gnu/libgcc_s.so.1
7f5a0fc90000-7f5a0fc91000 r--p 00015000 fc:01 1930                       /lib/x86_64-linux-gnu/libgcc_s.so.1
7f5a0fc91000-7f5a0fc92000 rw-p 00016000 fc:01 1930                       /lib/x86_64-linux-gnu/libgcc_s.so.1
7f5a0fc92000-7f5a0fd9a000 r-xp 00000000 fc:01 1906                       /lib/x86_64-linux-gnu/libm-2.24.so
7f5a0fd9a000-7f5a0ff99000 ---p 00108000 fc:01 1906                       /lib/x86_64-linux-gnu/libm-2.24.so
7f5a0ff99000-7f5a0ff9a000 r--p 00107000 fc:01 1906                       /lib/x86_64-linux-gnu/libm-2.24.so
7f5a0ff9a000-7f5a0ff9b000 rw-p 00108000 fc:01 1906                       /lib/x86_64-linux-gnu/libm-2.24.so
7f5a0ff9b000-7f5a10113000 r-xp 00000000 fc:01 6484                       /usr/lib/x86_64-linux-gnu/libstdc++.so.6.0.22
7f5a10113000-7f5a10313000 ---p 00178000 fc:01 6484                       /usr/lib/x86_64-linux-gnu/libstdc++.so.6.0.22
7f5a10313000-7f5a1031d000 r--p 00178000 fc:01 6484                       /usr/lib/x86_64-linux-gnu/libstdc++.so.6.0.22
7f5a1031d000-7f5a1031f000 rw-p 00182000 fc:01 6484                       /usr/lib/x86_64-linux-gnu/libstdc++.so.6.0.22
7f5a1031f000-7f5a10323000 rw-p 00000000 00:00 0 
7f5a10323000-7f5a10f78000 r-xp 00000000 fc:01 531042                     /usr/lib/jvm/java-8-openjdk-amd64/jre/lib/amd64/server/libjvm.so
7f5a10f78000-7f5a11178000 ---p 00c55000 fc:01 531042                     /usr/lib/jvm/java-8-openjdk-amd64/jre/lib/amd64/server/libjvm.so
7f5a11178000-7f5a1120b000 r--p 00c55000 fc:01 531042                     /usr/lib/jvm/java-8-openjdk-amd64/jre/lib/amd64/server/libjvm.so
7f5a1120b000-7f5a11234000 rw-p 00ce8000 fc:01 531042                     /usr/lib/jvm/java-8-openjdk-amd64/jre/lib/amd64/server/libjvm.so
7f5a11234000-7f5a11264000 rw-p 00000000 00:00 0 
7f5a11264000-7f5a1127c000 r-xp 00000000 fc:01 1917                       /lib/x86_64-linux-gnu/libpthread-2.24.so
7f5a1127c000-7f5a1147c000 ---p 00018000 fc:01 1917                       /lib/x86_64-linux-gnu/libpthread-2.24.so
7f5a1147c000-7f5a1147d000 r--p 00018000 fc:01 1917                       /lib/x86_64-linux-gnu/libpthread-2.24.so
7f5a1147d000-7f5a1147e000 rw-p 00019000 fc:01 1917                       /lib/x86_64-linux-gnu/libpthread-2.24.so
7f5a1147e000-7f5a11482000 rw-p 00000000 00:00 0 
7f5a11482000-7f5a11485000 r-xp 00000000 fc:01 1905                       /lib/x86_64-linux-gnu/libdl-2.24.so
7f5a11485000-7f5a11684000 ---p 00003000 fc:01 1905                       /lib/x86_64-linux-gnu/libdl-2.24.so
7f5a11684000-7f5a11685000 r--p 00002000 fc:01 1905                       /lib/x86_64-linux-gnu/libdl-2.24.so
7f5a11685000-7f5a11686000 rw-p 00003000 fc:01 1905                       /lib/x86_64-linux-gnu/libdl-2.24.so
7f5a11686000-7f5a1169f000 r-xp 00000000 fc:01 2025                       /lib/x86_64-linux-gnu/libz.so.1.2.8
7f5a1169f000-7f5a1189e000 ---p 00019000 fc:01 2025                       /lib/x86_64-linux-gnu/libz.so.1.2.8
7f5a1189e000-7f5a1189f000 r--p 00018000 fc:01 2025                       /lib/x86_64-linux-gnu/libz.so.1.2.8
7f5a1189f000-7f5a118a0000 rw-p 00019000 fc:01 2025                       /lib/x86_64-linux-gnu/libz.so.1.2.8
7f5a118a0000-7f5a11a5d000 r-xp 00000000 fc:01 1902                       /lib/x86_64-linux-gnu/libc-2.24.so
7f5a11a5d000-7f5a11c5d000 ---p 001bd000 fc:01 1902                       /lib/x86_64-linux-gnu/libc-2.24.so
7f5a11c5d000-7f5a11c61000 r--p 001bd000 fc:01 1902                       /lib/x86_64-linux-gnu/libc-2.24.so
7f5a11c61000-7f5a11c63000 rw-p 001c1000 fc:01 1902                       /lib/x86_64-linux-gnu/libc-2.24.so
7f5a11c63000-7f5a11c67000 rw-p 00000000 00:00 0 
7f5a11c67000-7f5a11c74000 r-xp 00000000 fc:01 531006                     /usr/lib/jvm/java-8-openjdk-amd64/jre/lib/amd64/jli/libjli.so
7f5a11c74000-7f5a11e74000 ---p 0000d000 fc:01 531006                     /usr/lib/jvm/java-8-openjdk-amd64/jre/lib/amd64/jli/libjli.so
7f5a11e74000-7f5a11e75000 r--p 0000d000 fc:01 531006                     /usr/lib/jvm/java-8-openjdk-amd64/jre/lib/amd64/jli/libjli.so
7f5a11e75000-7f5a11e76000 rw-p 0000e000 fc:01 531006                     /usr/lib/jvm/java-8-openjdk-amd64/jre/lib/amd64/jli/libjli.so
7f5a11e76000-7f5a11e9b000 r-xp 00000000 fc:01 1898                       /lib/x86_64-linux-gnu/ld-2.24.so
7f5a11e9d000-7f5a11e9e000 r--s 00010000 fc:01 531062                     /usr/lib/jvm/java-8-openjdk-amd64/jre/lib/ext/zipfs.jar
7f5a11e9e000-7f5a11ea0000 r--s 00008000 fc:01 531059                     /usr/lib/jvm/java-8-openjdk-amd64/jre/lib/ext/sunec.jar
7f5a11ea0000-7f5a11ea5000 r--s 0003b000 fc:01 531060                     /usr/lib/jvm/java-8-openjdk-amd64/jre/lib/ext/sunjce_provider.jar
7f5a11ea5000-7f5a11ea8000 r--s 0000f000 fc:01 531055                     /usr/lib/jvm/java-8-openjdk-amd64/jre/lib/ext/icedtea-sound.jar
7f5a11ea8000-7f5a11eaa000 r--s 00001000 fc:01 531054                     /usr/lib/jvm/java-8-openjdk-amd64/jre/lib/ext/dnsns.jar
7f5a11eaa000-7f5a11eae000 r--s 00037000 fc:01 531061                     /usr/lib/jvm/java-8-openjdk-amd64/jre/lib/ext/sunpkcs11.jar
7f5a11eae000-7f5a11eeb000 rw-p 00000000 00:00 0 
7f5a11eeb000-7f5a11f87000 ---p 00000000 00:00 0 
7f5a11f87000-7f5a11f8a000 ---p 00000000 00:00 0 
7f5a11f8a000-7f5a1208c000 rw-p 00000000 00:00 0 
7f5a1208c000-7f5a1208d000 r--s 0000a000 fc:01 531056                     /usr/lib/jvm/java-8-openjdk-amd64/jre/lib/ext/jaccess.jar
7f5a1208d000-7f5a12095000 rw-s 00000000 fc:01 68608                      /tmp/hsperfdata_root/4693
7f5a12095000-7f5a12096000 rw-p 00000000 00:00 0 
7f5a12096000-7f5a12097000 ---p 00000000 00:00 0 
7f5a12097000-7f5a1209a000 rw-p 00000000 00:00 0 
7f5a1209a000-7f5a1209b000 r--p 00024000 fc:01 1898                       /lib/x86_64-linux-gnu/ld-2.24.so
7f5a1209b000-7f5a1209c000 rw-p 00025000 fc:01 1898                       /lib/x86_64-linux-gnu/ld-2.24.so
7f5a1209c000-7f5a1209d000 rw-p 00000000 00:00 0 
7ffe3cf2c000-7ffe3cf4d000 rw-p 00000000 00:00 0                          [stack]
7ffe3cfb0000-7ffe3cfb2000 r--p 00000000 00:00 0                          [vvar]
7ffe3cfb2000-7ffe3cfb4000 r-xp 00000000 00:00 0                          [vdso]
ffffffffff600000-ffffffffff601000 r-xp 00000000 00:00 0                  [vsyscall]

VM Arguments:
jvm_args: -Djava.awt.headless=true -Dfile.encoding=UTF-8 -Duser.country=US -Duser.language=en -Duser.variant 
java_command: com.android.multidex.ClassReferenceListBuilder /daryl/platforms/android/build/intermediates/multi-dex/armv7/debug/componentClasses.jar /daryl/platforms/android/build/intermediates/transforms/jarMerging/armv7/debug/jars/1/1f/combined.jar
java_class_path (initial): /root/androidsdk/build-tools/25.0.2/lib/dx.jar
Launcher Type: SUN_STANDARD

Environment Variables:
JAVA_HOME=/usr/lib/jvm/java-8-openjdk-amd64/
PATH=/usr/local/sbin:/usr/local/bin:/usr/sbin:/usr/bin:/sbin:/bin:/usr/games:/usr/local/games:/root/androidsdk:/root/androidsdk/tools:/root/androidsdk/platform-tools
USERNAME=root
SHELL=/bin/bash

Signal Handlers:
SIGSEGV: [libjvm.so+0xa6c900], sa_mask[0]=11111111011111111101111111111110, sa_flags=SA_RESTART|SA_SIGINFO
SIGBUS: [libjvm.so+0xa6c900], sa_mask[0]=11111111011111111101111111111110, sa_flags=SA_RESTART|SA_SIGINFO
SIGFPE: [libjvm.so+0x8b6400], sa_mask[0]=11111111011111111101111111111110, sa_flags=SA_RESTART|SA_SIGINFO
SIGPIPE: [libjvm.so+0x8b6400], sa_mask[0]=11111111011111111101111111111110, sa_flags=SA_RESTART|SA_SIGINFO
SIGXFSZ: [libjvm.so+0x8b6400], sa_mask[0]=11111111011111111101111111111110, sa_flags=SA_RESTART|SA_SIGINFO
SIGILL: [libjvm.so+0x8b6400], sa_mask[0]=11111111011111111101111111111110, sa_flags=SA_RESTART|SA_SIGINFO
SIGUSR1: SIG_DFL, sa_mask[0]=00000000000000000000000000000000, sa_flags=none
SIGUSR2: [libjvm.so+0x8b62b0], sa_mask[0]=00100000000000000000000000000000, sa_flags=SA_RESTART|SA_SIGINFO
SIGHUP: [libjvm.so+0x8b6760], sa_mask[0]=11111111011111111101111111111110, sa_flags=SA_RESTART|SA_SIGINFO
SIGINT: [libjvm.so+0x8b6760], sa_mask[0]=11111111011111111101111111111110, sa_flags=SA_RESTART|SA_SIGINFO
SIGTERM: [libjvm.so+0x8b6760], sa_mask[0]=11111111011111111101111111111110, sa_flags=SA_RESTART|SA_SIGINFO
SIGQUIT: [libjvm.so+0x8b6760], sa_mask[0]=11111111011111111101111111111110, sa_flags=SA_RESTART|SA_SIGINFO


---------------  S Y S T E M  ---------------

OS:DISTRIB_ID=Ubuntu
DISTRIB_RELEASE=16.10
DISTRIB_CODENAME=yakkety
DISTRIB_DESCRIPTION="Ubuntu 16.10"

uname:Linux 4.8.0-39-generic #42-Ubuntu SMP Mon Feb 20 11:47:27 UTC 2017 x86_64
libc:glibc 2.24 NPTL 2.24 
rlimit: STACK 8192k, CORE 0k, NPROC 7922, NOFILE 65536, AS infinity
load average:1.41 0.64 0.27

/proc/meminfo:
MemTotal:        2047808 kB
MemFree:           60936 kB
MemAvailable:       1692 kB
Buffers:            1004 kB
Cached:            18340 kB
SwapCached:            0 kB
Active:          1879888 kB
Inactive:          10864 kB
Active(anon):    1874384 kB
Inactive(anon):     5420 kB
Active(file):       5504 kB
Inactive(file):     5444 kB
Unevictable:        3648 kB
Mlocked:            3648 kB
SwapTotal:             0 kB
SwapFree:              0 kB
Dirty:               152 kB
Writeback:             0 kB
AnonPages:       1875064 kB
Mapped:            12840 kB
Shmem:              5976 kB
Slab:              57064 kB
SReclaimable:      21424 kB
SUnreclaim:        35640 kB
KernelStack:        5808 kB
PageTables:        12376 kB
NFS_Unstable:          0 kB
Bounce:                0 kB
WritebackTmp:          0 kB
CommitLimit:     1023904 kB
Committed_AS:    3311024 kB
VmallocTotal:   34359738367 kB
VmallocUsed:           0 kB
VmallocChunk:          0 kB
HardwareCorrupted:     0 kB
AnonHugePages:    661504 kB
ShmemHugePages:        0 kB
ShmemPmdMapped:        0 kB
CmaTotal:              0 kB
CmaFree:               0 kB
HugePages_Total:       0
HugePages_Free:        0
HugePages_Rsvd:        0
HugePages_Surp:        0
Hugepagesize:       2048 kB
DirectMap4k:       63480 kB
DirectMap2M:     2033664 kB
DirectMap1G:           0 kB


CPU:total 2 (1 cores per cpu, 1 threads per core) family 6 model 62 stepping 4, cmov, cx8, fxsr, mmx, sse, sse2, sse3, ssse3, sse4.1, sse4.2, popcnt, avx, aes, clmul, erms, tsc

/proc/cpuinfo:
processor	: 0
vendor_id	: GenuineIntel
cpu family	: 6
model		: 62
model name	: Intel(R) Xeon(R) CPU E5-2630L v2 @ 2.40GHz
stepping	: 4
microcode	: 0x1
cpu MHz		: 2399.998
cache size	: 15360 KB
physical id	: 0
siblings	: 1
core id		: 0
cpu cores	: 1
apicid		: 0
initial apicid	: 0
fpu		: yes
fpu_exception	: yes
cpuid level	: 13
wp		: yes
flags		: fpu vme de pse tsc msr pae mce cx8 apic sep mtrr pge mca cmov pat pse36 clflush mmx fxsr sse sse2 ss syscall nx pdpe1gb rdtscp lm constant_tsc arch_perfmon rep_good nopl eagerfpu pni pclmulqdq vmx ssse3 cx16 pcid sse4_1 sse4_2 x2apic popcnt tsc_deadline_timer aes xsave avx f16c rdrand hypervisor lahf_lm vnmi ept fsgsbase tsc_adjust smep erms xsaveopt arat
bugs		:
bogomips	: 4799.99
clflush size	: 64
cache_alignment	: 64
address sizes	: 40 bits physical, 48 bits virtual
power management:

processor	: 1
vendor_id	: GenuineIntel
cpu family	: 6
model		: 62
model name	: Intel(R) Xeon(R) CPU E5-2630L v2 @ 2.40GHz
stepping	: 4
microcode	: 0x1
cpu MHz		: 2399.998
cache size	: 15360 KB
physical id	: 1
siblings	: 1
core id		: 0
cpu cores	: 1
apicid		: 1
initial apicid	: 1
fpu		: yes
fpu_exception	: yes
cpuid level	: 13
wp		: yes
flags		: fpu vme de pse tsc msr pae mce cx8 apic sep mtrr pge mca cmov pat pse36 clflush mmx fxsr sse sse2 ss syscall nx pdpe1gb rdtscp lm constant_tsc arch_perfmon rep_good nopl eagerfpu pni pclmulqdq vmx ssse3 cx16 pcid sse4_1 sse4_2 x2apic popcnt tsc_deadline_timer aes xsave avx f16c rdrand hypervisor lahf_lm vnmi ept fsgsbase tsc_adjust smep erms xsaveopt arat
bugs		:
bogomips	: 4799.99
clflush size	: 64
cache_alignment	: 64
address sizes	: 40 bits physical, 48 bits virtual
power management:



Memory: 4k page, physical 2047808k(60936k free), swap 0k(0k free)

vm_info: OpenJDK 64-Bit Server VM (25.121-b13) for linux-amd64 JRE (1.8.0_121-8u121-b13-0ubuntu1.16.10.2-b13), built on Jan 23 2017 11:22:24 by "buildd" with gcc 6.2.0 20161005

time: Tue Mar  7 11:53:29 2017
elapsed time: 1 seconds (0d 0h 0m 1s)

