#
# There is insufficient memory for the Java Runtime Environment to continue.
# Native memory allocation (mmap) failed to map 22020096 bytes for committing reserved memory.
# Possible reasons:
#   The system is out of physical RAM or swap space
#   In 32 bit mode, the process size limit was hit
# Possible solutions:
#   Reduce memory load on the system
#   Increase physical memory or swap space
#   Check if swap backing store is full
#   Use 64 bit Java on a 64 bit OS
#   Decrease Java heap size (-Xmx/-Xms)
#   Decrease number of Java threads
#   Decrease Java thread stack sizes (-Xss)
#   Set larger code cache with -XX:ReservedCodeCacheSize=
# This output file may be truncated or incomplete.
#
#  Out of Memory Error (os_linux.cpp:2630), pid=7323, tid=0x00007fce7ffff700
#
# JRE version: OpenJDK Runtime Environment (8.0_121-b13) (build 1.8.0_121-8u121-b13-0ubuntu1.16.10.2-b13)
# Java VM: OpenJDK 64-Bit Server VM (25.121-b13 mixed mode linux-amd64 compressed oops)
# Failed to write core dump. Core dumps have been disabled. To enable core dumping, try "ulimit -c unlimited" before starting Java again
#

---------------  T H R E A D  ---------------

Current thread (0x00007fce9c073800):  VMThread [stack: 0x00007fce7feff000,0x00007fce80000000] [id=7330]

Stack: [0x00007fce7feff000,0x00007fce80000000],  sp=0x00007fce7fffe4b0,  free space=1021k
Native frames: (J=compiled Java code, j=interpreted, Vv=VM code, C=native code)
V  [libjvm.so+0xa6be70]  VMError::report_and_die()+0x160
V  [libjvm.so+0x4c52fc]  report_vm_out_of_memory(char const*, int, unsigned long, VMErrorType, char const*)+0xac
V  [libjvm.so+0x8babe0]  os::pd_commit_memory(char*, unsigned long, unsigned long, bool)+0xf0
V  [libjvm.so+0x8b526e]  os::commit_memory(char*, unsigned long, unsigned long, bool)+0x2e
V  [libjvm.so+0x92fc6e]  PSVirtualSpace::expand_by(unsigned long)+0x4e
V  [libjvm.so+0x930ff3]  PSYoungGen::resize(unsigned long, unsigned long)+0x103
V  [libjvm.so+0x92d643]  PSScavenge::invoke_no_policy()+0x1503
V  [libjvm.so+0x92d8ec]  PSScavenge::invoke()+0x4c
V  [libjvm.so+0x8df273]  ParallelScavengeHeap::failed_mem_allocate(unsigned long)+0x63
V  [libjvm.so+0xa6dae2]  VM_ParallelGCFailedAllocation::doit()+0x92
V  [libjvm.so+0xa72c57]  VM_Operation::evaluate()+0x47
V  [libjvm.so+0xa703e7]  VMThread::evaluate_operation(VM_Operation*) [clone .constprop.30]+0xe7
V  [libjvm.so+0xa71866]  VMThread::loop()+0x246
V  [libjvm.so+0xa71d61]  VMThread::run()+0x81
V  [libjvm.so+0x8b8172]  java_start(Thread*)+0xf2

VM_Operation (0x00007fce7e274d80): ParallelGCFailedAllocation, mode: safepoint, requested by thread 0x00007fce5400f800


---------------  P R O C E S S  ---------------

Java Threads: ( => current thread )
  0x00007fce74039800 JavaThread "pool-20-thread-1" [_thread_blocked, id=8341, stack(0x00007fce4f6ff000,0x00007fce4f800000)]
  0x00007fce74058000 JavaThread "Stdin handler" [_thread_blocked, id=8338, stack(0x00007fce7de75000,0x00007fce7df76000)]
  0x00007fce74001800 JavaThread "Asynchronous log dispatcher for org.gradle.launcher.daemon.server.DefaultDaemonConnection@7a4a92ea" [_thread_blocked, id=8337, stack(0x00007fce7df76000,0x00007fce7e077000)]
  0x00007fce5400f800 JavaThread "Daemon worker Thread 5" [_thread_blocked, id=8336, stack(0x00007fce7e178000,0x00007fce7e279000)]
  0x00007fce54003800 JavaThread "Cancel handler" [_thread_blocked, id=8335, stack(0x00007fce7e279000,0x00007fce7e37a000)]
  0x00007fce54011800 JavaThread "Handler for socket connection from /127.0.0.1:41589 to /127.0.0.1:56404" [_thread_in_native, id=8334, stack(0x00007fce7e077000,0x00007fce7e178000)]
  0x00007fce5c016000 JavaThread "Daemon Thread 5" [_thread_blocked, id=8333, stack(0x00007fce7e37a000,0x00007fce7e47b000)]
  0x00007fce484f9000 JavaThread "pool-8-thread-3" [_thread_blocked, id=7564, stack(0x00007fce4cddf000,0x00007fce4cee0000)]
  0x00007fce80054000 JavaThread "pool-8-thread-2" [_thread_blocked, id=7553, stack(0x00007fce4d6cb000,0x00007fce4d7cc000)]
  0x00007fce7803b000 JavaThread "pool-8-thread-1" [_thread_blocked, id=7552, stack(0x00007fce4e512000,0x00007fce4e613000)]
  0x00007fce48448000 JavaThread "File lock request listener" [_thread_in_native, id=7350, stack(0x00007fce7d0c1000,0x00007fce7d1c2000)]
  0x00007fce9cbe5000 JavaThread "pool-1-thread-1" [_thread_blocked, id=7339, stack(0x00007fce7e47b000,0x00007fce7e57c000)]
  0x00007fce9cb88800 JavaThread "Incoming local TCP Connector on port 41589" [_thread_in_native, id=7338, stack(0x00007fce7e783000,0x00007fce7e884000)]
  0x00007fce9c0ae800 JavaThread "Service Thread" daemon [_thread_blocked, id=7336, stack(0x00007fce7f761000,0x00007fce7f862000)]
  0x00007fce9c0ab800 JavaThread "C1 CompilerThread1" daemon [_thread_blocked, id=7335, stack(0x00007fce7f862000,0x00007fce7f963000)]
  0x00007fce9c0a9000 JavaThread "C2 CompilerThread0" daemon [_thread_blocked, id=7334, stack(0x00007fce7f963000,0x00007fce7fa64000)]
  0x00007fce9c0a6800 JavaThread "Signal Dispatcher" daemon [_thread_blocked, id=7333, stack(0x00007fce7fa64000,0x00007fce7fb65000)]
  0x00007fce9c07f800 JavaThread "Finalizer" daemon [_thread_blocked, id=7332, stack(0x00007fce7fcfd000,0x00007fce7fdfe000)]
  0x00007fce9c07b000 JavaThread "Reference Handler" daemon [_thread_blocked, id=7331, stack(0x00007fce7fdfe000,0x00007fce7feff000)]
  0x00007fce9c00a000 JavaThread "main" [_thread_blocked, id=7325, stack(0x00007fcea4b9a000,0x00007fcea4c9b000)]

Other Threads:
=>0x00007fce9c073800 VMThread [stack: 0x00007fce7feff000,0x00007fce80000000] [id=7330]
  0x00007fce9c0b5800 WatcherThread [stack: 0x00007fce7f660000,0x00007fce7f761000] [id=7337]

VM state:at safepoint (normal execution)

VM Mutex/Monitor currently owned by a thread:  ([mutex/lock_event])
[0x00007fce9c0064c0] Threads_lock - owner thread: 0x00007fce9c073800
[0x00007fce9c0069c0] Heap_lock - owner thread: 0x00007fce5400f800

Heap:
 PSYoungGen      total 622080K, used 39803K [0x00000000d5580000, 0x00000000feb00000, 0x0000000100000000)
  eden space 573952K, 0% used [0x00000000d5580000,0x00000000d5580000,0x00000000f8600000)
  from space 48128K, 82% used [0x00000000fbc00000,0x00000000fe2decf0,0x00000000feb00000)
  to   space 49664K, 0% used [0x00000000f8600000,0x00000000f8600000,0x00000000fb680000)
 ParOldGen       total 120320K, used 33422K [0x0000000080000000, 0x0000000087580000, 0x00000000d5580000)
  object space 120320K, 27% used [0x0000000080000000,0x00000000820a3958,0x0000000087580000)
 Metaspace       used 66909K, capacity 69172K, committed 69656K, reserved 1110016K
  class space    used 8386K, capacity 8863K, committed 9000K, reserved 1048576K

Card table byte_map: [0x00007fcea0e3c000,0x00007fcea123d000] byte_map_base: 0x00007fcea0a3c000

Marking Bits: (ParMarkBitMap*) 0x00007fcea3e5a220
 Begin Bits: [0x00007fce84000000, 0x00007fce86000000)
 End Bits:   [0x00007fce86000000, 0x00007fce88000000)

Polling page: 0x00007fcea4ca9000

CodeCache: size=245760Kb used=37186Kb max_used=37268Kb free=208573Kb
 bounds [0x00007fce8d000000, 0x00007fce8f4a0000, 0x00007fce9c000000]
 total_blobs=12990 nmethods=12238 adapters=664
 compilation: enabled

Compilation events (10 events):
Event: 3470.809 Thread 0x00007fce9c0a9000 15635       4       com.google.common.base.Functions$FunctionComposition::apply (20 bytes)
Event: 3470.811 Thread 0x00007fce9c0a9000 nmethod 15635 0x00007fce8d172990 code [0x00007fce8d172b00, 0x00007fce8d172c38]
Event: 3470.816 Thread 0x00007fce9c0a9000 15637       4       com.android.builder.internal.packaging.PackagedFileUpdate$3::apply (9 bytes)
Event: 3470.817 Thread 0x00007fce9c0a9000 nmethod 15637 0x00007fce8d14e8d0 code [0x00007fce8d14ea20, 0x00007fce8d14eab8]
Event: 3470.819 Thread 0x00007fce9c0a9000 15631       4       sun.util.calendar.BaseCalendar::getGregorianYearFromFixedDate (201 bytes)
Event: 3470.820 Thread 0x00007fce9c0a9000 nmethod 15631 0x00007fce8d48ef90 code [0x00007fce8d48f0e0, 0x00007fce8d48f278]
Event: 3470.823 Thread 0x00007fce9c0a9000 15632   !   4       com.google.common.util.concurrent.Uninterruptibles::getUninterruptibly (40 bytes)
Event: 3470.827 Thread 0x00007fce9c0a9000 nmethod 15632 0x00007fce8f47a390 code [0x00007fce8f47a520, 0x00007fce8f47a828]
Event: 3470.830 Thread 0x00007fce9c0a9000 15658       4       java.util.TreeMap::keyOrNull (13 bytes)
Event: 3470.831 Thread 0x00007fce9c0a9000 nmethod 15658 0x00007fce8d6c8810 code [0x00007fce8d6c8940, 0x00007fce8d6c8998]

GC Heap History (10 events):
Event: 1033.006 GC heap after
Heap after GC invocations=31 (full 7):
 PSYoungGen      total 505856K, used 0K [0x00000000d5580000, 0x00000000f6e00000, 0x0000000100000000)
  eden space 465408K, 0% used [0x00000000d5580000,0x00000000d5580000,0x00000000f1c00000)
  from space 40448K, 0% used [0x00000000f4680000,0x00000000f4680000,0x00000000f6e00000)
  to   space 41984K, 0% used [0x00000000f1c00000,0x00000000f1c00000,0x00000000f4500000)
 ParOldGen       total 120320K, used 37310K [0x0000000080000000, 0x0000000087580000, 0x00000000d5580000)
  object space 120320K, 31% used [0x0000000080000000,0x000000008246f8b0,0x0000000087580000)
 Metaspace       used 66216K, capacity 68264K, committed 68504K, reserved 1110016K
  class space    used 8358K, capacity 8815K, committed 8872K, reserved 1048576K
}
Event: 2534.261 GC heap before
{Heap before GC invocations=32 (full 7):
 PSYoungGen      total 505856K, used 465105K [0x00000000d5580000, 0x00000000f6e00000, 0x0000000100000000)
  eden space 465408K, 99% used [0x00000000d5580000,0x00000000f1bb4630,0x00000000f1c00000)
  from space 40448K, 0% used [0x00000000f4680000,0x00000000f4680000,0x00000000f6e00000)
  to   space 41984K, 0% used [0x00000000f1c00000,0x00000000f1c00000,0x00000000f4500000)
 ParOldGen       total 120320K, used 37310K [0x0000000080000000, 0x0000000087580000, 0x00000000d5580000)
  object space 120320K, 31% used [0x0000000080000000,0x000000008246f8b0,0x0000000087580000)
 Metaspace       used 66823K, capacity 69246K, committed 69400K, reserved 1110016K
  class space    used 8412K, capacity 8914K, committed 9000K, reserved 1048576K
Event: 2534.576 GC heap after
Heap after GC invocations=32 (full 7):
 PSYoungGen      total 507392K, used 41968K [0x00000000d5580000, 0x00000000fe880000, 0x0000000100000000)
  eden space 465408K, 0% used [0x00000000d5580000,0x00000000d5580000,0x00000000f1c00000)
  from space 41984K, 99% used [0x00000000f1c00000,0x00000000f44fc168,0x00000000f4500000)
  to   space 51200K, 0% used [0x00000000fb680000,0x00000000fb680000,0x00000000fe880000)
 ParOldGen       total 120320K, used 38747K [0x0000000080000000, 0x0000000087580000, 0x00000000d5580000)
  object space 120320K, 32% used [0x0000000080000000,0x00000000825d6f50,0x0000000087580000)
 Metaspace       used 66823K, capacity 69246K, committed 69400K, reserved 1110016K
  class space    used 8412K, capacity 8914K, committed 9000K, reserved 1048576K
}
Event: 2535.050 GC heap before
{Heap before GC invocations=33 (full 7):
 PSYoungGen      total 507392K, used 506612K [0x00000000d5580000, 0x00000000fe880000, 0x0000000100000000)
  eden space 465408K, 99% used [0x00000000d5580000,0x00000000f1b410c0,0x00000000f1c00000)
  from space 41984K, 99% used [0x00000000f1c00000,0x00000000f44fc168,0x00000000f4500000)
  to   space 51200K, 0% used [0x00000000fb680000,0x00000000fb680000,0x00000000fe880000)
 ParOldGen       total 120320K, used 38747K [0x0000000080000000, 0x0000000087580000, 0x00000000d5580000)
  object space 120320K, 32% used [0x0000000080000000,0x00000000825d6f50,0x0000000087580000)
 Metaspace       used 66823K, capacity 69246K, committed 69400K, reserved 1110016K
  class space    used 8412K, capacity 8914K, committed 9000K, reserved 1048576K
Event: 2535.097 GC heap after
Heap after GC invocations=33 (full 7):
 PSYoungGen      total 625152K, used 64K [0x00000000d5580000, 0x00000000fee00000, 0x0000000100000000)
  eden space 573952K, 0% used [0x00000000d5580000,0x00000000d5580000,0x00000000f8600000)
  from space 51200K, 0% used [0x00000000fb680000,0x00000000fb690000,0x00000000fe880000)
  to   space 49664K, 0% used [0x00000000f8600000,0x00000000f8600000,0x00000000fb680000)
 ParOldGen       total 120320K, used 49205K [0x0000000080000000, 0x0000000087580000, 0x00000000d5580000)
  object space 120320K, 40% used [0x0000000080000000,0x000000008300d538,0x0000000087580000)
 Metaspace       used 66823K, capacity 69246K, committed 69400K, reserved 1110016K
  class space    used 8412K, capacity 8914K, committed 9000K, reserved 1048576K
}
Event: 2535.622 GC heap before
{Heap before GC invocations=34 (full 7):
 PSYoungGen      total 625152K, used 177484K [0x00000000d5580000, 0x00000000fee00000, 0x0000000100000000)
  eden space 573952K, 30% used [0x00000000d5580000,0x00000000e02c30e0,0x00000000f8600000)
  from space 51200K, 0% used [0x00000000fb680000,0x00000000fb690000,0x00000000fe880000)
  to   space 49664K, 0% used [0x00000000f8600000,0x00000000f8600000,0x00000000fb680000)
 ParOldGen       total 120320K, used 49205K [0x0000000080000000, 0x0000000087580000, 0x00000000d5580000)
  object space 120320K, 40% used [0x0000000080000000,0x000000008300d538,0x0000000087580000)
 Metaspace       used 66837K, capacity 69246K, committed 69400K, reserved 1110016K
  class space    used 8412K, capacity 8914K, committed 9000K, reserved 1048576K
Event: 2535.630 GC heap after
Heap after GC invocations=34 (full 7):
 PSYoungGen      total 623616K, used 238K [0x00000000d5580000, 0x00000000feb00000, 0x0000000100000000)
  eden space 573952K, 0% used [0x00000000d5580000,0x00000000d5580000,0x00000000f8600000)
  from space 49664K, 0% used [0x00000000f8600000,0x00000000f863b920,0x00000000fb680000)
  to   space 48128K, 0% used [0x00000000fbc00000,0x00000000fbc00000,0x00000000feb00000)
 ParOldGen       total 120320K, used 49245K [0x0000000080000000, 0x0000000087580000, 0x00000000d5580000)
  object space 120320K, 40% used [0x0000000080000000,0x0000000083017538,0x0000000087580000)
 Metaspace       used 66837K, capacity 69246K, committed 69400K, reserved 1110016K
  class space    used 8412K, capacity 8914K, committed 9000K, reserved 1048576K
}
Event: 2535.630 GC heap before
{Heap before GC invocations=35 (full 8):
 PSYoungGen      total 623616K, used 238K [0x00000000d5580000, 0x00000000feb00000, 0x0000000100000000)
  eden space 573952K, 0% used [0x00000000d5580000,0x00000000d5580000,0x00000000f8600000)
  from space 49664K, 0% used [0x00000000f8600000,0x00000000f863b920,0x00000000fb680000)
  to   space 48128K, 0% used [0x00000000fbc00000,0x00000000fbc00000,0x00000000feb00000)
 ParOldGen       total 120320K, used 49245K [0x0000000080000000, 0x0000000087580000, 0x00000000d5580000)
  object space 120320K, 40% used [0x0000000080000000,0x0000000083017538,0x0000000087580000)
 Metaspace       used 66837K, capacity 69246K, committed 69400K, reserved 1110016K
  class space    used 8412K, capacity 8914K, committed 9000K, reserved 1048576K
Event: 2536.238 GC heap after
Heap after GC invocations=35 (full 8):
 PSYoungGen      total 623616K, used 0K [0x00000000d5580000, 0x00000000feb00000, 0x0000000100000000)
  eden space 573952K, 0% used [0x00000000d5580000,0x00000000d5580000,0x00000000f8600000)
  from space 49664K, 0% used [0x00000000f8600000,0x00000000f8600000,0x00000000fb680000)
  to   space 48128K, 0% used [0x00000000fbc00000,0x00000000fbc00000,0x00000000feb00000)
 ParOldGen       total 120320K, used 33414K [0x0000000080000000, 0x0000000087580000, 0x00000000d5580000)
  object space 120320K, 27% used [0x0000000080000000,0x00000000820a1958,0x0000000087580000)
 Metaspace       used 66664K, capacity 68968K, committed 69400K, reserved 1110016K
  class space    used 8385K, capacity 8863K, committed 9000K, reserved 1048576K
}
Event: 3471.060 GC heap before
{Heap before GC invocations=36 (full 8):
 PSYoungGen      total 623616K, used 573220K [0x00000000d5580000, 0x00000000feb00000, 0x0000000100000000)
  eden space 573952K, 99% used [0x00000000d5580000,0x00000000f85493a8,0x00000000f8600000)
  from space 49664K, 0% used [0x00000000f8600000,0x00000000f8600000,0x00000000fb680000)
  to   space 48128K, 0% used [0x00000000fbc00000,0x00000000fbc00000,0x00000000feb00000)
 ParOldGen       total 120320K, used 33414K [0x0000000080000000, 0x0000000087580000, 0x00000000d5580000)
  object space 120320K, 27% used [0x0000000080000000,0x00000000820a1958,0x0000000087580000)
 Metaspace       used 66909K, capacity 69172K, committed 69656K, reserved 1110016K
  class space    used 8386K, capacity 8863K, committed 9000K, reserved 1048576K

Deoptimization events (10 events):
Event: 2530.938 Thread 0x00007fce5400f800 Uncommon trap: reason=array_check action=maybe_recompile pc=0x00007fce8f140900 method=java.util.TimSort.binarySort([Ljava/lang/Object;IIILjava/util/Comparator;)V @ 193
Event: 3468.993 Thread 0x00007fce5400f800 Uncommon trap: reason=class_check action=maybe_recompile pc=0x00007fce8d93bdf0 method=com.sun.org.apache.xerces.internal.dom.NamedNodeMapImpl.item(I)Lorg/w3c/dom/Node; @ 33
Event: 3468.993 Thread 0x00007fce5400f800 Uncommon trap: reason=class_check action=maybe_recompile pc=0x00007fce8d93bdf0 method=com.sun.org.apache.xerces.internal.dom.NamedNodeMapImpl.item(I)Lorg/w3c/dom/Node; @ 33
Event: 3468.993 Thread 0x00007fce5400f800 Uncommon trap: reason=class_check action=maybe_recompile pc=0x00007fce8d93bdf0 method=com.sun.org.apache.xerces.internal.dom.NamedNodeMapImpl.item(I)Lorg/w3c/dom/Node; @ 33
Event: 3468.994 Thread 0x00007fce5400f800 Uncommon trap: reason=class_check action=maybe_recompile pc=0x00007fce8d93bdf0 method=com.sun.org.apache.xerces.internal.dom.NamedNodeMapImpl.item(I)Lorg/w3c/dom/Node; @ 33
Event: 3469.229 Thread 0x00007fce5400f800 Uncommon trap: reason=array_check action=maybe_recompile pc=0x00007fce8f31dba0 method=java.util.TimSort.binarySort([Ljava/lang/Object;IIILjava/util/Comparator;)V @ 183
Event: 3469.255 Thread 0x00007fce5400f800 Uncommon trap: reason=array_check action=maybe_recompile pc=0x00007fce8f31dba0 method=java.util.TimSort.binarySort([Ljava/lang/Object;IIILjava/util/Comparator;)V @ 183
Event: 3469.287 Thread 0x00007fce5400f800 Uncommon trap: reason=array_check action=maybe_recompile pc=0x00007fce8f085f4c method=java.util.TimSort.binarySort([Ljava/lang/Object;IIILjava/util/Comparator;)V @ 215
Event: 3469.635 Thread 0x00007fce5400f800 Uncommon trap: reason=unstable_if action=reinterpret pc=0x00007fce8f400794 method=com.sun.org.apache.xml.internal.dtm.ref.dom2dtm.DOM2DTM.addNode(Lorg/w3c/dom/Node;III)I @ 334
Event: 3470.768 Thread 0x00007fce5400f800 Uncommon trap: reason=unstable_if action=reinterpret pc=0x00007fce8d74dd58 method=java.math.MutableBigInteger.add(Ljava/math/MutableBigInteger;)V @ 171

Internal exceptions (10 events):
Event: 3468.606 Thread 0x00007fce5400f800 Exception <a 'sun/nio/fs/UnixException'> (0x00000000d86d1eb0) thrown at [/build/openjdk-8-AbQ17_/openjdk-8-8u121-b13/src/hotspot/src/share/vm/prims/jni.cpp, line 709]
Event: 3468.611 Thread 0x00007fce5400f800 Exception <a 'sun/nio/fs/UnixException'> (0x00000000d86d6a58) thrown at [/build/openjdk-8-AbQ17_/openjdk-8-8u121-b13/src/hotspot/src/share/vm/prims/jni.cpp, line 709]
Event: 3468.611 Thread 0x00007fce5400f800 Exception <a 'sun/nio/fs/UnixException'> (0x00000000d86d7960) thrown at [/build/openjdk-8-AbQ17_/openjdk-8-8u121-b13/src/hotspot/src/share/vm/prims/jni.cpp, line 709]
Event: 3468.614 Thread 0x00007fce5400f800 Exception <a 'sun/nio/fs/UnixException'> (0x00000000d86d9d60) thrown at [/build/openjdk-8-AbQ17_/openjdk-8-8u121-b13/src/hotspot/src/share/vm/prims/jni.cpp, line 709]
Event: 3468.614 Thread 0x00007fce5400f800 Exception <a 'sun/nio/fs/UnixException'> (0x00000000d86dac40) thrown at [/build/openjdk-8-AbQ17_/openjdk-8-8u121-b13/src/hotspot/src/share/vm/prims/jni.cpp, line 709]
Event: 3468.620 Thread 0x00007fce5400f800 Exception <a 'sun/nio/fs/UnixException'> (0x00000000d86e0ab8) thrown at [/build/openjdk-8-AbQ17_/openjdk-8-8u121-b13/src/hotspot/src/share/vm/prims/jni.cpp, line 709]
Event: 3468.620 Thread 0x00007fce5400f800 Exception <a 'sun/nio/fs/UnixException'> (0x00000000d86e19a8) thrown at [/build/openjdk-8-AbQ17_/openjdk-8-8u121-b13/src/hotspot/src/share/vm/prims/jni.cpp, line 709]
Event: 3468.628 Thread 0x00007fce5400f800 Exception <a 'sun/nio/fs/UnixException'> (0x00000000d86ea8f0) thrown at [/build/openjdk-8-AbQ17_/openjdk-8-8u121-b13/src/hotspot/src/share/vm/prims/jni.cpp, line 709]
Event: 3468.629 Thread 0x00007fce5400f800 Exception <a 'sun/nio/fs/UnixException'> (0x00000000d86eb7b0) thrown at [/build/openjdk-8-AbQ17_/openjdk-8-8u121-b13/src/hotspot/src/share/vm/prims/jni.cpp, line 709]
Event: 3469.534 Thread 0x00007fce74039800 Exception <a 'sun/nio/fs/UnixException'> (0x00000000dacd4428) thrown at [/build/openjdk-8-AbQ17_/openjdk-8-8u121-b13/src/hotspot/src/share/vm/prims/jni.cpp, line 709]

Events (10 events):
Event: 3470.828 Thread 0x00007fce9c0a9000 flushing nmethod 0x00007fce8d8c3b90
Event: 3470.828 Thread 0x00007fce9c0a9000 flushing nmethod 0x00007fce8d8cc110
Event: 3470.828 Thread 0x00007fce9c0a9000 flushing nmethod 0x00007fce8d8dce10
Event: 3470.829 Thread 0x00007fce9c0a9000 flushing nmethod 0x00007fce8d91d8d0
Event: 3470.830 Thread 0x00007fce9c0a9000 flushing nmethod 0x00007fce8d987490
Event: 3470.831 Thread 0x00007fce9c0a9000 flushing nmethod 0x00007fce8d9d2150
Event: 3470.877 Executing VM operation: RevokeBias
Event: 3470.878 Executing VM operation: RevokeBias done
Event: 3470.878 Thread 0x00007fce74038000 Thread exited: 0x00007fce74038000
Event: 3471.060 Executing VM operation: ParallelGCFailedAllocation


Dynamic libraries:
80000000-87580000 rw-p 00000000 00:00 0 
87580000-d5580000 ---p 00000000 00:00 0 
d5580000-feb00000 rw-p 00000000 00:00 0 
100000000-1008ca000 rw-p 00000000 00:00 0 
1008ca000-140000000 ---p 00000000 00:00 0 
55ac89ec0000-55ac89ec1000 r-xp 00000000 fc:01 530993                     /usr/lib/jvm/java-8-openjdk-amd64/jre/bin/java
55ac8a0c0000-55ac8a0c1000 r--p 00000000 fc:01 530993                     /usr/lib/jvm/java-8-openjdk-amd64/jre/bin/java
55ac8a0c1000-55ac8a0c2000 rw-p 00001000 fc:01 530993                     /usr/lib/jvm/java-8-openjdk-amd64/jre/bin/java
55ac8b681000-55ac8b6c3000 rw-p 00000000 00:00 0                          [heap]
7fce2c000000-7fce2f5cb000 rw-p 00000000 00:00 0 
7fce2f5cb000-7fce30000000 ---p 00000000 00:00 0 
7fce34000000-7fce345fe000 rw-p 00000000 00:00 0 
7fce345fe000-7fce38000000 ---p 00000000 00:00 0 
7fce38000000-7fce3bff7000 rw-p 00000000 00:00 0 
7fce3bff7000-7fce3c000000 ---p 00000000 00:00 0 
7fce3c000000-7fce3ffff000 rw-p 00000000 00:00 0 
7fce3ffff000-7fce40000000 ---p 00000000 00:00 0 
7fce40000000-7fce416c1000 rw-p 00000000 00:00 0 
7fce416c1000-7fce44000000 ---p 00000000 00:00 0 
7fce44000000-7fce47ff8000 rw-p 00000000 00:00 0 
7fce47ff8000-7fce48000000 ---p 00000000 00:00 0 
7fce48000000-7fce4bffd000 rw-p 00000000 00:00 0 
7fce4bffd000-7fce4c000000 ---p 00000000 00:00 0 
7fce4c5df000-7fce4c71f000 rw-p 00000000 00:00 0 
7fce4c71f000-7fce4c7df000 ---p 00000000 00:00 0 
7fce4c7df000-7fce4c9df000 rw-p 00000000 00:00 0 
7fce4c9df000-7fce4cbdf000 rw-p 00000000 00:00 0 
7fce4cbdf000-7fce4cddf000 rw-p 00000000 00:00 0 
7fce4cddf000-7fce4cde2000 ---p 00000000 00:00 0 
7fce4cde2000-7fce4cee0000 rw-p 00000000 00:00 0 
7fce4cee0000-7fce4cee3000 ---p 00000000 00:00 0 
7fce4cee3000-7fce4cfe1000 rw-p 00000000 00:00 0 
7fce4cfe1000-7fce4cfe4000 ---p 00000000 00:00 0 
7fce4cfe4000-7fce4d01a000 rw-p 00000000 00:00 0 
7fce4d01a000-7fce4d01d000 ---p 00000000 00:00 0 
7fce4d01d000-7fce4d11b000 rw-p 00000000 00:00 0 
7fce4d11b000-7fce4d11e000 ---p 00000000 00:00 0 
7fce4d11e000-7fce4d21c000 rw-p 00000000 00:00 0 
7fce4d21c000-7fce4d21f000 ---p 00000000 00:00 0 
7fce4d21f000-7fce4d255000 rw-p 00000000 00:00 0 
7fce4d255000-7fce4d258000 ---p 00000000 00:00 0 
7fce4d258000-7fce4d356000 rw-p 00000000 00:00 0 
7fce4d356000-7fce4d359000 ---p 00000000 00:00 0 
7fce4d359000-7fce4d457000 rw-p 00000000 00:00 0 
7fce4d457000-7fce4d45a000 ---p 00000000 00:00 0 
7fce4d45a000-7fce4d490000 rw-p 00000000 00:00 0 
7fce4d490000-7fce4d493000 ---p 00000000 00:00 0 
7fce4d493000-7fce4d591000 rw-p 00000000 00:00 0 
7fce4d591000-7fce4d594000 ---p 00000000 00:00 0 
7fce4d594000-7fce4d692000 rw-p 00000000 00:00 0 
7fce4d692000-7fce4d695000 ---p 00000000 00:00 0 
7fce4d695000-7fce4d6cb000 rw-p 00000000 00:00 0 
7fce4d6cb000-7fce4d6ce000 ---p 00000000 00:00 0 
7fce4d6ce000-7fce4d7cc000 rw-p 00000000 00:00 0 
7fce4d7cc000-7fce4d7cf000 ---p 00000000 00:00 0 
7fce4d7cf000-7fce4d8cd000 rw-p 00000000 00:00 0 
7fce4d8cd000-7fce4d8d0000 ---p 00000000 00:00 0 
7fce4d8d0000-7fce4d906000 rw-p 00000000 00:00 0 
7fce4d906000-7fce4d909000 ---p 00000000 00:00 0 
7fce4d909000-7fce4da07000 rw-p 00000000 00:00 0 
7fce4da07000-7fce4da0a000 ---p 00000000 00:00 0 
7fce4da0a000-7fce4db08000 rw-p 00000000 00:00 0 
7fce4db08000-7fce4db0b000 ---p 00000000 00:00 0 
7fce4db0b000-7fce4dc09000 rw-p 00000000 00:00 0 
7fce4dc09000-7fce4dc0c000 ---p 00000000 00:00 0 
7fce4dc0c000-7fce4dd0a000 rw-p 00000000 00:00 0 
7fce4dd0a000-7fce4dd0d000 ---p 00000000 00:00 0 
7fce4dd0d000-7fce4de0b000 rw-p 00000000 00:00 0 
7fce4de0b000-7fce4de0e000 ---p 00000000 00:00 0 
7fce4de0e000-7fce4df0c000 rw-p 00000000 00:00 0 
7fce4df0c000-7fce4df0f000 ---p 00000000 00:00 0 
7fce4df0f000-7fce4e00d000 rw-p 00000000 00:00 0 
7fce4e00d000-7fce4e010000 ---p 00000000 00:00 0 
7fce4e010000-7fce4e10e000 rw-p 00000000 00:00 0 
7fce4e10e000-7fce4e111000 ---p 00000000 00:00 0 
7fce4e111000-7fce4e20f000 rw-p 00000000 00:00 0 
7fce4e20f000-7fce4e212000 ---p 00000000 00:00 0 
7fce4e212000-7fce4e310000 rw-p 00000000 00:00 0 
7fce4e310000-7fce4e313000 ---p 00000000 00:00 0 
7fce4e313000-7fce4e411000 rw-p 00000000 00:00 0 
7fce4e411000-7fce4e414000 ---p 00000000 00:00 0 
7fce4e414000-7fce4e512000 rw-p 00000000 00:00 0 
7fce4e512000-7fce4e515000 ---p 00000000 00:00 0 
7fce4e515000-7fce4e613000 rw-p 00000000 00:00 0 
7fce4e613000-7fce4e616000 ---p 00000000 00:00 0 
7fce4e616000-7fce4e714000 rw-p 00000000 00:00 0 
7fce4e714000-7fce4e717000 ---p 00000000 00:00 0 
7fce4e717000-7fce4e815000 rw-p 00000000 00:00 0 
7fce4e815000-7fce4e818000 ---p 00000000 00:00 0 
7fce4e818000-7fce4e84e000 rw-p 00000000 00:00 0 
7fce4e84e000-7fce4e851000 ---p 00000000 00:00 0 
7fce4e851000-7fce4e887000 rw-p 00000000 00:00 0 
7fce4e887000-7fce4e88a000 ---p 00000000 00:00 0 
7fce4e88a000-7fce4e8c0000 rw-p 00000000 00:00 0 
7fce4e8c0000-7fce4e8c3000 ---p 00000000 00:00 0 
7fce4e8c3000-7fce4e8f9000 rw-p 00000000 00:00 0 
7fce4e8f9000-7fce4e8fc000 ---p 00000000 00:00 0 
7fce4e8fc000-7fce4ebfa000 rw-p 00000000 00:00 0 
7fce4ebfa000-7fce4ebfd000 ---p 00000000 00:00 0 
7fce4ebfd000-7fce4ecfb000 rw-p 00000000 00:00 0 
7fce4ecfb000-7fce4ecfe000 ---p 00000000 00:00 0 
7fce4ecfe000-7fce4eff8000 rw-p 00000000 00:00 0 
7fce4eff8000-7fce4effc000 ---p 00000000 00:00 0 
7fce4effc000-7fce4f1fc000 rw-p 00000000 00:00 0 
7fce4f1fc000-7fce4f3fc000 rw-p 00000000 00:00 0 
7fce4f3fc000-7fce4f3ff000 ---p 00000000 00:00 0 
7fce4f3ff000-7fce4f4fd000 rw-p 00000000 00:00 0 
7fce4f4fd000-7fce4f500000 ---p 00000000 00:00 0 
7fce4f500000-7fce4f5fe000 rw-p 00000000 00:00 0 
7fce4f5fe000-7fce4f601000 ---p 00000000 00:00 0 
7fce4f601000-7fce4f6ff000 rw-p 00000000 00:00 0 
7fce4f6ff000-7fce4f702000 ---p 00000000 00:00 0 
7fce4f702000-7fce4fa00000 rw-p 00000000 00:00 0 
7fce4fa00000-7fce4fc00000 rw-p 00000000 00:00 0 
7fce4fc00000-7fce4fe00000 rw-p 00000000 00:00 0 
7fce4fe00000-7fce50000000 rw-p 00000000 00:00 0 
7fce50000000-7fce5016b000 rw-p 00000000 00:00 0 
7fce5016b000-7fce54000000 ---p 00000000 00:00 0 
7fce54000000-7fce5402a000 rw-p 00000000 00:00 0 
7fce5402a000-7fce58000000 ---p 00000000 00:00 0 
7fce58000000-7fce58069000 rw-p 00000000 00:00 0 
7fce58069000-7fce5c000000 ---p 00000000 00:00 0 
7fce5c000000-7fce5c071000 rw-p 00000000 00:00 0 
7fce5c071000-7fce60000000 ---p 00000000 00:00 0 
7fce60000000-7fce63ff8000 rw-p 00000000 00:00 0 
7fce63ff8000-7fce64000000 ---p 00000000 00:00 0 
7fce64000000-7fce67ff5000 rw-p 00000000 00:00 0 
7fce67ff5000-7fce68000000 ---p 00000000 00:00 0 
7fce68000000-7fce680bb000 rw-p 00000000 00:00 0 
7fce680bb000-7fce6c000000 ---p 00000000 00:00 0 
7fce6c000000-7fce6ffff000 rw-p 00000000 00:00 0 
7fce6ffff000-7fce70000000 ---p 00000000 00:00 0 
7fce70000000-7fce70021000 rw-p 00000000 00:00 0 
7fce70021000-7fce74000000 ---p 00000000 00:00 0 
7fce74000000-7fce740f4000 rw-p 00000000 00:00 0 
7fce740f4000-7fce78000000 ---p 00000000 00:00 0 
7fce78000000-7fce782ab000 rw-p 00000000 00:00 0 
7fce782ab000-7fce7c000000 ---p 00000000 00:00 0 
7fce7c001000-7fce7c004000 r--s 00015000 fc:01 531074                     /usr/lib/jvm/java-8-openjdk-amd64/jre/lib/jce.jar
7fce7c004000-7fce7c007000 ---p 00000000 00:00 0 
7fce7c007000-7fce7c305000 rw-p 00000000 00:00 0 
7fce7c305000-7fce7c318000 r--s 00346000 fc:01 531081                     /usr/lib/jvm/java-8-openjdk-amd64/jre/lib/resources.jar
7fce7c318000-7fce7c518000 rw-p 00000000 00:00 0 
7fce7c518000-7fce7c718000 rw-p 00000000 00:00 0 
7fce7c718000-7fce7c918000 rw-p 00000000 00:00 0 
7fce7c918000-7fce7cb18000 rw-p 00000000 00:00 0 
7fce7cb18000-7fce7cd18000 rw-p 00000000 00:00 0 
7fce7cd18000-7fce7cd43000 r--s 001fc000 fc:01 68556                      /root/.gradle/caches/modules-2/files-2.1/com.google.guava/guava/18.0/cce0823396aa693798f8882e64213b1772032b09/guava-18.0.jar
7fce7cd43000-7fce7cd44000 r--s 00001000 fc:01 68555                      /root/.gradle/caches/modules-2/files-2.1/com.android.tools/annotations/25.2.1/5110ad3fc41cbcb39cc26fc19379eb0a8972911a/annotations-25.2.1.jar
7fce7cd44000-7fce7cd56000 r--s 000b3000 fc:01 68554                      /root/.gradle/caches/modules-2/files-2.1/com.android.tools.external.com-intellij/uast/145.597.3/4d2f689b410743048f70f34c1632571b50e3d6bd/uast-145.597.3.jar
7fce7cd56000-7fce7cd5e000 r--s 000a8000 fc:01 68553                      /root/.gradle/caches/modules-2/files-2.1/com.android.tools.external.lombok/lombok-ast/0.2.3/528b6f8bde3157f17530aa366631f2aad2a6cf9/lombok-ast-0.2.3.jar
7fce7cd5e000-7fce7cd60000 r--s 0000d000 fc:01 68552                      /root/.gradle/caches/modules-2/files-2.1/commons-codec/commons-codec/1.4/4216af16d38465bbab0f3dff8efa14204f7a399a/commons-codec-1.4.jar
7fce7cd60000-7fce7cd62000 r--s 0000d000 fc:01 68551                      /root/.gradle/caches/modules-2/files-2.1/commons-logging/commons-logging/1.1.1/5043bfebc3db072ed80fbd362e7caf00e885d8ae/commons-logging-1.1.1.jar
7fce7cd62000-7fce7cd67000 r--s 00028000 fc:01 68550                      /root/.gradle/caches/modules-2/files-2.1/org.apache.httpcomponents/httpcore/4.1/33fc26c02f8043ab0ede19eadc8c9885386b255c/httpcore-4.1.jar
7fce7cd67000-7fce7cd6b000 r--s 0002f000 fc:01 68549                      /root/.gradle/caches/modules-2/files-2.1/com.google.jimfs/jimfs/1.1/8fbd0579dc68aba6186935cc1bee21d2f3e7ec1c/jimfs-1.1.jar
7fce7cd6b000-7fce7cd6c000 r--s 00004000 fc:01 68548                      /root/.gradle/caches/modules-2/files-2.1/com.intellij/annotations/12.0/bbcf6448f6d40abe506e2c83b70a3e8bfd2b4539/annotations-12.0.jar
7fce7cd6c000-7fce7cd6d000 r--s 00004000 fc:01 68547                      /root/.gradle/caches/modules-2/files-2.1/org.ow2.asm/asm-analysis/5.0.4/51f5031331a56c462a3cc5126e21ab65958759a9/asm-analysis-5.0.4.jar
7fce7cd6d000-7fce7cd71000 r--s 0003b000 fc:01 68546                      /root/.gradle/caches/modules-2/files-2.1/com.android.tools.lint/lint-api/25.2.1/9e9e87072eba52829a5b89a87f857cbb384c6a51/lint-api-25.2.1.jar
7fce7cd71000-7fce7cd72000 r--s 0000a000 fc:01 68545                      /root/.gradle/caches/modules-2/files-2.1/net.sf.kxml/kxml2/2.3.0/ccbc77a5fd907ef863c29f3596c6f54ffa4e9442/kxml2-2.3.0.jar
7fce7cd72000-7fce7cd74000 r--s 00005000 fc:01 68544                      /root/.gradle/caches/modules-2/files-2.1/org.apache.httpcomponents/httpmime/4.1/9ba2dcdf94ce35c8a8e9bff242db0618ca932e92/httpmime-4.1.jar
7fce7cd74000-7fce7cd7c000 r--s 0004e000 fc:01 68543                      /root/.gradle/caches/modules-2/files-2.1/org.apache.httpcomponents/httpclient/4.1.1/3d1d918f32709e33ba7ddb2c4e8d1c543ebe713e/httpclient-4.1.1.jar
7fce7cd7c000-7fce7cd83000 r--s 00053000 fc:01 68542                      /root/.gradle/caches/modules-2/files-2.1/org.apache.commons/commons-compress/1.8.1/a698750c16740fd5b3871425f4cb3bbaa87f529d/commons-compress-1.8.1.jar
7fce7cd83000-7fce7cd88000 r--s 0002a000 fc:01 68541                      /root/.gradle/caches/modules-2/files-2.1/com.google.code.gson/gson/2.2.4/a60a5e993c98c864010053cb901b7eab25306568/gson-2.2.4.jar
7fce7cd88000-7fce7cd8d000 r--s 0002d000 fc:01 68540                      /root/.gradle/caches/modules-2/files-2.1/com.android.tools/repository/25.2.1/df399e4041a4aecd8d8bc7c09902223d8c8be85a/repository-25.2.1.jar
7fce7cd8d000-7fce7cd8e000 r--s 00005000 fc:01 68539                      /root/.gradle/caches/modules-2/files-2.1/com.android.tools/dvlib/25.2.1/3dae5c51505b3e1105018b4c57b3fbf757f9f5c0/dvlib-25.2.1.jar
7fce7cd8e000-7fce7cd91000 r--s 00014000 fc:01 68538                      /root/.gradle/caches/modules-2/files-2.1/com.android.tools.layoutlib/layoutlib-api/25.2.1/3d440ea19840eb7e9a51ed4ecf54f244ba43b2eb/layoutlib-api-25.2.1.jar
7fce7cd91000-7fce7cd95000 r--s 00037000 fc:01 68537                      /root/.gradle/caches/modules-2/files-2.1/org.antlr/ST4/4.0.8/a1c55e974f8a94d78e2348fa6ff63f4fa1fae64/ST4-4.0.8.jar
7fce7cd95000-7fce7cd98000 r--s 00026000 fc:01 68536                      /root/.gradle/caches/modules-2/files-2.1/org.antlr/antlr-runtime/3.5.2/cd9cd41361c155f3af0f653009dcecb08d8b4afd/antlr-runtime-3.5.2.jar
7fce7cd98000-7fce7cd9d000 r--s 00058000 fc:01 68535                      /root/.gradle/caches/modules-2/files-2.1/org.ow2.asm/asm-debug-all/5.0.1/f69b5f7d96cec0d448acf1c1a266584170c9643b/asm-debug-all-5.0.1.jar
7fce7cd9d000-7fce7cdad000 r--s 000d6000 fc:01 68534                      /root/.gradle/caches/modules-2/files-2.1/net.sf.proguard/proguard-base/5.2.1/4f61348b4e7c943b85679dcb697f3a5fc3101921/proguard-base-5.2.1.jar
7fce7cdad000-7fce7cdb0000 r--s 00033000 fc:01 68533                      /root/.gradle/caches/modules-2/files-2.1/com.googlecode.juniversalchardet/juniversalchardet/1.0.3/cd49678784c46aa8789c060538e0154013bb421b/juniversalchardet-1.0.3.jar
7fce7cdb0000-7fce7cdb4000 r--s 0002a000 fc:01 68532                      /root/.gradle/caches/modules-2/files-2.1/commons-io/commons-io/2.4/b1b6ea3b7e4aa4f492509a4952029cd8e48019ad/commons-io-2.4.jar
7fce7cdb4000-7fce7cdcb000 r--s 00154000 fc:01 68531                      /root/.gradle/caches/modules-2/files-2.1/org.antlr/antlr4/4.5.3/f35db7e4b2446e4174ba6a73db7bd6b3e6bb5da1/antlr4-4.5.3.jar
7fce7cdcb000-7fce7cdcc000 r--s 00002000 fc:01 68530                      /root/.gradle/caches/modules-2/files-2.1/com.android.databinding/baseLibrary/2.2.1/30d2b12e06347ece26e565b60cb7de12ed14d13b/baseLibrary-2.2.1.jar
7fce7cdcc000-7fce7cddf000 r--s 00236000 fc:01 68529                      /root/.gradle/caches/modules-2/files-2.1/org.eclipse.jdt.core.compiler/ecj/4.5.1/bee1367ac12fb6a20b422ff8711ebeb4f0a42316/ecj-4.5.1.jar
7fce7cddf000-7fce7cde6000 r--s 000c3000 fc:01 68528                      /root/.gradle/caches/modules-2/files-2.1/com.android.tools.lint/lint-checks/25.2.1/14b530fe88ab45b59b451e3ce76efd213d71471c/lint-checks-25.2.1.jar
7fce7cde6000-7fce7cde8000 r--s 00006000 fc:01 68527                      /root/.gradle/caches/modules-2/files-2.1/org.ow2.asm/asm-tree/5.0.4/396ce0c07ba2b481f25a70195c7c94922f0d1b0b/asm-tree-5.0.4.jar
7fce7cde8000-7fce7ce1b000 r--s 00203000 fc:01 68526                      /root/.gradle/caches/modules-2/files-2.1/org.bouncycastle/bcprov-jdk15on/1.48/960dea7c9181ba0b17e8bab0c06a43f0a5f04e65/bcprov-jdk15on-1.48.jar
7fce7ce1b000-7fce7ce29000 r--s 00081000 fc:01 68525                      /root/.gradle/caches/modules-2/files-2.1/org.bouncycastle/bcpkix-jdk15on/1.48/28b7614b908a47844bb27e3c94b45b6893656265/bcpkix-jdk15on-1.48.jar
7fce7ce29000-7fce7ce2b000 r--s 00002000 fc:01 68524                      /root/.gradle/caches/modules-2/files-2.1/com.squareup/javawriter/2.5.0/81241ff7078ef14f42ea2a8995fa09c096256e6b/javawriter-2.5.0.jar
7fce7ce2b000-7fce7ce2c000 r--s 00002000 fc:01 68523                      /root/.gradle/caches/modules-2/files-2.1/com.android.tools.analytics-library/tracker/25.2.1/9fefa2ffec302329dd5f04a9fb07e45462f2c934/tracker-25.2.1.jar
7fce7ce2c000-7fce7ce2e000 r--s 00003000 fc:01 68522                      /root/.gradle/caches/modules-2/files-2.1/com.android.tools.analytics-library/shared/25.2.1/e5ce4fd0911a368c21b84c98d31086733fd1590d/shared-25.2.1.jar
7fce7ce2e000-7fce7ce3b000 r--s 000ed000 fc:01 68521                      /root/.gradle/caches/modules-2/files-2.1/com.android.tools.analytics-library/protos/25.2.1/166a8b30acaeba56a83aa8f803c3393d320f44df/protos-25.2.1.jar
7fce7ce3b000-7fce7ce3c000 r--s 00001000 fc:01 68520                      /root/.gradle/caches/modules-2/files-2.1/com.android.tools.jill/jill-api/0.10.0/7dfd6360ae4af1e171ec67b92e0cf065d59eef19/jill-api-0.10.0.jar
7fce7ce3c000-7fce7ce3e000 r--s 00003000 fc:01 68519                      /root/.gradle/caches/modules-2/files-2.1/com.android.tools.jack/jack-api/0.11.0/ccda6afebd2b9cf60886c601ea561bba62c35c70/jack-api-0.11.0.jar
7fce7ce3e000-7fce7ce43000 r--s 0004a000 fc:01 68518                      /root/.gradle/caches/modules-2/files-2.1/com.android.tools.ddms/ddmlib/25.2.1/fa5f1c4f025531877a67cf57e42a18c18a0a79db/ddmlib-25.2.1.jar
7fce7ce43000-7fce7ce46000 r--s 00021000 fc:01 68517                      /root/.gradle/caches/modules-2/files-2.1/com.android.tools.build/manifest-merger/25.2.1/95a20529bb25431cb9a5ebc6e605f8506dab290d/manifest-merger-25.2.1.jar
7fce7ce46000-7fce7ce48000 r--s 0001c000 fc:01 68516                      /root/.gradle/caches/modules-2/files-2.1/com.android.tools/common/25.2.1/826519369e072d312bc34016ba4d9895618a5590/common-25.2.1.jar
7fce7ce48000-7fce7ce51000 r--s 00083000 fc:01 68515                      /root/.gradle/caches/modules-2/files-2.1/com.android.tools/sdk-common/25.2.1/6f401b4d6cf931ef4ba715879c80dd6d8b153e1a/sdk-common-25.2.1.jar
7fce7ce51000-7fce7ce5c000 r--s 0008e000 fc:01 68514                      /root/.gradle/caches/modules-2/files-2.1/com.android.tools/sdklib/25.2.1/bd5f7df7c5343e10f49749dc6649b7a7cd339215/sdklib-25.2.1.jar
7fce7ce5c000-7fce7ce5d000 r--s 00002000 fc:01 68513                      /root/.gradle/caches/modules-2/files-2.1/com.android.tools.build/builder-test-api/2.2.1/c0bd6669d9560fbfcad68d7234272a5a707b5d6e/builder-test-api-2.2.1.jar
7fce7ce5d000-7fce7ce60000 r--s 00005000 fc:01 68512                      /root/.gradle/caches/modules-2/files-2.1/com.android.tools.build/builder-model/2.2.1/2bc96fb6480d6707276adea8bd2241e27d01a3a8/builder-model-2.2.1.jar
7fce7ce60000-7fce7ce6a000 r--s 00110000 fc:01 68511                      /root/.gradle/caches/modules-2/files-2.1/org.antlr/antlr/3.5.2/c4a65c950bfc3e7d04309c515b2177c00baf7764/antlr-3.5.2.jar
7fce7ce6a000-7fce7ce72000 r--s 0007b000 fc:01 68510                      /root/.gradle/caches/modules-2/files-2.1/com.google.protobuf/protobuf-java/2.5.0/a10732c76bfacdbd633a7eb0f7968b1059a65dfa/protobuf-java-2.5.0.jar
7fce7ce72000-7fce7ce74000 r--s 0000f000 fc:01 68509                      /root/.gradle/caches/modules-2/files-2.1/net.sf.jopt-simple/jopt-simple/4.9/ee9e9eaa0a35360dcfeac129ff4923215fd65904/jopt-simple-4.9.jar
7fce7ce74000-7fce7ce78000 r--s 0001f000 fc:01 68508                      /root/.gradle/caches/modules-2/files-2.1/org.jacoco/org.jacoco.report/0.7.5.201505241946/cb1ac5562a45c98cd7b774452f3e8b867b71cd65/org.jacoco.report-0.7.5.201505241946.jar
7fce7ce78000-7fce7ce7c000 r--s 0001d000 fc:01 68507                      /root/.gradle/caches/modules-2/files-2.1/org.jacoco/org.jacoco.core/0.7.5.201505241946/1ea906dc5201d2a1bc0604f8650534d4bcaf4c95/org.jacoco.core-0.7.5.201505241946.jar
7fce7ce7c000-7fce7ce7d000 r--s 00002000 fc:01 68506                      /root/.gradle/caches/modules-2/files-2.1/net.sf.proguard/proguard-gradle/5.2.1/5e9956c050fd84fa043517e77c4c0ff175a6b002/proguard-gradle-5.2.1.jar
7fce7ce7d000-7fce7ce7f000 r--s 00009000 fc:01 68505                      /root/.gradle/caches/modules-2/files-2.1/org.ow2.asm/asm-commons/5.0.4/5a556786086c23cd689a0328f8519db93821c04c/asm-commons-5.0.4.jar
7fce7ce7f000-7fce7ce81000 r--s 0000c000 fc:01 68504                      /root/.gradle/caches/modules-2/files-2.1/org.ow2.asm/asm/5.0.4/da08b8cce7bbf903602a25a3a163ae252435795/asm-5.0.4.jar
7fce7ce81000-7fce7ce85000 r--s 0002b000 fc:01 68503                      /root/.gradle/caches/modules-2/files-2.1/com.android.databinding/compilerCommon/2.2.1/7234776e99a21f40b63958c4408a044eb54d7f95/compilerCommon-2.2.1.jar
7fce7ce85000-7fce7ce86000 r--s 00002000 fc:01 68502                      /root/.gradle/caches/modules-2/files-2.1/com.android.tools.build/gradle-api/2.2.1/aa5c80e43f5efacb0f44ba236305128abfa16894/gradle-api-2.2.1.jar
7fce7ce86000-7fce7ce87000 r--s 00000000 fc:01 68499                      /root/.gradle/caches/modules-2/files-2.1/com.android.tools.build/transform-api/2.0.0-deprecated-use-gradle-api/85bee1acea9e27152b920746c68133b30b11431/transform-api-2.0.0-deprecated-use-gradle-api.jar
7fce7ce87000-7fce7ce8c000 r--s 00053000 fc:01 68498                      /root/.gradle/caches/modules-2/files-2.1/com.android.tools.lint/lint/25.2.1/f44f01afc06948d4bf1e9201b6baaa6dc4b0a830/lint-25.2.1.jar
7fce7ce8c000-7fce7cea3000 r--s 0015d000 fc:01 68361                      /root/.gradle/caches/modules-2/files-2.1/com.android.tools.build/builder/2.2.1/5b7004f341a3d058fd0d082b149123b4831b86b0/builder-2.2.1.jar
7fce7cea3000-7fce7cebf000 r--s 0019d000 fc:01 68360                      /root/.gradle/caches/modules-2/files-2.1/com.android.tools.build/gradle-core/2.2.1/feed4dc61b34c08999c1338f1874fd78f95650bd/gradle-core-2.2.1.jar
7fce7cebf000-7fce7cec1000 r--s 0000d000 fc:01 68358                      /root/.gradle/caches/modules-2/files-2.1/com.android.tools.build/gradle/2.2.1/a3efd0e2aa62dc14d25c43d40f8612c18445b07c/gradle-2.2.1.jar
7fce7cec1000-7fce7d0c1000 rw-p 00000000 00:00 0 
7fce7d0c1000-7fce7d0c4000 ---p 00000000 00:00 0 
7fce7d0c4000-7fce7d3c2000 rw-p 00000000 00:00 0 
7fce7d3c2000-7fce7d3c5000 ---p 00000000 00:00 0 
7fce7d3c5000-7fce7d3fb000 rw-p 00000000 00:00 0 
7fce7d3fb000-7fce7d3fc000 r--p 00000000 00:00 0 
7fce7d3fc000-7fce7d5fc000 rw-p 00000000 00:00 0 
7fce7d5fc000-7fce7d7fc000 rw-p 00000000 00:00 0 
7fce7d7fc000-7fce7d9fc000 rw-p 00000000 00:00 0 
7fce7d9fc000-7fce7dbfc000 rw-p 00000000 00:00 0 
7fce7dbfc000-7fce7dc75000 r--s 010fd000 fc:01 531222                     /usr/lib/jvm/java-8-openjdk-amd64/lib/tools.jar
7fce7dc75000-7fce7de75000 rw-p 00000000 00:00 0 
7fce7de75000-7fce7de78000 ---p 00000000 00:00 0 
7fce7de78000-7fce7df76000 rw-p 00000000 00:00 0 
7fce7df76000-7fce7df79000 ---p 00000000 00:00 0 
7fce7df79000-7fce7e077000 rw-p 00000000 00:00 0 
7fce7e077000-7fce7e07a000 ---p 00000000 00:00 0 
7fce7e07a000-7fce7e178000 rw-p 00000000 00:00 0 
7fce7e178000-7fce7e17b000 ---p 00000000 00:00 0 
7fce7e17b000-7fce7e279000 rw-p 00000000 00:00 0 
7fce7e279000-7fce7e27c000 ---p 00000000 00:00 0 
7fce7e27c000-7fce7e37a000 rw-p 00000000 00:00 0 
7fce7e37a000-7fce7e37d000 ---p 00000000 00:00 0 
7fce7e37d000-7fce7e47b000 rw-p 00000000 00:00 0 
7fce7e47b000-7fce7e47e000 ---p 00000000 00:00 0 
7fce7e47e000-7fce7e57c000 rw-p 00000000 00:00 0 
7fce7e57c000-7fce7e583000 r--s 00000000 fc:01 5280                       /usr/lib/x86_64-linux-gnu/gconv/gconv-modules.cache
7fce7e583000-7fce7e783000 rw-p 00000000 00:00 0 
7fce7e783000-7fce7e786000 ---p 00000000 00:00 0 
7fce7e786000-7fce7e884000 rw-p 00000000 00:00 0 
7fce7e884000-7fce7e88d000 r-xp 00000000 fc:01 531029                     /usr/lib/jvm/java-8-openjdk-amd64/jre/lib/amd64/libmanagement.so
7fce7e88d000-7fce7ea8c000 ---p 00009000 fc:01 531029                     /usr/lib/jvm/java-8-openjdk-amd64/jre/lib/amd64/libmanagement.so
7fce7ea8c000-7fce7ea8d000 r--p 00008000 fc:01 531029                     /usr/lib/jvm/java-8-openjdk-amd64/jre/lib/amd64/libmanagement.so
7fce7ea8d000-7fce7ea8e000 rw-p 00009000 fc:01 531029                     /usr/lib/jvm/java-8-openjdk-amd64/jre/lib/amd64/libmanagement.so
7fce7ea8e000-7fce7ea92000 r--s 0009a000 fc:01 531076                     /usr/lib/jvm/java-8-openjdk-amd64/jre/lib/jsse.jar
7fce7ea92000-7fce7ea94000 r--s 00007000 fc:01 531397                     /root/.gradle/wrapper/dists/gradle-2.14.1-all/4cj8p00t3e5ni9e8iofg8ghvk7/gradle-2.14.1/lib/plugins/gradle-tooling-api-builders-2.14.1.jar
7fce7ea94000-7fce7ea97000 r--s 00008000 fc:01 531390                     /root/.gradle/wrapper/dists/gradle-2.14.1-all/4cj8p00t3e5ni9e8iofg8ghvk7/gradle-2.14.1/lib/plugins/gradle-testing-native-2.14.1.jar
7fce7ea97000-7fce7ea99000 r--s 00009000 fc:01 531469                     /root/.gradle/wrapper/dists/gradle-2.14.1-all/4cj8p00t3e5ni9e8iofg8ghvk7/gradle-2.14.1/lib/plugins/hamcrest-core-1.3.jar
7fce7ea99000-7fce7ea9f000 r--s 00033000 fc:01 531463                     /root/.gradle/wrapper/dists/gradle-2.14.1-all/4cj8p00t3e5ni9e8iofg8ghvk7/gradle-2.14.1/lib/plugins/snakeyaml-1.6.jar
7fce7ea9f000-7fce7eaa1000 r--s 00006000 fc:01 531462                     /root/.gradle/wrapper/dists/gradle-2.14.1-all/4cj8p00t3e5ni9e8iofg8ghvk7/gradle-2.14.1/lib/plugins/jcommander-1.12.jar
7fce7eaa1000-7fce7eaa6000 r--s 00040000 fc:01 531461                     /root/.gradle/wrapper/dists/gradle-2.14.1-all/4cj8p00t3e5ni9e8iofg8ghvk7/gradle-2.14.1/lib/plugins/bsh-2.0b4.jar
7fce7eaa6000-7fce7eaaf000 r--s 00089000 fc:01 531420                     /root/.gradle/wrapper/dists/gradle-2.14.1-all/4cj8p00t3e5ni9e8iofg8ghvk7/gradle-2.14.1/lib/plugins/testng-6.3.1.jar
7fce7eaaf000-7fce7eab7000 r--s 00045000 fc:01 531419                     /root/.gradle/wrapper/dists/gradle-2.14.1-all/4cj8p00t3e5ni9e8iofg8ghvk7/gradle-2.14.1/lib/plugins/junit-4.12.jar
7fce7eab7000-7fce7eabd000 r--s 0002e000 fc:01 531391                     /root/.gradle/wrapper/dists/gradle-2.14.1-all/4cj8p00t3e5ni9e8iofg8ghvk7/gradle-2.14.1/lib/plugins/gradle-testing-jvm-2.14.1.jar
7fce7eabd000-7fce7eac2000 r--s 00015000 fc:01 531389                     /root/.gradle/wrapper/dists/gradle-2.14.1-all/4cj8p00t3e5ni9e8iofg8ghvk7/gradle-2.14.1/lib/plugins/gradle-testing-base-2.14.1.jar
7fce7eac2000-7fce7eac3000 r--s 00002000 fc:01 531413                     /root/.gradle/wrapper/dists/gradle-2.14.1-all/4cj8p00t3e5ni9e8iofg8ghvk7/gradle-2.14.1/lib/plugins/sonar-batch-bootstrapper-2.9.jar
7fce7eac3000-7fce7eac6000 r--s 00015000 fc:01 531367                     /root/.gradle/wrapper/dists/gradle-2.14.1-all/4cj8p00t3e5ni9e8iofg8ghvk7/gradle-2.14.1/lib/plugins/gradle-sonar-2.14.1.jar
7fce7eac6000-7fce7eacd000 r--s 00038000 fc:01 531414                     /root/.gradle/wrapper/dists/gradle-2.14.1-all/4cj8p00t3e5ni9e8iofg8ghvk7/gradle-2.14.1/lib/plugins/bcpg-jdk15on-1.51.jar
7fce7eacd000-7fce7eacf000 r--s 0000d000 fc:01 531368                     /root/.gradle/wrapper/dists/gradle-2.14.1-all/4cj8p00t3e5ni9e8iofg8ghvk7/gradle-2.14.1/lib/plugins/gradle-signing-2.14.1.jar
7fce7eacf000-7fce7ead2000 r--s 00009000 fc:01 531366                     /root/.gradle/wrapper/dists/gradle-2.14.1-all/4cj8p00t3e5ni9e8iofg8ghvk7/gradle-2.14.1/lib/plugins/gradle-scala-2.14.1.jar
7fce7ead2000-7fce7ead3000 r--s 00004000 fc:01 531395                     /root/.gradle/wrapper/dists/gradle-2.14.1-all/4cj8p00t3e5ni9e8iofg8ghvk7/gradle-2.14.1/lib/plugins/gradle-resources-sftp-2.14.1.jar
7fce7ead3000-7fce7eae3000 r--s 00088000 fc:01 531430                     /root/.gradle/wrapper/dists/gradle-2.14.1-all/4cj8p00t3e5ni9e8iofg8ghvk7/gradle-2.14.1/lib/plugins/joda-time-2.8.2.jar
7fce7eae3000-7fce7eaf4000 r--s 000cf000 fc:01 531429                     /root/.gradle/wrapper/dists/gradle-2.14.1-all/4cj8p00t3e5ni9e8iofg8ghvk7/gradle-2.14.1/lib/plugins/jackson-databind-2.3.2.jar
7fce7eaf4000-7fce7eaf6000 r--s 00007000 fc:01 531428                     /root/.gradle/wrapper/dists/gradle-2.14.1-all/4cj8p00t3e5ni9e8iofg8ghvk7/gradle-2.14.1/lib/plugins/jackson-annotations-2.3.2.jar
7fce7eaf6000-7fce7eaf9000 r--s 0002e000 fc:01 531427                     /root/.gradle/wrapper/dists/gradle-2.14.1-all/4cj8p00t3e5ni9e8iofg8ghvk7/gradle-2.14.1/lib/plugins/jackson-core-2.3.2.jar
7fce7eaf9000-7fce7eb04000 r--s 0006b000 fc:01 531426                     /root/.gradle/wrapper/dists/gradle-2.14.1-all/4cj8p00t3e5ni9e8iofg8ghvk7/gradle-2.14.1/lib/plugins/aws-java-sdk-core-1.9.19.jar
7fce7eb04000-7fce7eb0a000 r--s 00036000 fc:01 531425                     /root/.gradle/wrapper/dists/gradle-2.14.1-all/4cj8p00t3e5ni9e8iofg8ghvk7/gradle-2.14.1/lib/plugins/aws-java-sdk-kms-1.9.19.jar
7fce7eb0a000-7fce7eb15000 r--s 00079000 fc:01 531424                     /root/.gradle/wrapper/dists/gradle-2.14.1-all/4cj8p00t3e5ni9e8iofg8ghvk7/gradle-2.14.1/lib/plugins/aws-java-sdk-s3-1.9.19.jar
7fce7eb15000-7fce7eb16000 r--s 00003000 fc:01 531396                     /root/.gradle/wrapper/dists/gradle-2.14.1-all/4cj8p00t3e5ni9e8iofg8ghvk7/gradle-2.14.1/lib/plugins/gradle-resources-s3-2.14.1.jar
7fce7eb16000-7fce7eb18000 r--s 00005000 fc:01 531418                     /root/.gradle/wrapper/dists/gradle-2.14.1-all/4cj8p00t3e5ni9e8iofg8ghvk7/gradle-2.14.1/lib/plugins/jatl-0.2.2.jar
7fce7eb18000-7fce7eb1a000 r--s 0000f000 fc:01 531373                     /root/.gradle/wrapper/dists/gradle-2.14.1-all/4cj8p00t3e5ni9e8iofg8ghvk7/gradle-2.14.1/lib/plugins/gradle-reporting-2.14.1.jar
7fce7eb1a000-7fce7eb1c000 r--s 00002000 fc:01 531374                     /root/.gradle/wrapper/dists/gradle-2.14.1-all/4cj8p00t3e5ni9e8iofg8ghvk7/gradle-2.14.1/lib/plugins/gradle-publish-2.14.1.jar
7fce7eb1c000-7fce7eb1e000 r--s 00009000 fc:01 531400                     /root/.gradle/wrapper/dists/gradle-2.14.1-all/4cj8p00t3e5ni9e8iofg8ghvk7/gradle-2.14.1/lib/plugins/commons-cli-1.2.jar
7fce7eb1e000-7fce7eb24000 r--s 00033000 fc:01 531358                     /root/.gradle/wrapper/dists/gradle-2.14.1-all/4cj8p00t3e5ni9e8iofg8ghvk7/gradle-2.14.1/lib/plugins/gradle-plugins-2.14.1.jar
7fce7eb24000-7fce7eb26000 r--s 00007000 fc:01 531392                     /root/.gradle/wrapper/dists/gradle-2.14.1-all/4cj8p00t3e5ni9e8iofg8ghvk7/gradle-2.14.1/lib/plugins/gradle-plugin-development-2.14.1.jar
7fce7eb26000-7fce7eb2c000 r--s 0002a000 fc:01 531385                     /root/.gradle/wrapper/dists/gradle-2.14.1-all/4cj8p00t3e5ni9e8iofg8ghvk7/gradle-2.14.1/lib/plugins/gradle-platform-play-2.14.1.jar
7fce7eb2c000-7fce7eb39000 r--s 0004d000 fc:01 531384                     /root/.gradle/wrapper/dists/gradle-2.14.1-all/4cj8p00t3e5ni9e8iofg8ghvk7/gradle-2.14.1/lib/plugins/gradle-platform-native-2.14.1.jar
7fce7eb39000-7fce7eb3d000 r--s 0001a000 fc:01 531379                     /root/.gradle/wrapper/dists/gradle-2.14.1-all/4cj8p00t3e5ni9e8iofg8ghvk7/gradle-2.14.1/lib/plugins/gradle-platform-jvm-2.14.1.jar
7fce7eb3d000-7fce7eb44000 r--s 00029000 fc:01 531378                     /root/.gradle/wrapper/dists/gradle-2.14.1-all/4cj8p00t3e5ni9e8iofg8ghvk7/gradle-2.14.1/lib/plugins/gradle-platform-base-2.14.1.jar
7fce7eb44000-7fce7eb65000 r--s 001c3000 fc:01 531408                     /root/.gradle/wrapper/dists/gradle-2.14.1-all/4cj8p00t3e5ni9e8iofg8ghvk7/gradle-2.14.1/lib/plugins/bndlib-2.4.0.jar
7fce7eb65000-7fce7eb67000 r--s 00003000 fc:01 531362                     /root/.gradle/wrapper/dists/gradle-2.14.1-all/4cj8p00t3e5ni9e8iofg8ghvk7/gradle-2.14.1/lib/plugins/gradle-osgi-2.14.1.jar
7fce7eb67000-7fce7eb6a000 r--s 0000c000 fc:01 531411                     /root/.gradle/wrapper/dists/gradle-2.14.1-all/4cj8p00t3e5ni9e8iofg8ghvk7/gradle-2.14.1/lib/plugins/pmaven-groovy-0.8-20100325.jar
7fce7eb6a000-7fce7eb6b000 r--s 00004000 fc:01 531410                     /root/.gradle/wrapper/dists/gradle-2.14.1-all/4cj8p00t3e5ni9e8iofg8ghvk7/gradle-2.14.1/lib/plugins/pmaven-common-0.8-20100325.jar
7fce7eb6b000-7fce7eb71000 r--s 00022000 fc:01 531363                     /root/.gradle/wrapper/dists/gradle-2.14.1-all/4cj8p00t3e5ni9e8iofg8ghvk7/gradle-2.14.1/lib/plugins/gradle-maven-2.14.1.jar
7fce7eb71000-7fce7eb73000 r--s 0000a000 fc:01 531383                     /root/.gradle/wrapper/dists/gradle-2.14.1-all/4cj8p00t3e5ni9e8iofg8ghvk7/gradle-2.14.1/lib/plugins/gradle-language-scala-2.14.1.jar
7fce7eb73000-7fce7eb79000 r--s 0001a000 fc:01 531387                     /root/.gradle/wrapper/dists/gradle-2.14.1-all/4cj8p00t3e5ni9e8iofg8ghvk7/gradle-2.14.1/lib/plugins/gradle-language-native-2.14.1.jar
7fce7eb79000-7fce7eb7b000 r--s 00008000 fc:01 531380                     /root/.gradle/wrapper/dists/gradle-2.14.1-all/4cj8p00t3e5ni9e8iofg8ghvk7/gradle-2.14.1/lib/plugins/gradle-language-jvm-2.14.1.jar
7fce7eb7b000-7fce7eb81000 r--s 00024000 fc:01 531381                     /root/.gradle/wrapper/dists/gradle-2.14.1-all/4cj8p00t3e5ni9e8iofg8ghvk7/gradle-2.14.1/lib/plugins/gradle-language-java-2.14.1.jar
7fce7eb81000-7fce7eb83000 r--s 0000a000 fc:01 531382                     /root/.gradle/wrapper/dists/gradle-2.14.1-all/4cj8p00t3e5ni9e8iofg8ghvk7/gradle-2.14.1/lib/plugins/gradle-language-groovy-2.14.1.jar
7fce7eb83000-7fce7eb86000 r--s 0001e000 fc:01 531436                     /root/.gradle/wrapper/dists/gradle-2.14.1-all/4cj8p00t3e5ni9e8iofg8ghvk7/gradle-2.14.1/lib/plugins/jsp-api-2.1-6.1.14.jar
7fce7eb86000-7fce7eba9000 r--s 00344000 fc:01 531435                     /root/.gradle/wrapper/dists/gradle-2.14.1-all/4cj8p00t3e5ni9e8iofg8ghvk7/gradle-2.14.1/lib/plugins/core-3.1.1.jar
7fce7eba9000-7fce7ebaa000 r--s 00006000 fc:01 531434                     /root/.gradle/wrapper/dists/gradle-2.14.1-all/4cj8p00t3e5ni9e8iofg8ghvk7/gradle-2.14.1/lib/plugins/jetty-naming-6.1.25.jar
7fce7ebaa000-7fce7ebab000 r--s 00002000 fc:01 531407                     /root/.gradle/wrapper/dists/gradle-2.14.1-all/4cj8p00t3e5ni9e8iofg8ghvk7/gradle-2.14.1/lib/plugins/geronimo-annotation_1.0_spec-1.0.jar
7fce7ebab000-7fce7ebad000 r--s 00002000 fc:01 531406                     /root/.gradle/wrapper/dists/gradle-2.14.1-all/4cj8p00t3e5ni9e8iofg8ghvk7/gradle-2.14.1/lib/plugins/jetty-annotations-6.1.25.jar
7fce7ebad000-7fce7ebbe000 r--s 000ea000 fc:01 531405                     /root/.gradle/wrapper/dists/gradle-2.14.1-all/4cj8p00t3e5ni9e8iofg8ghvk7/gradle-2.14.1/lib/plugins/jsp-2.1-6.1.14.jar
7fce7ebbe000-7fce7ebc0000 r--s 0000d000 fc:01 531404                     /root/.gradle/wrapper/dists/gradle-2.14.1-all/4cj8p00t3e5ni9e8iofg8ghvk7/gradle-2.14.1/lib/plugins/jetty-plus-6.1.25.jar
7fce7ebc0000-7fce7ebc2000 r--s 0001f000 fc:01 531403                     /root/.gradle/wrapper/dists/gradle-2.14.1-all/4cj8p00t3e5ni9e8iofg8ghvk7/gradle-2.14.1/lib/plugins/servlet-api-2.5-20081211.jar
7fce7ebc2000-7fce7ebc6000 r--s 00028000 fc:01 531402                     /root/.gradle/wrapper/dists/gradle-2.14.1-all/4cj8p00t3e5ni9e8iofg8ghvk7/gradle-2.14.1/lib/plugins/jetty-util-6.1.25.jar
7fce7ebc6000-7fce7ebcd000 r--s 0007d000 fc:01 531401                     /root/.gradle/wrapper/dists/gradle-2.14.1-all/4cj8p00t3e5ni9e8iofg8ghvk7/gradle-2.14.1/lib/plugins/jetty-6.1.25.jar
7fce7ebcd000-7fce7ebcf000 r--s 00009000 fc:01 531360                     /root/.gradle/wrapper/dists/gradle-2.14.1-all/4cj8p00t3e5ni9e8iofg8ghvk7/gradle-2.14.1/lib/plugins/gradle-jetty-2.14.1.jar
7fce7ebcf000-7fce7ebd6000 r--s 00035000 fc:01 531417                     /root/.gradle/wrapper/dists/gradle-2.14.1-all/4cj8p00t3e5ni9e8iofg8ghvk7/gradle-2.14.1/lib/plugins/simple-4.1.21.jar
7fce7ebd6000-7fce7ebe2000 r--s 00100000 fc:01 531415                     /root/.gradle/wrapper/dists/gradle-2.14.1-all/4cj8p00t3e5ni9e8iofg8ghvk7/gradle-2.14.1/lib/plugins/rhino-1.7R3.jar
7fce7ebe2000-7fce7ebe6000 r--s 00011000 fc:01 531370                     /root/.gradle/wrapper/dists/gradle-2.14.1-all/4cj8p00t3e5ni9e8iofg8ghvk7/gradle-2.14.1/lib/plugins/gradle-javascript-2.14.1.jar
7fce7ebe6000-7fce7ebe8000 r--s 0000c000 fc:01 531376                     /root/.gradle/wrapper/dists/gradle-2.14.1-all/4cj8p00t3e5ni9e8iofg8ghvk7/gradle-2.14.1/lib/plugins/gradle-jacoco-2.14.1.jar
7fce7ebe8000-7fce7ebeb000 r--s 0000e000 fc:01 531375                     /root/.gradle/wrapper/dists/gradle-2.14.1-all/4cj8p00t3e5ni9e8iofg8ghvk7/gradle-2.14.1/lib/plugins/gradle-ivy-2.14.1.jar
7fce7ebeb000-7fce7ebec000 r--s 00002000 fc:01 531386                     /root/.gradle/wrapper/dists/gradle-2.14.1-all/4cj8p00t3e5ni9e8iofg8ghvk7/gradle-2.14.1/lib/plugins/gradle-ide-play-2.14.1.jar
7fce7ebec000-7fce7ebf1000 r--s 0002b000 fc:01 531388                     /root/.gradle/wrapper/dists/gradle-2.14.1-all/4cj8p00t3e5ni9e8iofg8ghvk7/gradle-2.14.1/lib/plugins/gradle-ide-native-2.14.1.jar
7fce7ebf1000-7fce7ebfc000 r--s 00066000 fc:01 531364                     /root/.gradle/wrapper/dists/gradle-2.14.1-all/4cj8p00t3e5ni9e8iofg8ghvk7/gradle-2.14.1/lib/plugins/gradle-ide-2.14.1.jar
7fce7ebfc000-7fce7ebfd000 r--s 00008000 fc:01 531369                     /root/.gradle/wrapper/dists/gradle-2.14.1-all/4cj8p00t3e5ni9e8iofg8ghvk7/gradle-2.14.1/lib/plugins/gradle-ear-2.14.1.jar
7fce7ebfd000-7fce7ec03000 r--s 00032000 fc:01 531372                     /root/.gradle/wrapper/dists/gradle-2.14.1-all/4cj8p00t3e5ni9e8iofg8ghvk7/gradle-2.14.1/lib/plugins/gradle-diagnostics-2.14.1.jar
7fce7ec03000-7fce7ec07000 r--s 00021000 fc:01 531359                     /root/.gradle/wrapper/dists/gradle-2.14.1-all/4cj8p00t3e5ni9e8iofg8ghvk7/gradle-2.14.1/lib/plugins/gradle-code-quality-2.14.1.jar
7fce7ec07000-7fce7ec0b000 r--s 0001f000 fc:01 531377                     /root/.gradle/wrapper/dists/gradle-2.14.1-all/4cj8p00t3e5ni9e8iofg8ghvk7/gradle-2.14.1/lib/plugins/gradle-build-init-2.14.1.jar
7fce7ec0b000-7fce7ec12000 r--s 0008e000 fc:01 531371                     /root/.gradle/wrapper/dists/gradle-2.14.1-all/4cj8p00t3e5ni9e8iofg8ghvk7/gradle-2.14.1/lib/plugins/gradle-build-comparison-2.14.1.jar
7fce7ec12000-7fce7ec14000 r--s 00008000 fc:01 531361                     /root/.gradle/wrapper/dists/gradle-2.14.1-all/4cj8p00t3e5ni9e8iofg8ghvk7/gradle-2.14.1/lib/plugins/gradle-antlr-2.14.1.jar
7fce7ec14000-7fce7ec16000 r--s 00004000 fc:01 531365                     /root/.gradle/wrapper/dists/gradle-2.14.1-all/4cj8p00t3e5ni9e8iofg8ghvk7/gradle-2.14.1/lib/plugins/gradle-announce-2.14.1.jar
7fce7ec16000-7fce7ec2e000 r--s 00115000 fc:01 531466                     /root/.gradle/wrapper/dists/gradle-2.14.1-all/4cj8p00t3e5ni9e8iofg8ghvk7/gradle-2.14.1/lib/plugins/xercesImpl-2.9.1.jar
7fce7ec2e000-7fce7ec36000 r--s 00028000 fc:01 531467                     /root/.gradle/wrapper/dists/gradle-2.14.1-all/4cj8p00t3e5ni9e8iofg8ghvk7/gradle-2.14.1/lib/plugins/xml-apis-1.3.04.jar
7fce7ec36000-7fce7ec3c000 r--s 0005b000 fc:01 531465                     /root/.gradle/wrapper/dists/gradle-2.14.1-all/4cj8p00t3e5ni9e8iofg8ghvk7/gradle-2.14.1/lib/plugins/jcifs-1.3.17.jar
7fce7ec3c000-7fce7ec43000 r--s 00049000 fc:01 531464                     /root/.gradle/wrapper/dists/gradle-2.14.1-all/4cj8p00t3e5ni9e8iofg8ghvk7/gradle-2.14.1/lib/plugins/httpcore-4.4.4.jar
7fce7ec43000-7fce7ec49000 r--s 00033000 fc:01 531412                     /root/.gradle/wrapper/dists/gradle-2.14.1-all/4cj8p00t3e5ni9e8iofg8ghvk7/gradle-2.14.1/lib/plugins/commons-codec-1.6.jar
7fce7ec49000-7fce7ec4c000 r--s 0001c000 fc:01 531422                     /root/.gradle/wrapper/dists/gradle-2.14.1-all/4cj8p00t3e5ni9e8iofg8ghvk7/gradle-2.14.1/lib/plugins/nekohtml-1.9.14.jar
7fce7ec4c000-7fce7ec59000 r--s 000a4000 fc:01 531421                     /root/.gradle/wrapper/dists/gradle-2.14.1-all/4cj8p00t3e5ni9e8iofg8ghvk7/gradle-2.14.1/lib/plugins/httpclient-4.4.1.jar
7fce7ec59000-7fce7ec5b000 r--s 0000a000 fc:01 531394                     /root/.gradle/wrapper/dists/gradle-2.14.1-all/4cj8p00t3e5ni9e8iofg8ghvk7/gradle-2.14.1/lib/plugins/gradle-resources-http-2.14.1.jar
7fce7ec5b000-7fce7ec5f000 r--s 00014000 fc:01 531393                     /root/.gradle/wrapper/dists/gradle-2.14.1-all/4cj8p00t3e5ni9e8iofg8ghvk7/gradle-2.14.1/lib/plugins/gradle-plugin-use-2.14.1.jar
7fce7ec5f000-7fce7ec60000 r--s 00000000 fc:01 531309                     /root/.gradle/wrapper/dists/gradle-2.14.1-all/4cj8p00t3e5ni9e8iofg8ghvk7/gradle-2.14.1/lib/gradle-installation-beacon-2.14.1.jar
7fce7ec60000-7fce7ec61000 r--s 00007000 fc:01 531460                     /root/.gradle/wrapper/dists/gradle-2.14.1-all/4cj8p00t3e5ni9e8iofg8ghvk7/gradle-2.14.1/lib/plugins/wagon-http-shared4-2.4.jar
7fce7ec61000-7fce7ec65000 r--s 00033000 fc:01 531459                     /root/.gradle/wrapper/dists/gradle-2.14.1-all/4cj8p00t3e5ni9e8iofg8ghvk7/gradle-2.14.1/lib/plugins/plexus-utils-2.0.6.jar
7fce7ec65000-7fce7ec69000 r--s 00021000 fc:01 531458                     /root/.gradle/wrapper/dists/gradle-2.14.1-all/4cj8p00t3e5ni9e8iofg8ghvk7/gradle-2.14.1/lib/plugins/maven-model-builder-3.0.4.jar
7fce7ec69000-7fce7ec6a000 r--s 00002000 fc:01 531457                     /root/.gradle/wrapper/dists/gradle-2.14.1-all/4cj8p00t3e5ni9e8iofg8ghvk7/gradle-2.14.1/lib/plugins/wagon-file-2.4.jar
7fce7ec6a000-7fce7ec6c000 r--s 00002000 fc:01 531456                     /root/.gradle/wrapper/dists/gradle-2.14.1-all/4cj8p00t3e5ni9e8iofg8ghvk7/gradle-2.14.1/lib/plugins/plexus-cipher-1.7.jar
7fce7ec6c000-7fce7ec6f000 r--s 00013000 fc:01 531455                     /root/.gradle/wrapper/dists/gradle-2.14.1-all/4cj8p00t3e5ni9e8iofg8ghvk7/gradle-2.14.1/lib/plugins/aether-api-1.13.1.jar
7fce7ec6f000-7fce7ec71000 r--s 0000a000 fc:01 531454                     /root/.gradle/wrapper/dists/gradle-2.14.1-all/4cj8p00t3e5ni9e8iofg8ghvk7/gradle-2.14.1/lib/plugins/maven-settings-3.0.4.jar
7fce7ec71000-7fce7ec73000 r--s 0000d000 fc:01 531453                     /root/.gradle/wrapper/dists/gradle-2.14.1-all/4cj8p00t3e5ni9e8iofg8ghvk7/gradle-2.14.1/lib/plugins/plexus-interpolation-1.14.jar
7fce7ec73000-7fce7ec75000 r--s 0000b000 fc:01 531452                     /root/.gradle/wrapper/dists/gradle-2.14.1-all/4cj8p00t3e5ni9e8iofg8ghvk7/gradle-2.14.1/lib/plugins/maven-artifact-3.0.4.jar
7fce7ec75000-7fce7ec7c000 r--s 0002e000 fc:01 531451                     /root/.gradle/wrapper/dists/gradle-2.14.1-all/4cj8p00t3e5ni9e8iofg8ghvk7/gradle-2.14.1/lib/plugins/plexus-container-default-1.5.5.jar
7fce7ec7c000-7fce7ec7e000 r--s 0000b000 fc:01 531450                     /root/.gradle/wrapper/dists/gradle-2.14.1-all/4cj8p00t3e5ni9e8iofg8ghvk7/gradle-2.14.1/lib/plugins/maven-plugin-api-3.0.4.jar
7fce7ec7e000-7fce7ec80000 r--s 00000000 fc:01 531468                     /root/.gradle/wrapper/dists/gradle-2.14.1-all/4cj8p00t3e5ni9e8iofg8ghvk7/gradle-2.14.1/lib/plugins/plexus-component-annotations-1.5.5.jar
7fce7ec80000-7fce7ec86000 r--s 0003f000 fc:01 531449                     /root/.gradle/wrapper/dists/gradle-2.14.1-all/4cj8p00t3e5ni9e8iofg8ghvk7/gradle-2.14.1/lib/plugins/maven-compat-3.0.4.jar
7fce7ec86000-7fce7ec89000 r--s 00008000 fc:01 531448                     /root/.gradle/wrapper/dists/gradle-2.14.1-all/4cj8p00t3e5ni9e8iofg8ghvk7/gradle-2.14.1/lib/plugins/maven-settings-builder-3.0.4.jar
7fce7ec89000-7fce7ec8a000 r--s 00002000 fc:01 531447                     /root/.gradle/wrapper/dists/gradle-2.14.1-all/4cj8p00t3e5ni9e8iofg8ghvk7/gradle-2.14.1/lib/plugins/wagon-http-2.4.jar
7fce7ec8a000-7fce7ec8c000 r--s 00026000 fc:01 531446                     /root/.gradle/wrapper/dists/gradle-2.14.1-all/4cj8p00t3e5ni9e8iofg8ghvk7/gradle-2.14.1/lib/plugins/maven-model-3.0.4.jar
7fce7ec8c000-7fce7ec8e000 r--s 00006000 fc:01 531445                     /root/.gradle/wrapper/dists/gradle-2.14.1-all/4cj8p00t3e5ni9e8iofg8ghvk7/gradle-2.14.1/lib/plugins/aether-connector-wagon-1.13.1.jar
7fce7ec8e000-7fce7ec90000 r--s 0000a000 fc:01 531444                     /root/.gradle/wrapper/dists/gradle-2.14.1-all/4cj8p00t3e5ni9e8iofg8ghvk7/gradle-2.14.1/lib/plugins/plexus-classworlds-2.4.jar
7fce7ec90000-7fce7ec92000 r--s 00006000 fc:01 531443                     /root/.gradle/wrapper/dists/gradle-2.14.1-all/4cj8p00t3e5ni9e8iofg8ghvk7/gradle-2.14.1/lib/plugins/maven-repository-metadata-3.0.4.jar
7fce7ec92000-7fce7ec94000 r--s 0000c000 fc:01 531442                     /root/.gradle/wrapper/dists/gradle-2.14.1-all/4cj8p00t3e5ni9e8iofg8ghvk7/gradle-2.14.1/lib/plugins/maven-aether-provider-3.0.4.jar
7fce7ec94000-7fce7ec96000 r--s 0000b000 fc:01 531441                     /root/.gradle/wrapper/dists/gradle-2.14.1-all/4cj8p00t3e5ni9e8iofg8ghvk7/gradle-2.14.1/lib/plugins/wagon-provider-api-2.4.jar
7fce7ec96000-7fce7ec9a000 r--s 0001c000 fc:01 531439                     /root/.gradle/wrapper/dists/gradle-2.14.1-all/4cj8p00t3e5ni9e8iofg8ghvk7/gradle-2.14.1/lib/plugins/aether-util-1.13.1.jar
7fce7ec9a000-7fce7ec9d000 r--s 0001d000 fc:01 531438                     /root/.gradle/wrapper/dists/gradle-2.14.1-all/4cj8p00t3e5ni9e8iofg8ghvk7/gradle-2.14.1/lib/plugins/aether-impl-1.13.1.jar
7fce7ec9d000-7fce7eca2000 r--s 00040000 fc:01 531423                     /root/.gradle/wrapper/dists/gradle-2.14.1-all/4cj8p00t3e5ni9e8iofg8ghvk7/gradle-2.14.1/lib/plugins/jsch-0.1.53.jar
7fce7eca2000-7fce7ece2000 r--s 00277000 fc:01 531433                     /root/.gradle/wrapper/dists/gradle-2.14.1-all/4cj8p00t3e5ni9e8iofg8ghvk7/gradle-2.14.1/lib/plugins/bcprov-jdk15on-1.51.jar
7fce7ece2000-7fce7ece6000 r--s 0001d000 fc:01 531432                     /root/.gradle/wrapper/dists/gradle-2.14.1-all/4cj8p00t3e5ni9e8iofg8ghvk7/gradle-2.14.1/lib/plugins/xbean-reflect-3.4.jar
7fce7ece6000-7fce7ecf2000 r--s 0007d000 fc:01 531409                     /root/.gradle/wrapper/dists/gradle-2.14.1-all/4cj8p00t3e5ni9e8iofg8ghvk7/gradle-2.14.1/lib/plugins/maven-core-3.0.4.jar
7fce7ecf2000-7fce7ecf7000 r--s 0002a000 fc:01 531416                     /root/.gradle/wrapper/dists/gradle-2.14.1-all/4cj8p00t3e5ni9e8iofg8ghvk7/gradle-2.14.1/lib/plugins/gson-2.2.4.jar
7fce7ecf7000-7fce7ed06000 r--s 000d9000 fc:01 531431                     /root/.gradle/wrapper/dists/gradle-2.14.1-all/4cj8p00t3e5ni9e8iofg8ghvk7/gradle-2.14.1/lib/plugins/ivy-2.2.0.jar
7fce7ed06000-7fce7ed22000 r--s 000d3000 fc:01 531398                     /root/.gradle/wrapper/dists/gradle-2.14.1-all/4cj8p00t3e5ni9e8iofg8ghvk7/gradle-2.14.1/lib/plugins/gradle-dependency-management-2.14.1.jar
7fce7ed22000-7fce7ed26000 r-xp 00000000 fc:01 540192                     /root/.gradle/native/19/linux-amd64/libnative-platform.so
7fce7ed26000-7fce7ef25000 ---p 00004000 fc:01 540192                     /root/.gradle/native/19/linux-amd64/libnative-platform.so
7fce7ef25000-7fce7ef26000 rw-p 00003000 fc:01 540192                     /root/.gradle/native/19/linux-amd64/libnative-platform.so
7fce7ef26000-7fce7ef37000 r-xp 00000000 fc:01 531032                     /usr/lib/jvm/java-8-openjdk-amd64/jre/lib/amd64/libnio.so
7fce7ef37000-7fce7f137000 ---p 00011000 fc:01 531032                     /usr/lib/jvm/java-8-openjdk-amd64/jre/lib/amd64/libnio.so
7fce7f137000-7fce7f138000 r--p 00011000 fc:01 531032                     /usr/lib/jvm/java-8-openjdk-amd64/jre/lib/amd64/libnio.so
7fce7f138000-7fce7f139000 rw-p 00012000 fc:01 531032                     /usr/lib/jvm/java-8-openjdk-amd64/jre/lib/amd64/libnio.so
7fce7f139000-7fce7f43a000 rw-p 00000000 00:00 0 
7fce7f43a000-7fce7f451000 r-xp 00000000 fc:01 531031                     /usr/lib/jvm/java-8-openjdk-amd64/jre/lib/amd64/libnet.so
7fce7f451000-7fce7f650000 ---p 00017000 fc:01 531031                     /usr/lib/jvm/java-8-openjdk-amd64/jre/lib/amd64/libnet.so
7fce7f650000-7fce7f651000 r--p 00016000 fc:01 531031                     /usr/lib/jvm/java-8-openjdk-amd64/jre/lib/amd64/libnet.so
7fce7f651000-7fce7f652000 rw-p 00017000 fc:01 531031                     /usr/lib/jvm/java-8-openjdk-amd64/jre/lib/amd64/libnet.so
7fce7f652000-7fce7f660000 r--s 0004f000 fc:01 531315                     /root/.gradle/wrapper/dists/gradle-2.14.1-all/4cj8p00t3e5ni9e8iofg8ghvk7/gradle-2.14.1/lib/gradle-tooling-api-2.14.1.jar
7fce7f660000-7fce7f661000 ---p 00000000 00:00 0 
7fce7f661000-7fce7f761000 rw-p 00000000 00:00 0 
7fce7f761000-7fce7f764000 ---p 00000000 00:00 0 
7fce7f764000-7fce7f862000 rw-p 00000000 00:00 0 
7fce7f862000-7fce7f865000 ---p 00000000 00:00 0 
7fce7f865000-7fce7f963000 rw-p 00000000 00:00 0 
7fce7f963000-7fce7f966000 ---p 00000000 00:00 0 
7fce7f966000-7fce7fa64000 rw-p 00000000 00:00 0 
7fce7fa64000-7fce7fa67000 ---p 00000000 00:00 0 
7fce7fa67000-7fce7fb65000 rw-p 00000000 00:00 0 
7fce7fb65000-7fce7fcfd000 r--p 00000000 fc:01 10113                      /usr/lib/locale/locale-archive
7fce7fcfd000-7fce7fd00000 ---p 00000000 00:00 0 
7fce7fd00000-7fce7fdfe000 rw-p 00000000 00:00 0 
7fce7fdfe000-7fce7fe01000 ---p 00000000 00:00 0 
7fce7fe01000-7fce7feff000 rw-p 00000000 00:00 0 
7fce7feff000-7fce7ff00000 ---p 00000000 00:00 0 
7fce7ff00000-7fce80000000 rw-p 00000000 00:00 0 
7fce80000000-7fce801f2000 rw-p 00000000 00:00 0 
7fce801f2000-7fce84000000 ---p 00000000 00:00 0 
7fce84000000-7fce88000000 rw-p 00000000 00:00 0 
7fce88000000-7fce8bff6000 rw-p 00000000 00:00 0 
7fce8bff6000-7fce8c000000 ---p 00000000 00:00 0 
7fce8c000000-7fce8c001000 r--s 00003000 fc:01 531440                     /root/.gradle/wrapper/dists/gradle-2.14.1-all/4cj8p00t3e5ni9e8iofg8ghvk7/gradle-2.14.1/lib/plugins/aether-spi-1.13.1.jar
7fce8c001000-7fce8c002000 r--s 00006000 fc:01 531437                     /root/.gradle/wrapper/dists/gradle-2.14.1-all/4cj8p00t3e5ni9e8iofg8ghvk7/gradle-2.14.1/lib/plugins/plexus-sec-dispatcher-1.3.jar
7fce8c002000-7fce8c004000 r--s 00005000 fc:01 531308                     /root/.gradle/wrapper/dists/gradle-2.14.1-all/4cj8p00t3e5ni9e8iofg8ghvk7/gradle-2.14.1/lib/gradle-wrapper-2.14.1.jar
7fce8c004000-7fce8c006000 r--s 00002000 fc:01 531335                     /root/.gradle/wrapper/dists/gradle-2.14.1-all/4cj8p00t3e5ni9e8iofg8ghvk7/gradle-2.14.1/lib/gradle-open-api-2.14.1.jar
7fce8c006000-7fce8c00c000 r--s 00032000 fc:01 531337                     /root/.gradle/wrapper/dists/gradle-2.14.1-all/4cj8p00t3e5ni9e8iofg8ghvk7/gradle-2.14.1/lib/jaxen-1.1.jar
7fce8c00c000-7fce8c011000 r--s 00048000 fc:01 531336                     /root/.gradle/wrapper/dists/gradle-2.14.1-all/4cj8p00t3e5ni9e8iofg8ghvk7/gradle-2.14.1/lib/dom4j-1.6.1.jar
7fce8c011000-7fce8c01c000 r--s 00059000 fc:01 531314                     /root/.gradle/wrapper/dists/gradle-2.14.1-all/4cj8p00t3e5ni9e8iofg8ghvk7/gradle-2.14.1/lib/gradle-ui-2.14.1.jar
7fce8c01c000-7fce8c01f000 r--s 0000b000 fc:01 531333                     /root/.gradle/wrapper/dists/gradle-2.14.1-all/4cj8p00t3e5ni9e8iofg8ghvk7/gradle-2.14.1/lib/gradle-resources-2.14.1.jar
7fce8c01f000-7fce8c021000 r--s 00003000 fc:01 531345                     /root/.gradle/wrapper/dists/gradle-2.14.1-all/4cj8p00t3e5ni9e8iofg8ghvk7/gradle-2.14.1/lib/jcl-over-slf4j-1.7.10.jar
7fce8c021000-7fce8c022000 r--s 00005000 fc:01 531344                     /root/.gradle/wrapper/dists/gradle-2.14.1-all/4cj8p00t3e5ni9e8iofg8ghvk7/gradle-2.14.1/lib/log4j-over-slf4j-1.7.10.jar
7fce8c022000-7fce8c024000 r--s 00000000 fc:01 531343                     /root/.gradle/wrapper/dists/gradle-2.14.1-all/4cj8p00t3e5ni9e8iofg8ghvk7/gradle-2.14.1/lib/jul-to-slf4j-1.7.10.jar
7fce8c024000-7fce8c029000 r--s 0001c000 fc:01 531332                     /root/.gradle/wrapper/dists/gradle-2.14.1-all/4cj8p00t3e5ni9e8iofg8ghvk7/gradle-2.14.1/lib/gradle-logging-2.14.1.jar
7fce8c029000-7fce8c02b000 r--s 00007000 fc:01 531356                     /root/.gradle/wrapper/dists/gradle-2.14.1-all/4cj8p00t3e5ni9e8iofg8ghvk7/gradle-2.14.1/lib/objenesis-1.2.jar
7fce8c02b000-7fce8c02d000 r--s 00000000 fc:01 531355                     /root/.gradle/wrapper/dists/gradle-2.14.1-all/4cj8p00t3e5ni9e8iofg8ghvk7/gradle-2.14.1/lib/minlog-1.2.jar
7fce8c02d000-7fce8c02f000 r--s 0000f000 fc:01 531354                     /root/.gradle/wrapper/dists/gradle-2.14.1-all/4cj8p00t3e5ni9e8iofg8ghvk7/gradle-2.14.1/lib/reflectasm-1.07-shaded.jar
7fce8c02f000-7fce8c033000 r--s 00026000 fc:01 531342                     /root/.gradle/wrapper/dists/gradle-2.14.1-all/4cj8p00t3e5ni9e8iofg8ghvk7/gradle-2.14.1/lib/kryo-2.20.jar
7fce8c033000-7fce8c039000 r--s 00025000 fc:01 531331                     /root/.gradle/wrapper/dists/gradle-2.14.1-all/4cj8p00t3e5ni9e8iofg8ghvk7/gradle-2.14.1/lib/gradle-messaging-2.14.1.jar
7fce8c039000-7fce8c03a000 r--s 00003000 fc:01 531353                     /root/.gradle/wrapper/dists/gradle-2.14.1-all/4cj8p00t3e5ni9e8iofg8ghvk7/gradle-2.14.1/lib/native-platform-freebsd-amd64-0.10.jar
7fce8c03a000-7fce8c03b000 r--s 00003000 fc:01 531352                     /root/.gradle/wrapper/dists/gradle-2.14.1-all/4cj8p00t3e5ni9e8iofg8ghvk7/gradle-2.14.1/lib/native-platform-freebsd-i386-0.10.jar
7fce8c03b000-7fce8c03c000 r--s 00005000 fc:01 531351                     /root/.gradle/wrapper/dists/gradle-2.14.1-all/4cj8p00t3e5ni9e8iofg8ghvk7/gradle-2.14.1/lib/native-platform-windows-i386-0.10.jar
7fce8c03c000-7fce8c03d000 r--s 00005000 fc:01 531350                     /root/.gradle/wrapper/dists/gradle-2.14.1-all/4cj8p00t3e5ni9e8iofg8ghvk7/gradle-2.14.1/lib/native-platform-windows-amd64-0.10.jar
7fce8c03d000-7fce8c03e000 r--s 00003000 fc:01 531349                     /root/.gradle/wrapper/dists/gradle-2.14.1-all/4cj8p00t3e5ni9e8iofg8ghvk7/gradle-2.14.1/lib/native-platform-linux-i386-0.10.jar
7fce8c03e000-7fce8c03f000 r--s 00003000 fc:01 531348                     /root/.gradle/wrapper/dists/gradle-2.14.1-all/4cj8p00t3e5ni9e8iofg8ghvk7/gradle-2.14.1/lib/native-platform-linux-amd64-0.10.jar
7fce8c03f000-7fce8c040000 r--s 00002000 fc:01 531347                     /root/.gradle/wrapper/dists/gradle-2.14.1-all/4cj8p00t3e5ni9e8iofg8ghvk7/gradle-2.14.1/lib/native-platform-osx-amd64-0.10.jar
7fce8c040000-7fce8c041000 r--s 00002000 fc:01 531346                     /root/.gradle/wrapper/dists/gradle-2.14.1-all/4cj8p00t3e5ni9e8iofg8ghvk7/gradle-2.14.1/lib/native-platform-osx-i386-0.10.jar
7fce8c041000-7fce8c043000 r--s 00008000 fc:01 531340                     /root/.gradle/wrapper/dists/gradle-2.14.1-all/4cj8p00t3e5ni9e8iofg8ghvk7/gradle-2.14.1/lib/jansi-1.2.1.jar
7fce8c043000-7fce8c046000 r--s 0000d000 fc:01 531339                     /root/.gradle/wrapper/dists/gradle-2.14.1-all/4cj8p00t3e5ni9e8iofg8ghvk7/gradle-2.14.1/lib/native-platform-0.10.jar
7fce8c046000-7fce8c04a000 r--s 000e4000 fc:01 531338                     /root/.gradle/wrapper/dists/gradle-2.14.1-all/4cj8p00t3e5ni9e8iofg8ghvk7/gradle-2.14.1/lib/jna-3.2.7.jar
7fce8c04a000-7fce8c04c000 r--s 00009000 fc:01 531316                     /root/.gradle/wrapper/dists/gradle-2.14.1-all/4cj8p00t3e5ni9e8iofg8ghvk7/gradle-2.14.1/lib/gradle-native-2.14.1.jar
7fce8c04c000-7fce8c04e000 r--s 00005000 fc:01 531313                     /root/.gradle/wrapper/dists/gradle-2.14.1-all/4cj8p00t3e5ni9e8iofg8ghvk7/gradle-2.14.1/lib/gradle-cli-2.14.1.jar
7fce8c04e000-7fce8c050000 r--s 00007000 fc:01 531323                     /root/.gradle/wrapper/dists/gradle-2.14.1-all/4cj8p00t3e5ni9e8iofg8ghvk7/gradle-2.14.1/lib/gradle-model-groovy-2.14.1.jar
7fce8c050000-7fce8c051000 r--s 00006000 fc:01 531330                     /root/.gradle/wrapper/dists/gradle-2.14.1-all/4cj8p00t3e5ni9e8iofg8ghvk7/gradle-2.14.1/lib/gradle-base-services-groovy-2.14.1.jar
7fce8c051000-7fce8c060000 r--s 00080000 fc:01 531322                     /root/.gradle/wrapper/dists/gradle-2.14.1-all/4cj8p00t3e5ni9e8iofg8ghvk7/gradle-2.14.1/lib/gradle-model-core-2.14.1.jar
7fce8c060000-7fce8c061000 r--s 00002000 fc:01 531334                     /root/.gradle/wrapper/dists/gradle-2.14.1-all/4cj8p00t3e5ni9e8iofg8ghvk7/gradle-2.14.1/lib/gradle-docs-2.14.1.jar
7fce8c061000-7fce8c062000 r--s 00000000 fc:01 531329                     /root/.gradle/wrapper/dists/gradle-2.14.1-all/4cj8p00t3e5ni9e8iofg8ghvk7/gradle-2.14.1/lib/javax.inject-1.jar
7fce8c062000-7fce8c0d1000 r--s 0063e000 fc:01 531321                     /root/.gradle/wrapper/dists/gradle-2.14.1-all/4cj8p00t3e5ni9e8iofg8ghvk7/gradle-2.14.1/lib/groovy-all-2.4.4.jar
7fce8c0d1000-7fce8c0f9000 r--s 001cf000 fc:01 531318                     /root/.gradle/wrapper/dists/gradle-2.14.1-all/4cj8p00t3e5ni9e8iofg8ghvk7/gradle-2.14.1/lib/guava-jdk5-17.0.jar
7fce8c0f9000-7fce8d000000 rw-p 00000000 00:00 0 
7fce8d000000-7fce8f4a0000 rwxp 00000000 00:00 0 
7fce8f4a0000-7fce9c000000 ---p 00000000 00:00 0 
7fce9c000000-7fce9ce5e000 rw-p 00000000 00:00 0 
7fce9ce5e000-7fcea0000000 ---p 00000000 00:00 0 
7fcea0000000-7fcea0001000 r--s 00000000 fc:01 531328                     /root/.gradle/wrapper/dists/gradle-2.14.1-all/4cj8p00t3e5ni9e8iofg8ghvk7/gradle-2.14.1/lib/jcip-annotations-1.0.jar
7fcea0001000-7fcea0005000 r--s 00027000 fc:01 531327                     /root/.gradle/wrapper/dists/gradle-2.14.1-all/4cj8p00t3e5ni9e8iofg8ghvk7/gradle-2.14.1/lib/commons-io-2.2.jar
7fcea0005000-7fcea0012000 r--s 00083000 fc:01 531326                     /root/.gradle/wrapper/dists/gradle-2.14.1-all/4cj8p00t3e5ni9e8iofg8ghvk7/gradle-2.14.1/lib/commons-collections-3.2.2.jar
7fcea0012000-7fcea0017000 r--s 00038000 fc:01 531324                     /root/.gradle/wrapper/dists/gradle-2.14.1-all/4cj8p00t3e5ni9e8iofg8ghvk7/gradle-2.14.1/lib/asm-all-5.1.jar
7fcea0017000-7fcea0018000 r--s 00001000 fc:01 531320                     /root/.gradle/wrapper/dists/gradle-2.14.1-all/4cj8p00t3e5ni9e8iofg8ghvk7/gradle-2.14.1/lib/gradle-process-services-2.14.1.jar
7fcea0018000-7fcea0019000 r--s 00000000 fc:01 531311                     /root/.gradle/wrapper/dists/gradle-2.14.1-all/4cj8p00t3e5ni9e8iofg8ghvk7/gradle-2.14.1/lib/gradle-jvm-services-2.14.1.jar
7fcea0019000-7fcea001e000 r--s 00041000 fc:01 531319                     /root/.gradle/wrapper/dists/gradle-2.14.1-all/4cj8p00t3e5ni9e8iofg8ghvk7/gradle-2.14.1/lib/commons-lang-2.6.jar
7fcea001e000-7fcea001f000 r--s 00007000 fc:01 531317                     /root/.gradle/wrapper/dists/gradle-2.14.1-all/4cj8p00t3e5ni9e8iofg8ghvk7/gradle-2.14.1/lib/slf4j-api-1.7.10.jar
7fcea001f000-7fcea0020000 r--s 00004000 fc:01 531341                     /root/.gradle/wrapper/dists/gradle-2.14.1-all/4cj8p00t3e5ni9e8iofg8ghvk7/gradle-2.14.1/lib/ant-launcher-1.9.6.jar
7fcea0020000-7fcea003f000 r--s 001d1000 fc:01 531325                     /root/.gradle/wrapper/dists/gradle-2.14.1-all/4cj8p00t3e5ni9e8iofg8ghvk7/gradle-2.14.1/lib/ant-1.9.6.jar
7fcea003f000-7fcea0047000 r--s 0003a000 fc:01 531310                     /root/.gradle/wrapper/dists/gradle-2.14.1-all/4cj8p00t3e5ni9e8iofg8ghvk7/gradle-2.14.1/lib/gradle-base-services-2.14.1.jar
7fcea0047000-7fcea007e000 r--s 001bd000 fc:01 531312                     /root/.gradle/wrapper/dists/gradle-2.14.1-all/4cj8p00t3e5ni9e8iofg8ghvk7/gradle-2.14.1/lib/gradle-core-2.14.1.jar
7fcea007e000-7fcea0089000 r--s 00051000 fc:01 531307                     /root/.gradle/wrapper/dists/gradle-2.14.1-all/4cj8p00t3e5ni9e8iofg8ghvk7/gradle-2.14.1/lib/gradle-launcher-2.14.1.jar
7fcea0089000-7fcea0093000 r--s 00116000 fc:01 531057                     /usr/lib/jvm/java-8-openjdk-amd64/jre/lib/ext/localedata.jar
7fcea0093000-7fcea00ae000 r--s 00394000 fc:01 531053                     /usr/lib/jvm/java-8-openjdk-amd64/jre/lib/ext/cldrdata.jar
7fcea00ae000-7fcea00b0000 r--s 00008000 fc:01 531059                     /usr/lib/jvm/java-8-openjdk-amd64/jre/lib/ext/sunec.jar
7fcea00b0000-7fcea00b5000 r--s 0003b000 fc:01 531060                     /usr/lib/jvm/java-8-openjdk-amd64/jre/lib/ext/sunjce_provider.jar
7fcea00b5000-7fcea00b8000 r--s 0000f000 fc:01 531055                     /usr/lib/jvm/java-8-openjdk-amd64/jre/lib/ext/icedtea-sound.jar
7fcea00b8000-7fcea00ba000 r--s 00001000 fc:01 531054                     /usr/lib/jvm/java-8-openjdk-amd64/jre/lib/ext/dnsns.jar
7fcea00ba000-7fcea034b000 rw-p 00000000 00:00 0 
7fcea034b000-7fcea0519000 r--s 03c06000 fc:01 531082                     /usr/lib/jvm/java-8-openjdk-amd64/jre/lib/rt.jar
7fcea0519000-7fcea098f000 rw-p 00000000 00:00 0 
7fcea098f000-7fcea0990000 ---p 00000000 00:00 0 
7fcea0990000-7fcea0a90000 rw-p 00000000 00:00 0 
7fcea0a90000-7fcea0a91000 ---p 00000000 00:00 0 
7fcea0a91000-7fcea0bcc000 rw-p 00000000 00:00 0 
7fcea0bcc000-7fcea0e3c000 ---p 00000000 00:00 0 
7fcea0e3c000-7fcea0e77000 rw-p 00000000 00:00 0 
7fcea0e77000-7fcea10e6000 ---p 00000000 00:00 0 
7fcea10e6000-7fcea1232000 rw-p 00000000 00:00 0 
7fcea1232000-7fcea123c000 ---p 00000000 00:00 0 
7fcea123c000-7fcea12d0000 rw-p 00000000 00:00 0 
7fcea12d0000-7fcea15fd000 ---p 00000000 00:00 0 
7fcea15fd000-7fcea1605000 r-xp 00000000 fc:01 531039                     /usr/lib/jvm/java-8-openjdk-amd64/jre/lib/amd64/libzip.so
7fcea1605000-7fcea1804000 ---p 00008000 fc:01 531039                     /usr/lib/jvm/java-8-openjdk-amd64/jre/lib/amd64/libzip.so
7fcea1804000-7fcea1805000 r--p 00007000 fc:01 531039                     /usr/lib/jvm/java-8-openjdk-amd64/jre/lib/amd64/libzip.so
7fcea1805000-7fcea1806000 rw-p 00008000 fc:01 531039                     /usr/lib/jvm/java-8-openjdk-amd64/jre/lib/amd64/libzip.so
7fcea1806000-7fcea1811000 r-xp 00000000 fc:01 1912                       /lib/x86_64-linux-gnu/libnss_files-2.24.so
7fcea1811000-7fcea1a10000 ---p 0000b000 fc:01 1912                       /lib/x86_64-linux-gnu/libnss_files-2.24.so
7fcea1a10000-7fcea1a11000 r--p 0000a000 fc:01 1912                       /lib/x86_64-linux-gnu/libnss_files-2.24.so
7fcea1a11000-7fcea1a12000 rw-p 0000b000 fc:01 1912                       /lib/x86_64-linux-gnu/libnss_files-2.24.so
7fcea1a12000-7fcea1a18000 rw-p 00000000 00:00 0 
7fcea1a18000-7fcea1a23000 r-xp 00000000 fc:01 1914                       /lib/x86_64-linux-gnu/libnss_nis-2.24.so
7fcea1a23000-7fcea1c22000 ---p 0000b000 fc:01 1914                       /lib/x86_64-linux-gnu/libnss_nis-2.24.so
7fcea1c22000-7fcea1c23000 r--p 0000a000 fc:01 1914                       /lib/x86_64-linux-gnu/libnss_nis-2.24.so
7fcea1c23000-7fcea1c24000 rw-p 0000b000 fc:01 1914                       /lib/x86_64-linux-gnu/libnss_nis-2.24.so
7fcea1c24000-7fcea1c3a000 r-xp 00000000 fc:01 1909                       /lib/x86_64-linux-gnu/libnsl-2.24.so
7fcea1c3a000-7fcea1e39000 ---p 00016000 fc:01 1909                       /lib/x86_64-linux-gnu/libnsl-2.24.so
7fcea1e39000-7fcea1e3a000 r--p 00015000 fc:01 1909                       /lib/x86_64-linux-gnu/libnsl-2.24.so
7fcea1e3a000-7fcea1e3b000 rw-p 00016000 fc:01 1909                       /lib/x86_64-linux-gnu/libnsl-2.24.so
7fcea1e3b000-7fcea1e3d000 rw-p 00000000 00:00 0 
7fcea1e3d000-7fcea1e45000 r-xp 00000000 fc:01 1910                       /lib/x86_64-linux-gnu/libnss_compat-2.24.so
7fcea1e45000-7fcea2044000 ---p 00008000 fc:01 1910                       /lib/x86_64-linux-gnu/libnss_compat-2.24.so
7fcea2044000-7fcea2045000 r--p 00007000 fc:01 1910                       /lib/x86_64-linux-gnu/libnss_compat-2.24.so
7fcea2045000-7fcea2046000 rw-p 00008000 fc:01 1910                       /lib/x86_64-linux-gnu/libnss_compat-2.24.so
7fcea2046000-7fcea2073000 r-xp 00000000 fc:01 531020                     /usr/lib/jvm/java-8-openjdk-amd64/jre/lib/amd64/libjava.so
7fcea2073000-7fcea2272000 ---p 0002d000 fc:01 531020                     /usr/lib/jvm/java-8-openjdk-amd64/jre/lib/amd64/libjava.so
7fcea2272000-7fcea2273000 r--p 0002c000 fc:01 531020                     /usr/lib/jvm/java-8-openjdk-amd64/jre/lib/amd64/libjava.so
7fcea2273000-7fcea2275000 rw-p 0002d000 fc:01 531020                     /usr/lib/jvm/java-8-openjdk-amd64/jre/lib/amd64/libjava.so
7fcea2275000-7fcea2284000 r-xp 00000000 fc:01 531038                     /usr/lib/jvm/java-8-openjdk-amd64/jre/lib/amd64/libverify.so
7fcea2284000-7fcea2483000 ---p 0000f000 fc:01 531038                     /usr/lib/jvm/java-8-openjdk-amd64/jre/lib/amd64/libverify.so
7fcea2483000-7fcea2485000 r--p 0000e000 fc:01 531038                     /usr/lib/jvm/java-8-openjdk-amd64/jre/lib/amd64/libverify.so
7fcea2485000-7fcea2486000 rw-p 00010000 fc:01 531038                     /usr/lib/jvm/java-8-openjdk-amd64/jre/lib/amd64/libverify.so
7fcea2486000-7fcea248d000 r-xp 00000000 fc:01 1919                       /lib/x86_64-linux-gnu/librt-2.24.so
7fcea248d000-7fcea268c000 ---p 00007000 fc:01 1919                       /lib/x86_64-linux-gnu/librt-2.24.so
7fcea268c000-7fcea268d000 r--p 00006000 fc:01 1919                       /lib/x86_64-linux-gnu/librt-2.24.so
7fcea268d000-7fcea268e000 rw-p 00007000 fc:01 1919                       /lib/x86_64-linux-gnu/librt-2.24.so
7fcea268e000-7fcea26a4000 r-xp 00000000 fc:01 1930                       /lib/x86_64-linux-gnu/libgcc_s.so.1
7fcea26a4000-7fcea28a3000 ---p 00016000 fc:01 1930                       /lib/x86_64-linux-gnu/libgcc_s.so.1
7fcea28a3000-7fcea28a4000 r--p 00015000 fc:01 1930                       /lib/x86_64-linux-gnu/libgcc_s.so.1
7fcea28a4000-7fcea28a5000 rw-p 00016000 fc:01 1930                       /lib/x86_64-linux-gnu/libgcc_s.so.1
7fcea28a5000-7fcea29ad000 r-xp 00000000 fc:01 1906                       /lib/x86_64-linux-gnu/libm-2.24.so
7fcea29ad000-7fcea2bac000 ---p 00108000 fc:01 1906                       /lib/x86_64-linux-gnu/libm-2.24.so
7fcea2bac000-7fcea2bad000 r--p 00107000 fc:01 1906                       /lib/x86_64-linux-gnu/libm-2.24.so
7fcea2bad000-7fcea2bae000 rw-p 00108000 fc:01 1906                       /lib/x86_64-linux-gnu/libm-2.24.so
7fcea2bae000-7fcea2d26000 r-xp 00000000 fc:01 6484                       /usr/lib/x86_64-linux-gnu/libstdc++.so.6.0.22
7fcea2d26000-7fcea2f26000 ---p 00178000 fc:01 6484                       /usr/lib/x86_64-linux-gnu/libstdc++.so.6.0.22
7fcea2f26000-7fcea2f30000 r--p 00178000 fc:01 6484                       /usr/lib/x86_64-linux-gnu/libstdc++.so.6.0.22
7fcea2f30000-7fcea2f32000 rw-p 00182000 fc:01 6484                       /usr/lib/x86_64-linux-gnu/libstdc++.so.6.0.22
7fcea2f32000-7fcea2f36000 rw-p 00000000 00:00 0 
7fcea2f36000-7fcea3b8b000 r-xp 00000000 fc:01 531042                     /usr/lib/jvm/java-8-openjdk-amd64/jre/lib/amd64/server/libjvm.so
7fcea3b8b000-7fcea3d8b000 ---p 00c55000 fc:01 531042                     /usr/lib/jvm/java-8-openjdk-amd64/jre/lib/amd64/server/libjvm.so
7fcea3d8b000-7fcea3e1e000 r--p 00c55000 fc:01 531042                     /usr/lib/jvm/java-8-openjdk-amd64/jre/lib/amd64/server/libjvm.so
7fcea3e1e000-7fcea3e47000 rw-p 00ce8000 fc:01 531042                     /usr/lib/jvm/java-8-openjdk-amd64/jre/lib/amd64/server/libjvm.so
7fcea3e47000-7fcea3e77000 rw-p 00000000 00:00 0 
7fcea3e77000-7fcea3e8f000 r-xp 00000000 fc:01 1917                       /lib/x86_64-linux-gnu/libpthread-2.24.so
7fcea3e8f000-7fcea408f000 ---p 00018000 fc:01 1917                       /lib/x86_64-linux-gnu/libpthread-2.24.so
7fcea408f000-7fcea4090000 r--p 00018000 fc:01 1917                       /lib/x86_64-linux-gnu/libpthread-2.24.so
7fcea4090000-7fcea4091000 rw-p 00019000 fc:01 1917                       /lib/x86_64-linux-gnu/libpthread-2.24.so
7fcea4091000-7fcea4095000 rw-p 00000000 00:00 0 
7fcea4095000-7fcea4098000 r-xp 00000000 fc:01 1905                       /lib/x86_64-linux-gnu/libdl-2.24.so
7fcea4098000-7fcea4297000 ---p 00003000 fc:01 1905                       /lib/x86_64-linux-gnu/libdl-2.24.so
7fcea4297000-7fcea4298000 r--p 00002000 fc:01 1905                       /lib/x86_64-linux-gnu/libdl-2.24.so
7fcea4298000-7fcea4299000 rw-p 00003000 fc:01 1905                       /lib/x86_64-linux-gnu/libdl-2.24.so
7fcea4299000-7fcea42b2000 r-xp 00000000 fc:01 2025                       /lib/x86_64-linux-gnu/libz.so.1.2.8
7fcea42b2000-7fcea44b1000 ---p 00019000 fc:01 2025                       /lib/x86_64-linux-gnu/libz.so.1.2.8
7fcea44b1000-7fcea44b2000 r--p 00018000 fc:01 2025                       /lib/x86_64-linux-gnu/libz.so.1.2.8
7fcea44b2000-7fcea44b3000 rw-p 00019000 fc:01 2025                       /lib/x86_64-linux-gnu/libz.so.1.2.8
7fcea44b3000-7fcea4670000 r-xp 00000000 fc:01 1902                       /lib/x86_64-linux-gnu/libc-2.24.so
7fcea4670000-7fcea4870000 ---p 001bd000 fc:01 1902                       /lib/x86_64-linux-gnu/libc-2.24.so
7fcea4870000-7fcea4874000 r--p 001bd000 fc:01 1902                       /lib/x86_64-linux-gnu/libc-2.24.so
7fcea4874000-7fcea4876000 rw-p 001c1000 fc:01 1902                       /lib/x86_64-linux-gnu/libc-2.24.so
7fcea4876000-7fcea487a000 rw-p 00000000 00:00 0 
7fcea487a000-7fcea4887000 r-xp 00000000 fc:01 531006                     /usr/lib/jvm/java-8-openjdk-amd64/jre/lib/amd64/jli/libjli.so
7fcea4887000-7fcea4a87000 ---p 0000d000 fc:01 531006                     /usr/lib/jvm/java-8-openjdk-amd64/jre/lib/amd64/jli/libjli.so
7fcea4a87000-7fcea4a88000 r--p 0000d000 fc:01 531006                     /usr/lib/jvm/java-8-openjdk-amd64/jre/lib/amd64/jli/libjli.so
7fcea4a88000-7fcea4a89000 rw-p 0000e000 fc:01 531006                     /usr/lib/jvm/java-8-openjdk-amd64/jre/lib/amd64/jli/libjli.so
7fcea4a89000-7fcea4aae000 r-xp 00000000 fc:01 1898                       /lib/x86_64-linux-gnu/ld-2.24.so
7fcea4aae000-7fcea4aaf000 r--s 00010000 fc:01 531062                     /usr/lib/jvm/java-8-openjdk-amd64/jre/lib/ext/zipfs.jar
7fcea4aaf000-7fcea4aca000 r--s 001d6000 fc:01 531058                     /usr/lib/jvm/java-8-openjdk-amd64/jre/lib/ext/nashorn.jar
7fcea4aca000-7fcea4ace000 r--s 00037000 fc:01 531061                     /usr/lib/jvm/java-8-openjdk-amd64/jre/lib/ext/sunpkcs11.jar
7fcea4ace000-7fcea4b9a000 rw-p 00000000 00:00 0 
7fcea4b9a000-7fcea4b9d000 ---p 00000000 00:00 0 
7fcea4b9d000-7fcea4c9f000 rw-p 00000000 00:00 0 
7fcea4c9f000-7fcea4ca0000 r--s 0000a000 fc:01 531056                     /usr/lib/jvm/java-8-openjdk-amd64/jre/lib/ext/jaccess.jar
7fcea4ca0000-7fcea4ca8000 rw-s 00000000 fc:01 445731                     /tmp/hsperfdata_root/7323
7fcea4ca8000-7fcea4ca9000 rw-p 00000000 00:00 0 
7fcea4ca9000-7fcea4caa000 ---p 00000000 00:00 0 
7fcea4caa000-7fcea4cad000 rw-p 00000000 00:00 0 
7fcea4cad000-7fcea4cae000 r--p 00024000 fc:01 1898                       /lib/x86_64-linux-gnu/ld-2.24.so
7fcea4cae000-7fcea4caf000 rw-p 00025000 fc:01 1898                       /lib/x86_64-linux-gnu/ld-2.24.so
7fcea4caf000-7fcea4cb0000 rw-p 00000000 00:00 0 
7ffe784ed000-7ffe7850e000 rw-p 00000000 00:00 0                          [stack]
7ffe785c6000-7ffe785c8000 r--p 00000000 00:00 0                          [vvar]
7ffe785c8000-7ffe785ca000 r-xp 00000000 00:00 0                          [vdso]
ffffffffff600000-ffffffffff601000 r-xp 00000000 00:00 0                  [vsyscall]

VM Arguments:
jvm_args: -Xmx2048m -Dfile.encoding=UTF-8 -Duser.country=US -Duser.language=en -Duser.variant 
java_command: org.gradle.launcher.daemon.bootstrap.GradleDaemon 2.14.1
java_class_path (initial): /root/.gradle/wrapper/dists/gradle-2.14.1-all/4cj8p00t3e5ni9e8iofg8ghvk7/gradle-2.14.1/lib/gradle-launcher-2.14.1.jar
Launcher Type: SUN_STANDARD

Environment Variables:
JAVA_HOME=/usr/lib/jvm/java-8-openjdk-amd64/
PATH=/usr/local/sbin:/usr/local/bin:/usr/sbin:/usr/bin:/sbin:/bin:/usr/games:/usr/local/games:/root/androidsdk:/root/androidsdk/tools:/root/androidsdk/platform-tools
USERNAME=root
SHELL=/bin/bash

Signal Handlers:
SIGSEGV: [libjvm.so+0xa6c900], sa_mask[0]=11111111011111111101111111111110, sa_flags=SA_RESTART|SA_SIGINFO
SIGBUS: [libjvm.so+0xa6c900], sa_mask[0]=11111111011111111101111111111110, sa_flags=SA_RESTART|SA_SIGINFO
SIGFPE: [libjvm.so+0x8b6400], sa_mask[0]=11111111011111111101111111111110, sa_flags=SA_RESTART|SA_SIGINFO
SIGPIPE: [libjvm.so+0x8b6400], sa_mask[0]=11111111011111111101111111111110, sa_flags=SA_RESTART|SA_SIGINFO
SIGXFSZ: [libjvm.so+0x8b6400], sa_mask[0]=11111111011111111101111111111110, sa_flags=SA_RESTART|SA_SIGINFO
SIGILL: [libjvm.so+0x8b6400], sa_mask[0]=11111111011111111101111111111110, sa_flags=SA_RESTART|SA_SIGINFO
SIGUSR1: SIG_DFL, sa_mask[0]=00000000000000000000000000000000, sa_flags=none
SIGUSR2: [libjvm.so+0x8b62b0], sa_mask[0]=00100000000000000000000000000000, sa_flags=SA_RESTART|SA_SIGINFO
SIGHUP: [libjvm.so+0x8b6760], sa_mask[0]=11111111011111111101111111111110, sa_flags=SA_RESTART|SA_SIGINFO
SIGINT: [libjvm.so+0x8b6760], sa_mask[0]=11111111011111111101111111111110, sa_flags=SA_RESTART|SA_SIGINFO
SIGTERM: [libjvm.so+0x8b6760], sa_mask[0]=11111111011111111101111111111110, sa_flags=SA_RESTART|SA_SIGINFO
SIGQUIT: [libjvm.so+0x8b6760], sa_mask[0]=11111111011111111101111111111110, sa_flags=SA_RESTART|SA_SIGINFO


---------------  S Y S T E M  ---------------

OS:DISTRIB_ID=Ubuntu
DISTRIB_RELEASE=16.10
DISTRIB_CODENAME=yakkety
DISTRIB_DESCRIPTION="Ubuntu 16.10"

uname:Linux 4.8.0-37-generic #39-Ubuntu SMP Thu Jan 26 02:27:07 UTC 2017 x86_64
libc:glibc 2.24 NPTL 2.24 
rlimit: STACK 8192k, CORE 0k, NPROC 7924, NOFILE 65536, AS infinity
load average:0.16 0.05 0.01

/proc/meminfo:
MemTotal:        2047844 kB
MemFree:           53064 kB
MemAvailable:          0 kB
Buffers:             900 kB
Cached:            12156 kB
SwapCached:            0 kB
Active:          1881756 kB
Inactive:           7788 kB
Active(anon):    1879524 kB
Inactive(anon):     5460 kB
Active(file):       2232 kB
Inactive(file):     2328 kB
Unevictable:        3648 kB
Mlocked:            3648 kB
SwapTotal:             0 kB
SwapFree:              0 kB
Dirty:                68 kB
Writeback:             0 kB
AnonPages:       1880196 kB
Mapped:             7376 kB
Shmem:              6024 kB
Slab:              60612 kB
SReclaimable:      21632 kB
SUnreclaim:        38980 kB
KernelStack:        6192 kB
PageTables:        15460 kB
NFS_Unstable:          0 kB
Bounce:                0 kB
WritebackTmp:          0 kB
CommitLimit:     1023920 kB
Committed_AS:    3211980 kB
VmallocTotal:   34359738367 kB
VmallocUsed:           0 kB
VmallocChunk:          0 kB
HardwareCorrupted:     0 kB
AnonHugePages:    903168 kB
ShmemHugePages:        0 kB
ShmemPmdMapped:        0 kB
CmaTotal:              0 kB
CmaFree:               0 kB
HugePages_Total:       0
HugePages_Free:        0
HugePages_Rsvd:        0
HugePages_Surp:        0
Hugepagesize:       2048 kB
DirectMap4k:       69624 kB
DirectMap2M:     2027520 kB
DirectMap1G:           0 kB


CPU:total 2 (1 cores per cpu, 1 threads per core) family 6 model 62 stepping 4, cmov, cx8, fxsr, mmx, sse, sse2, sse3, ssse3, sse4.1, sse4.2, popcnt, avx, aes, clmul, erms, tsc

/proc/cpuinfo:
processor	: 0
vendor_id	: GenuineIntel
cpu family	: 6
model		: 62
model name	: Intel(R) Xeon(R) CPU E5-2630L v2 @ 2.40GHz
stepping	: 4
microcode	: 0x1
cpu MHz		: 2399.998
cache size	: 15360 KB
physical id	: 0
siblings	: 1
core id		: 0
cpu cores	: 1
apicid		: 0
initial apicid	: 0
fpu		: yes
fpu_exception	: yes
cpuid level	: 13
wp		: yes
flags		: fpu vme de pse tsc msr pae mce cx8 apic sep mtrr pge mca cmov pat pse36 clflush mmx fxsr sse sse2 ss syscall nx pdpe1gb rdtscp lm constant_tsc arch_perfmon rep_good nopl eagerfpu pni pclmulqdq vmx ssse3 cx16 pcid sse4_1 sse4_2 x2apic popcnt tsc_deadline_timer aes xsave avx f16c rdrand hypervisor lahf_lm vnmi ept fsgsbase tsc_adjust smep erms xsaveopt arat
bugs		:
bogomips	: 4799.99
clflush size	: 64
cache_alignment	: 64
address sizes	: 40 bits physical, 48 bits virtual
power management:

processor	: 1
vendor_id	: GenuineIntel
cpu family	: 6
model		: 62
model name	: Intel(R) Xeon(R) CPU E5-2630L v2 @ 2.40GHz
stepping	: 4
microcode	: 0x1
cpu MHz		: 2399.998
cache size	: 15360 KB
physical id	: 1
siblings	: 1
core id		: 0
cpu cores	: 1
apicid		: 1
initial apicid	: 1
fpu		: yes
fpu_exception	: yes
cpuid level	: 13
wp		: yes
flags		: fpu vme de pse tsc msr pae mce cx8 apic sep mtrr pge mca cmov pat pse36 clflush mmx fxsr sse sse2 ss syscall nx pdpe1gb rdtscp lm constant_tsc arch_perfmon rep_good nopl eagerfpu pni pclmulqdq vmx ssse3 cx16 pcid sse4_1 sse4_2 x2apic popcnt tsc_deadline_timer aes xsave avx f16c rdrand hypervisor lahf_lm vnmi ept fsgsbase tsc_adjust smep erms xsaveopt arat
bugs		:
bogomips	: 4799.99
clflush size	: 64
cache_alignment	: 64
address sizes	: 40 bits physical, 48 bits virtual
power management:



Memory: 4k page, physical 2047844k(53064k free), swap 0k(0k free)

vm_info: OpenJDK 64-Bit Server VM (25.121-b13) for linux-amd64 JRE (1.8.0_121-8u121-b13-0ubuntu1.16.10.2-b13), built on Jan 23 2017 11:22:24 by "buildd" with gcc 6.2.0 20161005

time: Tue Feb 21 13:31:13 2017
elapsed time: 3471 seconds (0d 0h 57m 51s)

