#
# There is insufficient memory for the Java Runtime Environment to continue.
# Native memory allocation (mmap) failed to map 24117248 bytes for committing reserved memory.
# Possible reasons:
#   The system is out of physical RAM or swap space
#   In 32 bit mode, the process size limit was hit
# Possible solutions:
#   Reduce memory load on the system
#   Increase physical memory or swap space
#   Check if swap backing store is full
#   Use 64 bit Java on a 64 bit OS
#   Decrease Java heap size (-Xmx/-Xms)
#   Decrease number of Java threads
#   Decrease Java thread stack sizes (-Xss)
#   Set larger code cache with -XX:ReservedCodeCacheSize=
# This output file may be truncated or incomplete.
#
#  Out of Memory Error (os_linux.cpp:2630), pid=3825, tid=0x00007f190c9f9700
#
# JRE version: OpenJDK Runtime Environment (8.0_121-b13) (build 1.8.0_121-8u121-b13-0ubuntu1.16.10.2-b13)
# Java VM: OpenJDK 64-Bit Server VM (25.121-b13 mixed mode linux-amd64 compressed oops)
# Failed to write core dump. Core dumps have been disabled. To enable core dumping, try "ulimit -c unlimited" before starting Java again
#

---------------  T H R E A D  ---------------

Current thread (0x00007f191c073000):  VMThread [stack: 0x00007f190c8f9000,0x00007f190c9fa000] [id=3835]

Stack: [0x00007f190c8f9000,0x00007f190c9fa000],  sp=0x00007f190c9f84b0,  free space=1021k
Native frames: (J=compiled Java code, j=interpreted, Vv=VM code, C=native code)
V  [libjvm.so+0xa6be70]  VMError::report_and_die()+0x160
V  [libjvm.so+0x4c52fc]  report_vm_out_of_memory(char const*, int, unsigned long, VMErrorType, char const*)+0xac
V  [libjvm.so+0x8babe0]  os::pd_commit_memory(char*, unsigned long, unsigned long, bool)+0xf0
V  [libjvm.so+0x8b526e]  os::commit_memory(char*, unsigned long, unsigned long, bool)+0x2e
V  [libjvm.so+0x92fc6e]  PSVirtualSpace::expand_by(unsigned long)+0x4e
V  [libjvm.so+0x930ff3]  PSYoungGen::resize(unsigned long, unsigned long)+0x103
V  [libjvm.so+0x92d643]  PSScavenge::invoke_no_policy()+0x1503
V  [libjvm.so+0x92d8ec]  PSScavenge::invoke()+0x4c
V  [libjvm.so+0x8df273]  ParallelScavengeHeap::failed_mem_allocate(unsigned long)+0x63
V  [libjvm.so+0xa6dae2]  VM_ParallelGCFailedAllocation::doit()+0x92
V  [libjvm.so+0xa72c57]  VM_Operation::evaluate()+0x47
V  [libjvm.so+0xa703e7]  VMThread::evaluate_operation(VM_Operation*) [clone .constprop.30]+0xe7
V  [libjvm.so+0xa71866]  VMThread::loop()+0x246
V  [libjvm.so+0xa71d61]  VMThread::run()+0x81
V  [libjvm.so+0x8b8172]  java_start(Thread*)+0xf2

VM_Operation (0x00007f1925c70e80): ParallelGCFailedAllocation, mode: safepoint, requested by thread 0x00007f191c00a000


---------------  P R O C E S S  ---------------

Java Threads: ( => current thread )
  0x00007f191c0b3000 JavaThread "Service Thread" daemon [_thread_blocked, id=3841, stack(0x00007f190c15b000,0x00007f190c25c000)]
  0x00007f191c0ac000 JavaThread "C1 CompilerThread1" daemon [_thread_blocked, id=3840, stack(0x00007f190c25c000,0x00007f190c35d000)]
  0x00007f191c0a9000 JavaThread "C2 CompilerThread0" daemon [_thread_blocked, id=3839, stack(0x00007f190c35d000,0x00007f190c45e000)]
  0x00007f191c0a7000 JavaThread "Signal Dispatcher" daemon [_thread_blocked, id=3838, stack(0x00007f190c45e000,0x00007f190c55f000)]
  0x00007f191c07f800 JavaThread "Finalizer" daemon [_thread_blocked, id=3837, stack(0x00007f190c6f7000,0x00007f190c7f8000)]
  0x00007f191c07b000 JavaThread "Reference Handler" daemon [_thread_blocked, id=3836, stack(0x00007f190c7f8000,0x00007f190c8f9000)]
  0x00007f191c00a000 JavaThread "main" [_thread_blocked, id=3832, stack(0x00007f1925b75000,0x00007f1925c76000)]

Other Threads:
=>0x00007f191c073000 VMThread [stack: 0x00007f190c8f9000,0x00007f190c9fa000] [id=3835]
  0x00007f191c0b5000 WatcherThread [stack: 0x00007f190c05a000,0x00007f190c15b000] [id=3842]

VM state:at safepoint (normal execution)

VM Mutex/Monitor currently owned by a thread:  ([mutex/lock_event])
[0x00007f191c0062d0] Threads_lock - owner thread: 0x00007f191c073000
[0x00007f191c0067d0] Heap_lock - owner thread: 0x00007f191c00a000

Heap:
 PSYoungGen      total 18432K, used 992K [0x00000000f5980000, 0x00000000f6c80000, 0x0000000100000000)
  eden space 17408K, 0% used [0x00000000f5980000,0x00000000f5980000,0x00000000f6a80000)
  from space 1024K, 96% used [0x00000000f6a80000,0x00000000f6b78020,0x00000000f6b80000)
  to   space 1024K, 0% used [0x00000000f6b80000,0x00000000f6b80000,0x00000000f6c80000)
 ParOldGen       total 22016K, used 5467K [0x00000000e0c00000, 0x00000000e2180000, 0x00000000f5980000)
  object space 22016K, 24% used [0x00000000e0c00000,0x00000000e1156cc0,0x00000000e2180000)
 Metaspace       used 9978K, capacity 10302K, committed 10496K, reserved 1058816K
  class space    used 1313K, capacity 1451K, committed 1536K, reserved 1048576K

Card table byte_map: [0x00007f192211e000,0x00007f1922219000] byte_map_base: 0x00007f1921a18000

Marking Bits: (ParMarkBitMap*) 0x00007f1924e36220
 Begin Bits: [0x00007f1920f7c000, 0x00007f192174c000)
 End Bits:   [0x00007f192174c000, 0x00007f1921f1c000)

Polling page: 0x00007f1925c85000

CodeCache: size=245760Kb used=3020Kb max_used=3020Kb free=242739Kb
 bounds [0x00007f190d000000, 0x00007f190d300000, 0x00007f191c000000]
 total_blobs=1130 nmethods=809 adapters=236
 compilation: enabled

Compilation events (10 events):
Event: 2.144 Thread 0x00007f191c0ac000  805       3       java.lang.invoke.MethodType::parameterSlotCount (8 bytes)
Event: 2.145 Thread 0x00007f191c0ac000 nmethod 805 0x00007f190d2f0410 code [0x00007f190d2f0580, 0x00007f190d2f0830]
Event: 2.145 Thread 0x00007f191c0ac000  806       3       java.lang.invoke.MethodType::checkPtypes (61 bytes)
Event: 2.146 Thread 0x00007f191c0ac000 nmethod 806 0x00007f190d2f0950 code [0x00007f190d2f0ba0, 0x00007f190d2f18b8]
Event: 2.146 Thread 0x00007f191c0ac000  807       3       java.lang.invoke.LambdaForm$NamedFunction::methodType (23 bytes)
Event: 2.146 Thread 0x00007f191c0ac000 nmethod 807 0x00007f190d2f2090 code [0x00007f190d2f2200, 0x00007f190d2f24e8]
Event: 2.147 Thread 0x00007f191c0ac000  808       3       java.lang.invoke.MethodType::equals (29 bytes)
Event: 2.147 Thread 0x00007f191c0ac000 nmethod 808 0x00007f190d2f25d0 code [0x00007f190d2f2760, 0x00007f190d2f2c88]
Event: 2.148 Thread 0x00007f191c0ac000  809       3       jdk.internal.org.objectweb.asm.MethodWriter::visitVarInsn (292 bytes)
Event: 2.149 Thread 0x00007f191c0ac000 nmethod 809 0x00007f190d2f2d90 code [0x00007f190d2f2fc0, 0x00007f190d2f3a28]

GC Heap History (9 events):
Event: 0.669 GC heap before
{Heap before GC invocations=1 (full 0):
 PSYoungGen      total 9728K, used 8704K [0x00000000f5980000, 0x00000000f6400000, 0x0000000100000000)
  eden space 8704K, 100% used [0x00000000f5980000,0x00000000f6200000,0x00000000f6200000)
  from space 1024K, 0% used [0x00000000f6300000,0x00000000f6300000,0x00000000f6400000)
  to   space 1024K, 0% used [0x00000000f6200000,0x00000000f6200000,0x00000000f6300000)
 ParOldGen       total 22016K, used 0K [0x00000000e0c00000, 0x00000000e2180000, 0x00000000f5980000)
  object space 22016K, 0% used [0x00000000e0c00000,0x00000000e0c00000,0x00000000e2180000)
 Metaspace       used 4729K, capacity 5360K, committed 5504K, reserved 1056768K
  class space    used 560K, capacity 640K, committed 640K, reserved 1048576K
Event: 0.675 GC heap after
Heap after GC invocations=1 (full 0):
 PSYoungGen      total 9728K, used 1008K [0x00000000f5980000, 0x00000000f6400000, 0x0000000100000000)
  eden space 8704K, 0% used [0x00000000f5980000,0x00000000f5980000,0x00000000f6200000)
  from space 1024K, 98% used [0x00000000f6200000,0x00000000f62fc010,0x00000000f6300000)
  to   space 1024K, 0% used [0x00000000f6300000,0x00000000f6300000,0x00000000f6400000)
 ParOldGen       total 22016K, used 503K [0x00000000e0c00000, 0x00000000e2180000, 0x00000000f5980000)
  object space 22016K, 2% used [0x00000000e0c00000,0x00000000e0c7dde0,0x00000000e2180000)
 Metaspace       used 4729K, capacity 5360K, committed 5504K, reserved 1056768K
  class space    used 560K, capacity 640K, committed 640K, reserved 1048576K
}
Event: 0.925 GC heap before
{Heap before GC invocations=2 (full 0):
 PSYoungGen      total 9728K, used 9712K [0x00000000f5980000, 0x00000000f6400000, 0x0000000100000000)
  eden space 8704K, 100% used [0x00000000f5980000,0x00000000f6200000,0x00000000f6200000)
  from space 1024K, 98% used [0x00000000f6200000,0x00000000f62fc010,0x00000000f6300000)
  to   space 1024K, 0% used [0x00000000f6300000,0x00000000f6300000,0x00000000f6400000)
 ParOldGen       total 22016K, used 503K [0x00000000e0c00000, 0x00000000e2180000, 0x00000000f5980000)
  object space 22016K, 2% used [0x00000000e0c00000,0x00000000e0c7dde0,0x00000000e2180000)
 Metaspace       used 6250K, capacity 6416K, committed 6528K, reserved 1056768K
  class space    used 792K, capacity 864K, committed 896K, reserved 1048576K
Event: 0.931 GC heap after
Heap after GC invocations=2 (full 0):
 PSYoungGen      total 9728K, used 1024K [0x00000000f5980000, 0x00000000f6c80000, 0x0000000100000000)
  eden space 8704K, 0% used [0x00000000f5980000,0x00000000f5980000,0x00000000f6200000)
  from space 1024K, 100% used [0x00000000f6300000,0x00000000f6400000,0x00000000f6400000)
  to   space 1024K, 0% used [0x00000000f6200000,0x00000000f6200000,0x00000000f6300000)
 ParOldGen       total 22016K, used 1651K [0x00000000e0c00000, 0x00000000e2180000, 0x00000000f5980000)
  object space 22016K, 7% used [0x00000000e0c00000,0x00000000e0d9cd88,0x00000000e2180000)
 Metaspace       used 6250K, capacity 6416K, committed 6528K, reserved 1056768K
  class space    used 792K, capacity 864K, committed 896K, reserved 1048576K
}
Event: 1.066 GC heap before
{Heap before GC invocations=3 (full 0):
 PSYoungGen      total 9728K, used 9728K [0x00000000f5980000, 0x00000000f6c80000, 0x0000000100000000)
  eden space 8704K, 100% used [0x00000000f5980000,0x00000000f6200000,0x00000000f6200000)
  from space 1024K, 100% used [0x00000000f6300000,0x00000000f6400000,0x00000000f6400000)
  to   space 1024K, 0% used [0x00000000f6200000,0x00000000f6200000,0x00000000f6300000)
 ParOldGen       total 22016K, used 1651K [0x00000000e0c00000, 0x00000000e2180000, 0x00000000f5980000)
  object space 22016K, 7% used [0x00000000e0c00000,0x00000000e0d9cd88,0x00000000e2180000)
 Metaspace       used 7135K, capacity 7360K, committed 7424K, reserved 1056768K
  class space    used 930K, capacity 1024K, committed 1024K, reserved 1048576K
Event: 1.072 GC heap after
Heap after GC invocations=3 (full 0):
 PSYoungGen      total 9728K, used 1008K [0x00000000f5980000, 0x00000000f6c80000, 0x0000000100000000)
  eden space 8704K, 0% used [0x00000000f5980000,0x00000000f5980000,0x00000000f6200000)
  from space 1024K, 98% used [0x00000000f6200000,0x00000000f62fc010,0x00000000f6300000)
  to   space 1024K, 0% used [0x00000000f6b80000,0x00000000f6b80000,0x00000000f6c80000)
 ParOldGen       total 22016K, used 2896K [0x00000000e0c00000, 0x00000000e2180000, 0x00000000f5980000)
  object space 22016K, 13% used [0x00000000e0c00000,0x00000000e0ed43e0,0x00000000e2180000)
 Metaspace       used 7135K, capacity 7360K, committed 7424K, reserved 1056768K
  class space    used 930K, capacity 1024K, committed 1024K, reserved 1048576K
}
Event: 1.156 GC heap before
{Heap before GC invocations=4 (full 0):
 PSYoungGen      total 9728K, used 9712K [0x00000000f5980000, 0x00000000f6c80000, 0x0000000100000000)
  eden space 8704K, 100% used [0x00000000f5980000,0x00000000f6200000,0x00000000f6200000)
  from space 1024K, 98% used [0x00000000f6200000,0x00000000f62fc010,0x00000000f6300000)
  to   space 1024K, 0% used [0x00000000f6b80000,0x00000000f6b80000,0x00000000f6c80000)
 ParOldGen       total 22016K, used 2896K [0x00000000e0c00000, 0x00000000e2180000, 0x00000000f5980000)
  object space 22016K, 13% used [0x00000000e0c00000,0x00000000e0ed43e0,0x00000000e2180000)
 Metaspace       used 7177K, capacity 7424K, committed 7424K, reserved 1056768K
  class space    used 933K, capacity 1024K, committed 1024K, reserved 1048576K
Event: 1.163 GC heap after
Heap after GC invocations=4 (full 0):
 PSYoungGen      total 18432K, used 1008K [0x00000000f5980000, 0x00000000f6c80000, 0x0000000100000000)
  eden space 17408K, 0% used [0x00000000f5980000,0x00000000f5980000,0x00000000f6a80000)
  from space 1024K, 98% used [0x00000000f6b80000,0x00000000f6c7c010,0x00000000f6c80000)
  to   space 1024K, 0% used [0x00000000f6a80000,0x00000000f6a80000,0x00000000f6b80000)
 ParOldGen       total 22016K, used 3079K [0x00000000e0c00000, 0x00000000e2180000, 0x00000000f5980000)
  object space 22016K, 13% used [0x00000000e0c00000,0x00000000e0f01fb8,0x00000000e2180000)
 Metaspace       used 7177K, capacity 7424K, committed 7424K, reserved 1056768K
  class space    used 933K, capacity 1024K, committed 1024K, reserved 1048576K
}
Event: 2.153 GC heap before
{Heap before GC invocations=5 (full 0):
 PSYoungGen      total 18432K, used 18416K [0x00000000f5980000, 0x00000000f6c80000, 0x0000000100000000)
  eden space 17408K, 100% used [0x00000000f5980000,0x00000000f6a80000,0x00000000f6a80000)
  from space 1024K, 98% used [0x00000000f6b80000,0x00000000f6c7c010,0x00000000f6c80000)
  to   space 1024K, 0% used [0x00000000f6a80000,0x00000000f6a80000,0x00000000f6b80000)
 ParOldGen       total 22016K, used 3079K [0x00000000e0c00000, 0x00000000e2180000, 0x00000000f5980000)
  object space 22016K, 13% used [0x00000000e0c00000,0x00000000e0f01fb8,0x00000000e2180000)
 Metaspace       used 9978K, capacity 10302K, committed 10496K, reserved 1058816K
  class space    used 1313K, capacity 1451K, committed 1536K, reserved 1048576K

Deoptimization events (3 events):
Event: 1.032 Thread 0x00007f191c00a000 Uncommon trap: reason=unstable_if action=reinterpret pc=0x00007f190d1bc4d4 method=java.lang.String.replace(CC)Ljava/lang/String; @ 26
Event: 1.830 Thread 0x00007f191c00a000 Uncommon trap: reason=unstable_if action=reinterpret pc=0x00007f190d23342c method=java.util.HashMap.getNode(ILjava/lang/Object;)Ljava/util/HashMap$Node; @ 129
Event: 1.830 Thread 0x00007f191c00a000 Uncommon trap: reason=class_check action=maybe_recompile pc=0x00007f190d290978 method=java.util.HashMap.putVal(ILjava/lang/Object;Ljava/lang/Object;ZZ)Ljava/lang/Object; @ 203

Internal exceptions (10 events):
Event: 0.768 Thread 0x00007f191c00a000 Exception <a 'java/lang/ArrayIndexOutOfBoundsException'> (0x00000000f5bdcee8) thrown at [/build/openjdk-8-AbQ17_/openjdk-8-8u121-b13/src/hotspot/src/share/vm/runtime/sharedRuntime.cpp, line 605]
Event: 1.004 Thread 0x00007f191c00a000 Exception <a 'java/lang/ArrayIndexOutOfBoundsException'> (0x00000000f5cf56b0) thrown at [/build/openjdk-8-AbQ17_/openjdk-8-8u121-b13/src/hotspot/src/share/vm/runtime/sharedRuntime.cpp, line 605]
Event: 1.004 Thread 0x00007f191c00a000 Exception <a 'java/lang/ArrayIndexOutOfBoundsException'> (0x00000000f5cf7358) thrown at [/build/openjdk-8-AbQ17_/openjdk-8-8u121-b13/src/hotspot/src/share/vm/runtime/sharedRuntime.cpp, line 605]
Event: 1.004 Thread 0x00007f191c00a000 Exception <a 'java/lang/ArrayIndexOutOfBoundsException'> (0x00000000f5cf8bb0) thrown at [/build/openjdk-8-AbQ17_/openjdk-8-8u121-b13/src/hotspot/src/share/vm/runtime/sharedRuntime.cpp, line 605]
Event: 1.004 Thread 0x00007f191c00a000 Exception <a 'java/lang/ArrayIndexOutOfBoundsException'> (0x00000000f5cfa788) thrown at [/build/openjdk-8-AbQ17_/openjdk-8-8u121-b13/src/hotspot/src/share/vm/runtime/sharedRuntime.cpp, line 605]
Event: 1.572 Thread 0x00007f191c00a000 Exception <a 'java/lang/ArrayIndexOutOfBoundsException'> (0x00000000f63be620) thrown at [/build/openjdk-8-AbQ17_/openjdk-8-8u121-b13/src/hotspot/src/share/vm/runtime/sharedRuntime.cpp, line 605]
Event: 1.574 Thread 0x00007f191c00a000 Exception <a 'java/lang/ArrayIndexOutOfBoundsException'> (0x00000000f63bf4c0) thrown at [/build/openjdk-8-AbQ17_/openjdk-8-8u121-b13/src/hotspot/src/share/vm/runtime/sharedRuntime.cpp, line 605]
Event: 1.722 Thread 0x00007f191c00a000 Exception <a 'java/lang/NoClassDefFoundError': org/slf4j/impl/StaticMarkerBinder> (0x00000000f6551208) thrown at [/build/openjdk-8-AbQ17_/openjdk-8-8u121-b13/src/hotspot/src/share/vm/classfile/systemDictionary.cpp, line 199]
Event: 2.086 Thread 0x00007f191c00a000 Exception <a 'java/lang/NoSuchFieldError': method resolution failed> (0x00000000f6a1f7c0) thrown at [/build/openjdk-8-AbQ17_/openjdk-8-8u121-b13/src/hotspot/src/share/vm/prims/methodHandles.cpp, line 1146]
Event: 2.090 Thread 0x00007f191c00a000 Exception <a 'java/lang/NoSuchFieldError': method resolution failed> (0x00000000f6a2cef0) thrown at [/build/openjdk-8-AbQ17_/openjdk-8-8u121-b13/src/hotspot/src/share/vm/prims/methodHandles.cpp, line 1146]

Events (10 events):
Event: 2.133 loading class java/lang/invoke/BoundMethodHandle$Factory$1 done
Event: 2.134 loading class java/util/concurrent/ConcurrentHashMap$ReservationNode
Event: 2.134 loading class java/util/concurrent/ConcurrentHashMap$ReservationNode done
Event: 2.134 loading class jdk/internal/org/objectweb/asm/FieldWriter
Event: 2.135 loading class jdk/internal/org/objectweb/asm/FieldVisitor
Event: 2.135 loading class jdk/internal/org/objectweb/asm/FieldVisitor done
Event: 2.135 loading class jdk/internal/org/objectweb/asm/FieldWriter done
Event: 2.139 loading class sun/reflect/UnsafeStaticObjectFieldAccessorImpl
Event: 2.140 loading class sun/reflect/UnsafeStaticObjectFieldAccessorImpl done
Event: 2.151 Executing VM operation: ParallelGCFailedAllocation


Dynamic libraries:
e0c00000-e2180000 rw-p 00000000 00:00 0 
e2180000-f5980000 ---p 00000000 00:00 0 
f5980000-f6c80000 rw-p 00000000 00:00 0 
f8380000-100000000 ---p 00000000 00:00 0 
100000000-100180000 rw-p 00000000 00:00 0 
100180000-140000000 ---p 00000000 00:00 0 
55c9faf68000-55c9faf69000 r-xp 00000000 fc:01 530993                     /usr/lib/jvm/java-8-openjdk-amd64/jre/bin/java
55c9fb168000-55c9fb169000 r--p 00000000 fc:01 530993                     /usr/lib/jvm/java-8-openjdk-amd64/jre/bin/java
55c9fb169000-55c9fb16a000 rw-p 00001000 fc:01 530993                     /usr/lib/jvm/java-8-openjdk-amd64/jre/bin/java
55c9fb94d000-55c9fb96e000 rw-p 00000000 00:00 0                          [heap]
7f18e0000000-7f18e0021000 rw-p 00000000 00:00 0 
7f18e0021000-7f18e4000000 ---p 00000000 00:00 0 
7f18e4000000-7f18e4021000 rw-p 00000000 00:00 0 
7f18e4021000-7f18e8000000 ---p 00000000 00:00 0 
7f18e8000000-7f18e8216000 rw-p 00000000 00:00 0 
7f18e8216000-7f18ec000000 ---p 00000000 00:00 0 
7f18ec000000-7f18ec263000 rw-p 00000000 00:00 0 
7f18ec263000-7f18f0000000 ---p 00000000 00:00 0 
7f18f0000000-7f18f0021000 rw-p 00000000 00:00 0 
7f18f0021000-7f18f4000000 ---p 00000000 00:00 0 
7f18f4000000-7f18f4021000 rw-p 00000000 00:00 0 
7f18f4021000-7f18f8000000 ---p 00000000 00:00 0 
7f18f8000000-7f18f8276000 rw-p 00000000 00:00 0 
7f18f8276000-7f18fc000000 ---p 00000000 00:00 0 
7f18fc000000-7f18fc021000 rw-p 00000000 00:00 0 
7f18fc021000-7f1900000000 ---p 00000000 00:00 0 
7f1900000000-7f1900022000 rw-p 00000000 00:00 0 
7f1900022000-7f1904000000 ---p 00000000 00:00 0 
7f190689d000-7f190695d000 rw-p 00000000 00:00 0 
7f190695d000-7f1906a9d000 ---p 00000000 00:00 0 
7f1906a9d000-7f1906a9f000 r--s 00007000 fc:01 751438                     /root/.gradle/wrapper/dists/gradle-2.14.1-all/53l0mv9mggp9q5m2ip574m21oh/gradle-2.14.1/lib/plugins/gradle-tooling-api-builders-2.14.1.jar
7f1906a9f000-7f1906aa2000 r--s 00008000 fc:01 751431                     /root/.gradle/wrapper/dists/gradle-2.14.1-all/53l0mv9mggp9q5m2ip574m21oh/gradle-2.14.1/lib/plugins/gradle-testing-native-2.14.1.jar
7f1906aa2000-7f1906aa4000 r--s 00009000 fc:01 751510                     /root/.gradle/wrapper/dists/gradle-2.14.1-all/53l0mv9mggp9q5m2ip574m21oh/gradle-2.14.1/lib/plugins/hamcrest-core-1.3.jar
7f1906aa4000-7f1906aaa000 r--s 00033000 fc:01 751504                     /root/.gradle/wrapper/dists/gradle-2.14.1-all/53l0mv9mggp9q5m2ip574m21oh/gradle-2.14.1/lib/plugins/snakeyaml-1.6.jar
7f1906aaa000-7f1906aac000 r--s 00006000 fc:01 751503                     /root/.gradle/wrapper/dists/gradle-2.14.1-all/53l0mv9mggp9q5m2ip574m21oh/gradle-2.14.1/lib/plugins/jcommander-1.12.jar
7f1906aac000-7f1906ab1000 r--s 00040000 fc:01 751502                     /root/.gradle/wrapper/dists/gradle-2.14.1-all/53l0mv9mggp9q5m2ip574m21oh/gradle-2.14.1/lib/plugins/bsh-2.0b4.jar
7f1906ab1000-7f1906aba000 r--s 00089000 fc:01 751461                     /root/.gradle/wrapper/dists/gradle-2.14.1-all/53l0mv9mggp9q5m2ip574m21oh/gradle-2.14.1/lib/plugins/testng-6.3.1.jar
7f1906aba000-7f1906ac2000 r--s 00045000 fc:01 751460                     /root/.gradle/wrapper/dists/gradle-2.14.1-all/53l0mv9mggp9q5m2ip574m21oh/gradle-2.14.1/lib/plugins/junit-4.12.jar
7f1906ac2000-7f1906ac8000 r--s 0002e000 fc:01 751432                     /root/.gradle/wrapper/dists/gradle-2.14.1-all/53l0mv9mggp9q5m2ip574m21oh/gradle-2.14.1/lib/plugins/gradle-testing-jvm-2.14.1.jar
7f1906ac8000-7f1906acd000 r--s 00015000 fc:01 751430                     /root/.gradle/wrapper/dists/gradle-2.14.1-all/53l0mv9mggp9q5m2ip574m21oh/gradle-2.14.1/lib/plugins/gradle-testing-base-2.14.1.jar
7f1906acd000-7f1906ace000 r--s 00002000 fc:01 751454                     /root/.gradle/wrapper/dists/gradle-2.14.1-all/53l0mv9mggp9q5m2ip574m21oh/gradle-2.14.1/lib/plugins/sonar-batch-bootstrapper-2.9.jar
7f1906ace000-7f1906ad1000 r--s 00015000 fc:01 751408                     /root/.gradle/wrapper/dists/gradle-2.14.1-all/53l0mv9mggp9q5m2ip574m21oh/gradle-2.14.1/lib/plugins/gradle-sonar-2.14.1.jar
7f1906ad1000-7f1906ad8000 r--s 00038000 fc:01 751455                     /root/.gradle/wrapper/dists/gradle-2.14.1-all/53l0mv9mggp9q5m2ip574m21oh/gradle-2.14.1/lib/plugins/bcpg-jdk15on-1.51.jar
7f1906ad8000-7f1906ada000 r--s 0000d000 fc:01 751409                     /root/.gradle/wrapper/dists/gradle-2.14.1-all/53l0mv9mggp9q5m2ip574m21oh/gradle-2.14.1/lib/plugins/gradle-signing-2.14.1.jar
7f1906ada000-7f1906add000 r--s 00009000 fc:01 751407                     /root/.gradle/wrapper/dists/gradle-2.14.1-all/53l0mv9mggp9q5m2ip574m21oh/gradle-2.14.1/lib/plugins/gradle-scala-2.14.1.jar
7f1906add000-7f1906ade000 r--s 00004000 fc:01 751436                     /root/.gradle/wrapper/dists/gradle-2.14.1-all/53l0mv9mggp9q5m2ip574m21oh/gradle-2.14.1/lib/plugins/gradle-resources-sftp-2.14.1.jar
7f1906ade000-7f1906aee000 r--s 00088000 fc:01 751471                     /root/.gradle/wrapper/dists/gradle-2.14.1-all/53l0mv9mggp9q5m2ip574m21oh/gradle-2.14.1/lib/plugins/joda-time-2.8.2.jar
7f1906aee000-7f1906aff000 r--s 000cf000 fc:01 751470                     /root/.gradle/wrapper/dists/gradle-2.14.1-all/53l0mv9mggp9q5m2ip574m21oh/gradle-2.14.1/lib/plugins/jackson-databind-2.3.2.jar
7f1906aff000-7f1906b01000 r--s 00007000 fc:01 751469                     /root/.gradle/wrapper/dists/gradle-2.14.1-all/53l0mv9mggp9q5m2ip574m21oh/gradle-2.14.1/lib/plugins/jackson-annotations-2.3.2.jar
7f1906b01000-7f1906b04000 r--s 0002e000 fc:01 751468                     /root/.gradle/wrapper/dists/gradle-2.14.1-all/53l0mv9mggp9q5m2ip574m21oh/gradle-2.14.1/lib/plugins/jackson-core-2.3.2.jar
7f1906b04000-7f1906b0f000 r--s 0006b000 fc:01 751467                     /root/.gradle/wrapper/dists/gradle-2.14.1-all/53l0mv9mggp9q5m2ip574m21oh/gradle-2.14.1/lib/plugins/aws-java-sdk-core-1.9.19.jar
7f1906b0f000-7f1906b15000 r--s 00036000 fc:01 751466                     /root/.gradle/wrapper/dists/gradle-2.14.1-all/53l0mv9mggp9q5m2ip574m21oh/gradle-2.14.1/lib/plugins/aws-java-sdk-kms-1.9.19.jar
7f1906b15000-7f1906b20000 r--s 00079000 fc:01 751465                     /root/.gradle/wrapper/dists/gradle-2.14.1-all/53l0mv9mggp9q5m2ip574m21oh/gradle-2.14.1/lib/plugins/aws-java-sdk-s3-1.9.19.jar
7f1906b20000-7f1906b21000 r--s 00003000 fc:01 751437                     /root/.gradle/wrapper/dists/gradle-2.14.1-all/53l0mv9mggp9q5m2ip574m21oh/gradle-2.14.1/lib/plugins/gradle-resources-s3-2.14.1.jar
7f1906b21000-7f1906b23000 r--s 00005000 fc:01 751459                     /root/.gradle/wrapper/dists/gradle-2.14.1-all/53l0mv9mggp9q5m2ip574m21oh/gradle-2.14.1/lib/plugins/jatl-0.2.2.jar
7f1906b23000-7f1906b25000 r--s 0000f000 fc:01 751414                     /root/.gradle/wrapper/dists/gradle-2.14.1-all/53l0mv9mggp9q5m2ip574m21oh/gradle-2.14.1/lib/plugins/gradle-reporting-2.14.1.jar
7f1906b25000-7f1906b27000 r--s 00002000 fc:01 751415                     /root/.gradle/wrapper/dists/gradle-2.14.1-all/53l0mv9mggp9q5m2ip574m21oh/gradle-2.14.1/lib/plugins/gradle-publish-2.14.1.jar
7f1906b27000-7f1906b29000 r--s 00009000 fc:01 751441                     /root/.gradle/wrapper/dists/gradle-2.14.1-all/53l0mv9mggp9q5m2ip574m21oh/gradle-2.14.1/lib/plugins/commons-cli-1.2.jar
7f1906b29000-7f1906b2f000 r--s 00033000 fc:01 751399                     /root/.gradle/wrapper/dists/gradle-2.14.1-all/53l0mv9mggp9q5m2ip574m21oh/gradle-2.14.1/lib/plugins/gradle-plugins-2.14.1.jar
7f1906b2f000-7f1906b31000 r--s 00007000 fc:01 751433                     /root/.gradle/wrapper/dists/gradle-2.14.1-all/53l0mv9mggp9q5m2ip574m21oh/gradle-2.14.1/lib/plugins/gradle-plugin-development-2.14.1.jar
7f1906b31000-7f1906b37000 r--s 0002a000 fc:01 751426                     /root/.gradle/wrapper/dists/gradle-2.14.1-all/53l0mv9mggp9q5m2ip574m21oh/gradle-2.14.1/lib/plugins/gradle-platform-play-2.14.1.jar
7f1906b37000-7f1906b44000 r--s 0004d000 fc:01 751425                     /root/.gradle/wrapper/dists/gradle-2.14.1-all/53l0mv9mggp9q5m2ip574m21oh/gradle-2.14.1/lib/plugins/gradle-platform-native-2.14.1.jar
7f1906b44000-7f1906b48000 r--s 0001a000 fc:01 751420                     /root/.gradle/wrapper/dists/gradle-2.14.1-all/53l0mv9mggp9q5m2ip574m21oh/gradle-2.14.1/lib/plugins/gradle-platform-jvm-2.14.1.jar
7f1906b48000-7f1906b4f000 r--s 00029000 fc:01 751419                     /root/.gradle/wrapper/dists/gradle-2.14.1-all/53l0mv9mggp9q5m2ip574m21oh/gradle-2.14.1/lib/plugins/gradle-platform-base-2.14.1.jar
7f1906b4f000-7f1906b70000 r--s 001c3000 fc:01 751449                     /root/.gradle/wrapper/dists/gradle-2.14.1-all/53l0mv9mggp9q5m2ip574m21oh/gradle-2.14.1/lib/plugins/bndlib-2.4.0.jar
7f1906b70000-7f1906b72000 r--s 00003000 fc:01 751403                     /root/.gradle/wrapper/dists/gradle-2.14.1-all/53l0mv9mggp9q5m2ip574m21oh/gradle-2.14.1/lib/plugins/gradle-osgi-2.14.1.jar
7f1906b72000-7f1906b75000 r--s 0000c000 fc:01 751452                     /root/.gradle/wrapper/dists/gradle-2.14.1-all/53l0mv9mggp9q5m2ip574m21oh/gradle-2.14.1/lib/plugins/pmaven-groovy-0.8-20100325.jar
7f1906b75000-7f1906b76000 r--s 00004000 fc:01 751451                     /root/.gradle/wrapper/dists/gradle-2.14.1-all/53l0mv9mggp9q5m2ip574m21oh/gradle-2.14.1/lib/plugins/pmaven-common-0.8-20100325.jar
7f1906b76000-7f1906b7c000 r--s 00022000 fc:01 751404                     /root/.gradle/wrapper/dists/gradle-2.14.1-all/53l0mv9mggp9q5m2ip574m21oh/gradle-2.14.1/lib/plugins/gradle-maven-2.14.1.jar
7f1906b7c000-7f1906b7e000 r--s 0000a000 fc:01 751424                     /root/.gradle/wrapper/dists/gradle-2.14.1-all/53l0mv9mggp9q5m2ip574m21oh/gradle-2.14.1/lib/plugins/gradle-language-scala-2.14.1.jar
7f1906b7e000-7f1906b84000 r--s 0001a000 fc:01 751428                     /root/.gradle/wrapper/dists/gradle-2.14.1-all/53l0mv9mggp9q5m2ip574m21oh/gradle-2.14.1/lib/plugins/gradle-language-native-2.14.1.jar
7f1906b84000-7f1906b86000 r--s 00008000 fc:01 751421                     /root/.gradle/wrapper/dists/gradle-2.14.1-all/53l0mv9mggp9q5m2ip574m21oh/gradle-2.14.1/lib/plugins/gradle-language-jvm-2.14.1.jar
7f1906b86000-7f1906b8c000 r--s 00024000 fc:01 751422                     /root/.gradle/wrapper/dists/gradle-2.14.1-all/53l0mv9mggp9q5m2ip574m21oh/gradle-2.14.1/lib/plugins/gradle-language-java-2.14.1.jar
7f1906b8c000-7f1906b8e000 r--s 0000a000 fc:01 751423                     /root/.gradle/wrapper/dists/gradle-2.14.1-all/53l0mv9mggp9q5m2ip574m21oh/gradle-2.14.1/lib/plugins/gradle-language-groovy-2.14.1.jar
7f1906b8e000-7f1906b91000 r--s 0001e000 fc:01 751477                     /root/.gradle/wrapper/dists/gradle-2.14.1-all/53l0mv9mggp9q5m2ip574m21oh/gradle-2.14.1/lib/plugins/jsp-api-2.1-6.1.14.jar
7f1906b91000-7f1906bb4000 r--s 00344000 fc:01 751476                     /root/.gradle/wrapper/dists/gradle-2.14.1-all/53l0mv9mggp9q5m2ip574m21oh/gradle-2.14.1/lib/plugins/core-3.1.1.jar
7f1906bb4000-7f1906bb5000 r--s 00006000 fc:01 751475                     /root/.gradle/wrapper/dists/gradle-2.14.1-all/53l0mv9mggp9q5m2ip574m21oh/gradle-2.14.1/lib/plugins/jetty-naming-6.1.25.jar
7f1906bb5000-7f1906bb6000 r--s 00002000 fc:01 751448                     /root/.gradle/wrapper/dists/gradle-2.14.1-all/53l0mv9mggp9q5m2ip574m21oh/gradle-2.14.1/lib/plugins/geronimo-annotation_1.0_spec-1.0.jar
7f1906bb6000-7f1906bb8000 r--s 00002000 fc:01 751447                     /root/.gradle/wrapper/dists/gradle-2.14.1-all/53l0mv9mggp9q5m2ip574m21oh/gradle-2.14.1/lib/plugins/jetty-annotations-6.1.25.jar
7f1906bb8000-7f1906bc9000 r--s 000ea000 fc:01 751446                     /root/.gradle/wrapper/dists/gradle-2.14.1-all/53l0mv9mggp9q5m2ip574m21oh/gradle-2.14.1/lib/plugins/jsp-2.1-6.1.14.jar
7f1906bc9000-7f1906bcb000 r--s 0000d000 fc:01 751445                     /root/.gradle/wrapper/dists/gradle-2.14.1-all/53l0mv9mggp9q5m2ip574m21oh/gradle-2.14.1/lib/plugins/jetty-plus-6.1.25.jar
7f1906bcb000-7f1906bcd000 r--s 0001f000 fc:01 751444                     /root/.gradle/wrapper/dists/gradle-2.14.1-all/53l0mv9mggp9q5m2ip574m21oh/gradle-2.14.1/lib/plugins/servlet-api-2.5-20081211.jar
7f1906bcd000-7f1906bd1000 r--s 00028000 fc:01 751443                     /root/.gradle/wrapper/dists/gradle-2.14.1-all/53l0mv9mggp9q5m2ip574m21oh/gradle-2.14.1/lib/plugins/jetty-util-6.1.25.jar
7f1906bd1000-7f1906bd8000 r--s 0007d000 fc:01 751442                     /root/.gradle/wrapper/dists/gradle-2.14.1-all/53l0mv9mggp9q5m2ip574m21oh/gradle-2.14.1/lib/plugins/jetty-6.1.25.jar
7f1906bd8000-7f1906bda000 r--s 00009000 fc:01 751401                     /root/.gradle/wrapper/dists/gradle-2.14.1-all/53l0mv9mggp9q5m2ip574m21oh/gradle-2.14.1/lib/plugins/gradle-jetty-2.14.1.jar
7f1906bda000-7f1906be1000 r--s 00035000 fc:01 751458                     /root/.gradle/wrapper/dists/gradle-2.14.1-all/53l0mv9mggp9q5m2ip574m21oh/gradle-2.14.1/lib/plugins/simple-4.1.21.jar
7f1906be1000-7f1906bed000 r--s 00100000 fc:01 751456                     /root/.gradle/wrapper/dists/gradle-2.14.1-all/53l0mv9mggp9q5m2ip574m21oh/gradle-2.14.1/lib/plugins/rhino-1.7R3.jar
7f1906bed000-7f1906bf1000 r--s 00011000 fc:01 751411                     /root/.gradle/wrapper/dists/gradle-2.14.1-all/53l0mv9mggp9q5m2ip574m21oh/gradle-2.14.1/lib/plugins/gradle-javascript-2.14.1.jar
7f1906bf1000-7f1906bf3000 r--s 0000c000 fc:01 751417                     /root/.gradle/wrapper/dists/gradle-2.14.1-all/53l0mv9mggp9q5m2ip574m21oh/gradle-2.14.1/lib/plugins/gradle-jacoco-2.14.1.jar
7f1906bf3000-7f1906bf6000 r--s 0000e000 fc:01 751416                     /root/.gradle/wrapper/dists/gradle-2.14.1-all/53l0mv9mggp9q5m2ip574m21oh/gradle-2.14.1/lib/plugins/gradle-ivy-2.14.1.jar
7f1906bf6000-7f1906bf7000 r--s 00002000 fc:01 751427                     /root/.gradle/wrapper/dists/gradle-2.14.1-all/53l0mv9mggp9q5m2ip574m21oh/gradle-2.14.1/lib/plugins/gradle-ide-play-2.14.1.jar
7f1906bf7000-7f1906bfc000 r--s 0002b000 fc:01 751429                     /root/.gradle/wrapper/dists/gradle-2.14.1-all/53l0mv9mggp9q5m2ip574m21oh/gradle-2.14.1/lib/plugins/gradle-ide-native-2.14.1.jar
7f1906bfc000-7f1906c07000 r--s 00066000 fc:01 751405                     /root/.gradle/wrapper/dists/gradle-2.14.1-all/53l0mv9mggp9q5m2ip574m21oh/gradle-2.14.1/lib/plugins/gradle-ide-2.14.1.jar
7f1906c07000-7f1906c08000 r--s 00008000 fc:01 751410                     /root/.gradle/wrapper/dists/gradle-2.14.1-all/53l0mv9mggp9q5m2ip574m21oh/gradle-2.14.1/lib/plugins/gradle-ear-2.14.1.jar
7f1906c08000-7f1906c0e000 r--s 00032000 fc:01 751413                     /root/.gradle/wrapper/dists/gradle-2.14.1-all/53l0mv9mggp9q5m2ip574m21oh/gradle-2.14.1/lib/plugins/gradle-diagnostics-2.14.1.jar
7f1906c0e000-7f1906c12000 r--s 00021000 fc:01 751400                     /root/.gradle/wrapper/dists/gradle-2.14.1-all/53l0mv9mggp9q5m2ip574m21oh/gradle-2.14.1/lib/plugins/gradle-code-quality-2.14.1.jar
7f1906c12000-7f1906c16000 r--s 0001f000 fc:01 751418                     /root/.gradle/wrapper/dists/gradle-2.14.1-all/53l0mv9mggp9q5m2ip574m21oh/gradle-2.14.1/lib/plugins/gradle-build-init-2.14.1.jar
7f1906c16000-7f1906c1d000 r--s 0008e000 fc:01 751412                     /root/.gradle/wrapper/dists/gradle-2.14.1-all/53l0mv9mggp9q5m2ip574m21oh/gradle-2.14.1/lib/plugins/gradle-build-comparison-2.14.1.jar
7f1906c1d000-7f1906c1f000 r--s 00008000 fc:01 751402                     /root/.gradle/wrapper/dists/gradle-2.14.1-all/53l0mv9mggp9q5m2ip574m21oh/gradle-2.14.1/lib/plugins/gradle-antlr-2.14.1.jar
7f1906c1f000-7f1906c21000 r--s 00004000 fc:01 751406                     /root/.gradle/wrapper/dists/gradle-2.14.1-all/53l0mv9mggp9q5m2ip574m21oh/gradle-2.14.1/lib/plugins/gradle-announce-2.14.1.jar
7f1906c21000-7f1906c39000 r--s 00115000 fc:01 751507                     /root/.gradle/wrapper/dists/gradle-2.14.1-all/53l0mv9mggp9q5m2ip574m21oh/gradle-2.14.1/lib/plugins/xercesImpl-2.9.1.jar
7f1906c39000-7f1906c41000 r--s 00028000 fc:01 751508                     /root/.gradle/wrapper/dists/gradle-2.14.1-all/53l0mv9mggp9q5m2ip574m21oh/gradle-2.14.1/lib/plugins/xml-apis-1.3.04.jar
7f1906c41000-7f1906c47000 r--s 0005b000 fc:01 751506                     /root/.gradle/wrapper/dists/gradle-2.14.1-all/53l0mv9mggp9q5m2ip574m21oh/gradle-2.14.1/lib/plugins/jcifs-1.3.17.jar
7f1906c47000-7f1906c4e000 r--s 00049000 fc:01 751505                     /root/.gradle/wrapper/dists/gradle-2.14.1-all/53l0mv9mggp9q5m2ip574m21oh/gradle-2.14.1/lib/plugins/httpcore-4.4.4.jar
7f1906c4e000-7f1906c54000 r--s 00033000 fc:01 751453                     /root/.gradle/wrapper/dists/gradle-2.14.1-all/53l0mv9mggp9q5m2ip574m21oh/gradle-2.14.1/lib/plugins/commons-codec-1.6.jar
7f1906c54000-7f1906c57000 r--s 0001c000 fc:01 751463                     /root/.gradle/wrapper/dists/gradle-2.14.1-all/53l0mv9mggp9q5m2ip574m21oh/gradle-2.14.1/lib/plugins/nekohtml-1.9.14.jar
7f1906c57000-7f1906c64000 r--s 000a4000 fc:01 751462                     /root/.gradle/wrapper/dists/gradle-2.14.1-all/53l0mv9mggp9q5m2ip574m21oh/gradle-2.14.1/lib/plugins/httpclient-4.4.1.jar
7f1906c64000-7f1906c66000 r--s 0000a000 fc:01 751435                     /root/.gradle/wrapper/dists/gradle-2.14.1-all/53l0mv9mggp9q5m2ip574m21oh/gradle-2.14.1/lib/plugins/gradle-resources-http-2.14.1.jar
7f1906c66000-7f1906c6a000 r--s 00014000 fc:01 751434                     /root/.gradle/wrapper/dists/gradle-2.14.1-all/53l0mv9mggp9q5m2ip574m21oh/gradle-2.14.1/lib/plugins/gradle-plugin-use-2.14.1.jar
7f1906c6a000-7f1906c6b000 r--s 00000000 fc:01 751351                     /root/.gradle/wrapper/dists/gradle-2.14.1-all/53l0mv9mggp9q5m2ip574m21oh/gradle-2.14.1/lib/gradle-installation-beacon-2.14.1.jar
7f1906c6b000-7f1906c6c000 r--s 00007000 fc:01 751501                     /root/.gradle/wrapper/dists/gradle-2.14.1-all/53l0mv9mggp9q5m2ip574m21oh/gradle-2.14.1/lib/plugins/wagon-http-shared4-2.4.jar
7f1906c6c000-7f1906c70000 r--s 00033000 fc:01 751500                     /root/.gradle/wrapper/dists/gradle-2.14.1-all/53l0mv9mggp9q5m2ip574m21oh/gradle-2.14.1/lib/plugins/plexus-utils-2.0.6.jar
7f1906c70000-7f1906c74000 r--s 00021000 fc:01 751499                     /root/.gradle/wrapper/dists/gradle-2.14.1-all/53l0mv9mggp9q5m2ip574m21oh/gradle-2.14.1/lib/plugins/maven-model-builder-3.0.4.jar
7f1906c74000-7f1906c75000 r--s 00002000 fc:01 751498                     /root/.gradle/wrapper/dists/gradle-2.14.1-all/53l0mv9mggp9q5m2ip574m21oh/gradle-2.14.1/lib/plugins/wagon-file-2.4.jar
7f1906c75000-7f1906c77000 r--s 00002000 fc:01 751497                     /root/.gradle/wrapper/dists/gradle-2.14.1-all/53l0mv9mggp9q5m2ip574m21oh/gradle-2.14.1/lib/plugins/plexus-cipher-1.7.jar
7f1906c77000-7f1906c7a000 r--s 00013000 fc:01 751496                     /root/.gradle/wrapper/dists/gradle-2.14.1-all/53l0mv9mggp9q5m2ip574m21oh/gradle-2.14.1/lib/plugins/aether-api-1.13.1.jar
7f1906c7a000-7f1906c7c000 r--s 0000a000 fc:01 751495                     /root/.gradle/wrapper/dists/gradle-2.14.1-all/53l0mv9mggp9q5m2ip574m21oh/gradle-2.14.1/lib/plugins/maven-settings-3.0.4.jar
7f1906c7c000-7f1906c7e000 r--s 0000d000 fc:01 751494                     /root/.gradle/wrapper/dists/gradle-2.14.1-all/53l0mv9mggp9q5m2ip574m21oh/gradle-2.14.1/lib/plugins/plexus-interpolation-1.14.jar
7f1906c7e000-7f1906c80000 r--s 0000b000 fc:01 751493                     /root/.gradle/wrapper/dists/gradle-2.14.1-all/53l0mv9mggp9q5m2ip574m21oh/gradle-2.14.1/lib/plugins/maven-artifact-3.0.4.jar
7f1906c80000-7f1906c87000 r--s 0002e000 fc:01 751492                     /root/.gradle/wrapper/dists/gradle-2.14.1-all/53l0mv9mggp9q5m2ip574m21oh/gradle-2.14.1/lib/plugins/plexus-container-default-1.5.5.jar
7f1906c87000-7f1906c89000 r--s 0000b000 fc:01 751491                     /root/.gradle/wrapper/dists/gradle-2.14.1-all/53l0mv9mggp9q5m2ip574m21oh/gradle-2.14.1/lib/plugins/maven-plugin-api-3.0.4.jar
7f1906c89000-7f1906c8b000 r--s 00000000 fc:01 751509                     /root/.gradle/wrapper/dists/gradle-2.14.1-all/53l0mv9mggp9q5m2ip574m21oh/gradle-2.14.1/lib/plugins/plexus-component-annotations-1.5.5.jar
7f1906c8b000-7f1906c91000 r--s 0003f000 fc:01 751490                     /root/.gradle/wrapper/dists/gradle-2.14.1-all/53l0mv9mggp9q5m2ip574m21oh/gradle-2.14.1/lib/plugins/maven-compat-3.0.4.jar
7f1906c91000-7f1906c94000 r--s 00008000 fc:01 751489                     /root/.gradle/wrapper/dists/gradle-2.14.1-all/53l0mv9mggp9q5m2ip574m21oh/gradle-2.14.1/lib/plugins/maven-settings-builder-3.0.4.jar
7f1906c94000-7f1906c96000 r--s 00026000 fc:01 751487                     /root/.gradle/wrapper/dists/gradle-2.14.1-all/53l0mv9mggp9q5m2ip574m21oh/gradle-2.14.1/lib/plugins/maven-model-3.0.4.jar
7f1906c96000-7f1906c98000 r--s 00006000 fc:01 751486                     /root/.gradle/wrapper/dists/gradle-2.14.1-all/53l0mv9mggp9q5m2ip574m21oh/gradle-2.14.1/lib/plugins/aether-connector-wagon-1.13.1.jar
7f1906c98000-7f1906c9a000 r--s 0000a000 fc:01 751485                     /root/.gradle/wrapper/dists/gradle-2.14.1-all/53l0mv9mggp9q5m2ip574m21oh/gradle-2.14.1/lib/plugins/plexus-classworlds-2.4.jar
7f1906c9a000-7f1906c9c000 r--s 00006000 fc:01 751484                     /root/.gradle/wrapper/dists/gradle-2.14.1-all/53l0mv9mggp9q5m2ip574m21oh/gradle-2.14.1/lib/plugins/maven-repository-metadata-3.0.4.jar
7f1906c9c000-7f1906c9e000 r--s 0000c000 fc:01 751483                     /root/.gradle/wrapper/dists/gradle-2.14.1-all/53l0mv9mggp9q5m2ip574m21oh/gradle-2.14.1/lib/plugins/maven-aether-provider-3.0.4.jar
7f1906c9e000-7f1906ca0000 r--s 0000b000 fc:01 751482                     /root/.gradle/wrapper/dists/gradle-2.14.1-all/53l0mv9mggp9q5m2ip574m21oh/gradle-2.14.1/lib/plugins/wagon-provider-api-2.4.jar
7f1906ca0000-7f1906ca4000 r--s 0001c000 fc:01 751480                     /root/.gradle/wrapper/dists/gradle-2.14.1-all/53l0mv9mggp9q5m2ip574m21oh/gradle-2.14.1/lib/plugins/aether-util-1.13.1.jar
7f1906ca4000-7f1906ca7000 r--s 0001d000 fc:01 751479                     /root/.gradle/wrapper/dists/gradle-2.14.1-all/53l0mv9mggp9q5m2ip574m21oh/gradle-2.14.1/lib/plugins/aether-impl-1.13.1.jar
7f1906ca7000-7f1906cac000 r--s 00040000 fc:01 751464                     /root/.gradle/wrapper/dists/gradle-2.14.1-all/53l0mv9mggp9q5m2ip574m21oh/gradle-2.14.1/lib/plugins/jsch-0.1.53.jar
7f1906cac000-7f1906cec000 r--s 00277000 fc:01 751474                     /root/.gradle/wrapper/dists/gradle-2.14.1-all/53l0mv9mggp9q5m2ip574m21oh/gradle-2.14.1/lib/plugins/bcprov-jdk15on-1.51.jar
7f1906cec000-7f1906cf8000 r--s 0007d000 fc:01 751450                     /root/.gradle/wrapper/dists/gradle-2.14.1-all/53l0mv9mggp9q5m2ip574m21oh/gradle-2.14.1/lib/plugins/maven-core-3.0.4.jar
7f1906cf8000-7f1906d07000 r--s 000d9000 fc:01 751472                     /root/.gradle/wrapper/dists/gradle-2.14.1-all/53l0mv9mggp9q5m2ip574m21oh/gradle-2.14.1/lib/plugins/ivy-2.2.0.jar
7f1906d07000-7f1906d23000 r--s 000d3000 fc:01 751439                     /root/.gradle/wrapper/dists/gradle-2.14.1-all/53l0mv9mggp9q5m2ip574m21oh/gradle-2.14.1/lib/plugins/gradle-dependency-management-2.14.1.jar
7f1906d23000-7f1906d2c000 r-xp 00000000 fc:01 531029                     /usr/lib/jvm/java-8-openjdk-amd64/jre/lib/amd64/libmanagement.so
7f1906d2c000-7f1906f2b000 ---p 00009000 fc:01 531029                     /usr/lib/jvm/java-8-openjdk-amd64/jre/lib/amd64/libmanagement.so
7f1906f2b000-7f1906f2c000 r--p 00008000 fc:01 531029                     /usr/lib/jvm/java-8-openjdk-amd64/jre/lib/amd64/libmanagement.so
7f1906f2c000-7f1906f2d000 rw-p 00009000 fc:01 531029                     /usr/lib/jvm/java-8-openjdk-amd64/jre/lib/amd64/libmanagement.so
7f1906f2d000-7f1906f52000 r-xp 00000000 fc:01 2048                       /lib/x86_64-linux-gnu/libtinfo.so.5.9
7f1906f52000-7f1907151000 ---p 00025000 fc:01 2048                       /lib/x86_64-linux-gnu/libtinfo.so.5.9
7f1907151000-7f1907155000 r--p 00024000 fc:01 2048                       /lib/x86_64-linux-gnu/libtinfo.so.5.9
7f1907155000-7f1907156000 rw-p 00028000 fc:01 2048                       /lib/x86_64-linux-gnu/libtinfo.so.5.9
7f1907156000-7f1907177000 r-xp 00000000 fc:01 1939                       /lib/x86_64-linux-gnu/libncurses.so.5.9
7f1907177000-7f1907376000 ---p 00021000 fc:01 1939                       /lib/x86_64-linux-gnu/libncurses.so.5.9
7f1907376000-7f1907377000 r--p 00020000 fc:01 1939                       /lib/x86_64-linux-gnu/libncurses.so.5.9
7f1907377000-7f1907378000 rw-p 00021000 fc:01 1939                       /lib/x86_64-linux-gnu/libncurses.so.5.9
7f1907378000-7f1907379000 r--s 00002000 fc:01 751488                     /root/.gradle/wrapper/dists/gradle-2.14.1-all/53l0mv9mggp9q5m2ip574m21oh/gradle-2.14.1/lib/plugins/wagon-http-2.4.jar
7f1907379000-7f190737a000 r--s 00003000 fc:01 751481                     /root/.gradle/wrapper/dists/gradle-2.14.1-all/53l0mv9mggp9q5m2ip574m21oh/gradle-2.14.1/lib/plugins/aether-spi-1.13.1.jar
7f190737a000-7f190737b000 r--s 00006000 fc:01 751478                     /root/.gradle/wrapper/dists/gradle-2.14.1-all/53l0mv9mggp9q5m2ip574m21oh/gradle-2.14.1/lib/plugins/plexus-sec-dispatcher-1.3.jar
7f190737b000-7f190737f000 r--s 0001d000 fc:01 751473                     /root/.gradle/wrapper/dists/gradle-2.14.1-all/53l0mv9mggp9q5m2ip574m21oh/gradle-2.14.1/lib/plugins/xbean-reflect-3.4.jar
7f190737f000-7f1907384000 r--s 0002a000 fc:01 751457                     /root/.gradle/wrapper/dists/gradle-2.14.1-all/53l0mv9mggp9q5m2ip574m21oh/gradle-2.14.1/lib/plugins/gson-2.2.4.jar
7f1907384000-7f1907387000 r-xp 00000000 fc:01 540194                     /root/.gradle/native/19/linux-amd64/libnative-platform-curses.so
7f1907387000-7f1907587000 ---p 00003000 fc:01 540194                     /root/.gradle/native/19/linux-amd64/libnative-platform-curses.so
7f1907587000-7f1907588000 rw-p 00003000 fc:01 540194                     /root/.gradle/native/19/linux-amd64/libnative-platform-curses.so
7f1907588000-7f190758c000 r-xp 00000000 fc:01 540192                     /root/.gradle/native/19/linux-amd64/libnative-platform.so
7f190758c000-7f190778b000 ---p 00004000 fc:01 540192                     /root/.gradle/native/19/linux-amd64/libnative-platform.so
7f190778b000-7f190778c000 rw-p 00003000 fc:01 540192                     /root/.gradle/native/19/linux-amd64/libnative-platform.so
7f190778c000-7f190778e000 r--s 00005000 fc:01 751350                     /root/.gradle/wrapper/dists/gradle-2.14.1-all/53l0mv9mggp9q5m2ip574m21oh/gradle-2.14.1/lib/gradle-wrapper-2.14.1.jar
7f190778e000-7f190779c000 r--s 0004f000 fc:01 751357                     /root/.gradle/wrapper/dists/gradle-2.14.1-all/53l0mv9mggp9q5m2ip574m21oh/gradle-2.14.1/lib/gradle-tooling-api-2.14.1.jar
7f190779c000-7f190779e000 r--s 00002000 fc:01 751377                     /root/.gradle/wrapper/dists/gradle-2.14.1-all/53l0mv9mggp9q5m2ip574m21oh/gradle-2.14.1/lib/gradle-open-api-2.14.1.jar
7f190779e000-7f19077a4000 r--s 00032000 fc:01 751379                     /root/.gradle/wrapper/dists/gradle-2.14.1-all/53l0mv9mggp9q5m2ip574m21oh/gradle-2.14.1/lib/jaxen-1.1.jar
7f19077a4000-7f19077a9000 r--s 00048000 fc:01 751378                     /root/.gradle/wrapper/dists/gradle-2.14.1-all/53l0mv9mggp9q5m2ip574m21oh/gradle-2.14.1/lib/dom4j-1.6.1.jar
7f19077a9000-7f19077b4000 r--s 00059000 fc:01 751356                     /root/.gradle/wrapper/dists/gradle-2.14.1-all/53l0mv9mggp9q5m2ip574m21oh/gradle-2.14.1/lib/gradle-ui-2.14.1.jar
7f19077b4000-7f19077b7000 r--s 0000b000 fc:01 751375                     /root/.gradle/wrapper/dists/gradle-2.14.1-all/53l0mv9mggp9q5m2ip574m21oh/gradle-2.14.1/lib/gradle-resources-2.14.1.jar
7f19077b7000-7f19077b9000 r--s 00003000 fc:01 751387                     /root/.gradle/wrapper/dists/gradle-2.14.1-all/53l0mv9mggp9q5m2ip574m21oh/gradle-2.14.1/lib/jcl-over-slf4j-1.7.10.jar
7f19077b9000-7f19077ba000 r--s 00005000 fc:01 751386                     /root/.gradle/wrapper/dists/gradle-2.14.1-all/53l0mv9mggp9q5m2ip574m21oh/gradle-2.14.1/lib/log4j-over-slf4j-1.7.10.jar
7f19077ba000-7f19077bc000 r--s 00000000 fc:01 751385                     /root/.gradle/wrapper/dists/gradle-2.14.1-all/53l0mv9mggp9q5m2ip574m21oh/gradle-2.14.1/lib/jul-to-slf4j-1.7.10.jar
7f19077bc000-7f19077c1000 r--s 0001c000 fc:01 751374                     /root/.gradle/wrapper/dists/gradle-2.14.1-all/53l0mv9mggp9q5m2ip574m21oh/gradle-2.14.1/lib/gradle-logging-2.14.1.jar
7f19077c1000-7f19077c3000 r--s 00007000 fc:01 751398                     /root/.gradle/wrapper/dists/gradle-2.14.1-all/53l0mv9mggp9q5m2ip574m21oh/gradle-2.14.1/lib/objenesis-1.2.jar
7f19077c3000-7f19077c5000 r--s 00000000 fc:01 751397                     /root/.gradle/wrapper/dists/gradle-2.14.1-all/53l0mv9mggp9q5m2ip574m21oh/gradle-2.14.1/lib/minlog-1.2.jar
7f19077c5000-7f19077c7000 r--s 0000f000 fc:01 751396                     /root/.gradle/wrapper/dists/gradle-2.14.1-all/53l0mv9mggp9q5m2ip574m21oh/gradle-2.14.1/lib/reflectasm-1.07-shaded.jar
7f19077c7000-7f19077cb000 r--s 00026000 fc:01 751384                     /root/.gradle/wrapper/dists/gradle-2.14.1-all/53l0mv9mggp9q5m2ip574m21oh/gradle-2.14.1/lib/kryo-2.20.jar
7f19077cb000-7f19077d1000 r--s 00025000 fc:01 751373                     /root/.gradle/wrapper/dists/gradle-2.14.1-all/53l0mv9mggp9q5m2ip574m21oh/gradle-2.14.1/lib/gradle-messaging-2.14.1.jar
7f19077d1000-7f19077d2000 r--s 00003000 fc:01 751395                     /root/.gradle/wrapper/dists/gradle-2.14.1-all/53l0mv9mggp9q5m2ip574m21oh/gradle-2.14.1/lib/native-platform-freebsd-amd64-0.10.jar
7f19077d2000-7f19077d3000 r--s 00003000 fc:01 751394                     /root/.gradle/wrapper/dists/gradle-2.14.1-all/53l0mv9mggp9q5m2ip574m21oh/gradle-2.14.1/lib/native-platform-freebsd-i386-0.10.jar
7f19077d3000-7f19077d4000 r--s 00005000 fc:01 751393                     /root/.gradle/wrapper/dists/gradle-2.14.1-all/53l0mv9mggp9q5m2ip574m21oh/gradle-2.14.1/lib/native-platform-windows-i386-0.10.jar
7f19077d4000-7f19077d5000 r--s 00005000 fc:01 751392                     /root/.gradle/wrapper/dists/gradle-2.14.1-all/53l0mv9mggp9q5m2ip574m21oh/gradle-2.14.1/lib/native-platform-windows-amd64-0.10.jar
7f19077d5000-7f19077d6000 r--s 00003000 fc:01 751391                     /root/.gradle/wrapper/dists/gradle-2.14.1-all/53l0mv9mggp9q5m2ip574m21oh/gradle-2.14.1/lib/native-platform-linux-i386-0.10.jar
7f19077d6000-7f19077d7000 r--s 00003000 fc:01 751390                     /root/.gradle/wrapper/dists/gradle-2.14.1-all/53l0mv9mggp9q5m2ip574m21oh/gradle-2.14.1/lib/native-platform-linux-amd64-0.10.jar
7f19077d7000-7f19077d8000 r--s 00002000 fc:01 751389                     /root/.gradle/wrapper/dists/gradle-2.14.1-all/53l0mv9mggp9q5m2ip574m21oh/gradle-2.14.1/lib/native-platform-osx-amd64-0.10.jar
7f19077d8000-7f19077d9000 r--s 00002000 fc:01 751388                     /root/.gradle/wrapper/dists/gradle-2.14.1-all/53l0mv9mggp9q5m2ip574m21oh/gradle-2.14.1/lib/native-platform-osx-i386-0.10.jar
7f19077d9000-7f19077db000 r--s 00008000 fc:01 751382                     /root/.gradle/wrapper/dists/gradle-2.14.1-all/53l0mv9mggp9q5m2ip574m21oh/gradle-2.14.1/lib/jansi-1.2.1.jar
7f19077db000-7f19077de000 r--s 0000d000 fc:01 751381                     /root/.gradle/wrapper/dists/gradle-2.14.1-all/53l0mv9mggp9q5m2ip574m21oh/gradle-2.14.1/lib/native-platform-0.10.jar
7f19077de000-7f19077e2000 r--s 000e4000 fc:01 751380                     /root/.gradle/wrapper/dists/gradle-2.14.1-all/53l0mv9mggp9q5m2ip574m21oh/gradle-2.14.1/lib/jna-3.2.7.jar
7f19077e2000-7f19077e4000 r--s 00009000 fc:01 751358                     /root/.gradle/wrapper/dists/gradle-2.14.1-all/53l0mv9mggp9q5m2ip574m21oh/gradle-2.14.1/lib/gradle-native-2.14.1.jar
7f19077e4000-7f19077e6000 r--s 00005000 fc:01 751355                     /root/.gradle/wrapper/dists/gradle-2.14.1-all/53l0mv9mggp9q5m2ip574m21oh/gradle-2.14.1/lib/gradle-cli-2.14.1.jar
7f19077e6000-7f19077e8000 r--s 00007000 fc:01 751365                     /root/.gradle/wrapper/dists/gradle-2.14.1-all/53l0mv9mggp9q5m2ip574m21oh/gradle-2.14.1/lib/gradle-model-groovy-2.14.1.jar
7f19077e8000-7f19077e9000 r--s 00006000 fc:01 751372                     /root/.gradle/wrapper/dists/gradle-2.14.1-all/53l0mv9mggp9q5m2ip574m21oh/gradle-2.14.1/lib/gradle-base-services-groovy-2.14.1.jar
7f19077e9000-7f19077f8000 r--s 00080000 fc:01 751364                     /root/.gradle/wrapper/dists/gradle-2.14.1-all/53l0mv9mggp9q5m2ip574m21oh/gradle-2.14.1/lib/gradle-model-core-2.14.1.jar
7f19077f8000-7f19077f9000 r--s 00002000 fc:01 751376                     /root/.gradle/wrapper/dists/gradle-2.14.1-all/53l0mv9mggp9q5m2ip574m21oh/gradle-2.14.1/lib/gradle-docs-2.14.1.jar
7f19077f9000-7f1907806000 r--s 00083000 fc:01 751368                     /root/.gradle/wrapper/dists/gradle-2.14.1-all/53l0mv9mggp9q5m2ip574m21oh/gradle-2.14.1/lib/commons-collections-3.2.2.jar
7f1907806000-7f1907875000 r--s 0063e000 fc:01 751363                     /root/.gradle/wrapper/dists/gradle-2.14.1-all/53l0mv9mggp9q5m2ip574m21oh/gradle-2.14.1/lib/groovy-all-2.4.4.jar
7f1907875000-7f190789d000 r--s 001cf000 fc:01 751360                     /root/.gradle/wrapper/dists/gradle-2.14.1-all/53l0mv9mggp9q5m2ip574m21oh/gradle-2.14.1/lib/guava-jdk5-17.0.jar
7f190789d000-7f19078d4000 r--s 001bd000 fc:01 751354                     /root/.gradle/wrapper/dists/gradle-2.14.1-all/53l0mv9mggp9q5m2ip574m21oh/gradle-2.14.1/lib/gradle-core-2.14.1.jar
7f19078d4000-7f19078e5000 r-xp 00000000 fc:01 531032                     /usr/lib/jvm/java-8-openjdk-amd64/jre/lib/amd64/libnio.so
7f19078e5000-7f1907ae5000 ---p 00011000 fc:01 531032                     /usr/lib/jvm/java-8-openjdk-amd64/jre/lib/amd64/libnio.so
7f1907ae5000-7f1907ae6000 r--p 00011000 fc:01 531032                     /usr/lib/jvm/java-8-openjdk-amd64/jre/lib/amd64/libnio.so
7f1907ae6000-7f1907ae7000 rw-p 00012000 fc:01 531032                     /usr/lib/jvm/java-8-openjdk-amd64/jre/lib/amd64/libnio.so
7f1907ae7000-7f1907de8000 rw-p 00000000 00:00 0 
7f1907de8000-7f1907dff000 r-xp 00000000 fc:01 531031                     /usr/lib/jvm/java-8-openjdk-amd64/jre/lib/amd64/libnet.so
7f1907dff000-7f1907ffe000 ---p 00017000 fc:01 531031                     /usr/lib/jvm/java-8-openjdk-amd64/jre/lib/amd64/libnet.so
7f1907ffe000-7f1907fff000 r--p 00016000 fc:01 531031                     /usr/lib/jvm/java-8-openjdk-amd64/jre/lib/amd64/libnet.so
7f1907fff000-7f1908000000 rw-p 00017000 fc:01 531031                     /usr/lib/jvm/java-8-openjdk-amd64/jre/lib/amd64/libnet.so
7f1908000000-7f1908021000 rw-p 00000000 00:00 0 
7f1908021000-7f190c000000 ---p 00000000 00:00 0 
7f190c000000-7f190c001000 r--s 00000000 fc:01 751371                     /root/.gradle/wrapper/dists/gradle-2.14.1-all/53l0mv9mggp9q5m2ip574m21oh/gradle-2.14.1/lib/javax.inject-1.jar
7f190c001000-7f190c002000 r--s 00000000 fc:01 751370                     /root/.gradle/wrapper/dists/gradle-2.14.1-all/53l0mv9mggp9q5m2ip574m21oh/gradle-2.14.1/lib/jcip-annotations-1.0.jar
7f190c002000-7f190c006000 r--s 00027000 fc:01 751369                     /root/.gradle/wrapper/dists/gradle-2.14.1-all/53l0mv9mggp9q5m2ip574m21oh/gradle-2.14.1/lib/commons-io-2.2.jar
7f190c006000-7f190c00b000 r--s 00038000 fc:01 751366                     /root/.gradle/wrapper/dists/gradle-2.14.1-all/53l0mv9mggp9q5m2ip574m21oh/gradle-2.14.1/lib/asm-all-5.1.jar
7f190c00b000-7f190c00c000 r--s 00001000 fc:01 751362                     /root/.gradle/wrapper/dists/gradle-2.14.1-all/53l0mv9mggp9q5m2ip574m21oh/gradle-2.14.1/lib/gradle-process-services-2.14.1.jar
7f190c00c000-7f190c00d000 r--s 00000000 fc:01 751353                     /root/.gradle/wrapper/dists/gradle-2.14.1-all/53l0mv9mggp9q5m2ip574m21oh/gradle-2.14.1/lib/gradle-jvm-services-2.14.1.jar
7f190c00d000-7f190c02c000 r--s 001d1000 fc:01 751367                     /root/.gradle/wrapper/dists/gradle-2.14.1-all/53l0mv9mggp9q5m2ip574m21oh/gradle-2.14.1/lib/ant-1.9.6.jar
7f190c02c000-7f190c034000 r--s 0003a000 fc:01 751352                     /root/.gradle/wrapper/dists/gradle-2.14.1-all/53l0mv9mggp9q5m2ip574m21oh/gradle-2.14.1/lib/gradle-base-services-2.14.1.jar
7f190c034000-7f190c03f000 r--s 00051000 fc:01 751349                     /root/.gradle/wrapper/dists/gradle-2.14.1-all/53l0mv9mggp9q5m2ip574m21oh/gradle-2.14.1/lib/gradle-launcher-2.14.1.jar
7f190c03f000-7f190c05a000 r--s 00394000 fc:01 531053                     /usr/lib/jvm/java-8-openjdk-amd64/jre/lib/ext/cldrdata.jar
7f190c05a000-7f190c05b000 ---p 00000000 00:00 0 
7f190c05b000-7f190c15b000 rw-p 00000000 00:00 0 
7f190c15b000-7f190c15e000 ---p 00000000 00:00 0 
7f190c15e000-7f190c25c000 rw-p 00000000 00:00 0 
7f190c25c000-7f190c25f000 ---p 00000000 00:00 0 
7f190c25f000-7f190c35d000 rw-p 00000000 00:00 0 
7f190c35d000-7f190c360000 ---p 00000000 00:00 0 
7f190c360000-7f190c45e000 rw-p 00000000 00:00 0 
7f190c45e000-7f190c461000 ---p 00000000 00:00 0 
7f190c461000-7f190c55f000 rw-p 00000000 00:00 0 
7f190c55f000-7f190c6f7000 r--p 00000000 fc:01 10113                      /usr/lib/locale/locale-archive
7f190c6f7000-7f190c6fa000 ---p 00000000 00:00 0 
7f190c6fa000-7f190c7f8000 rw-p 00000000 00:00 0 
7f190c7f8000-7f190c7fb000 ---p 00000000 00:00 0 
7f190c7fb000-7f190c8f9000 rw-p 00000000 00:00 0 
7f190c8f9000-7f190c8fa000 ---p 00000000 00:00 0 
7f190c8fa000-7f190d000000 rw-p 00000000 00:00 0 
7f190d000000-7f190d300000 rwxp 00000000 00:00 0 
7f190d300000-7f191c000000 ---p 00000000 00:00 0 
7f191c000000-7f191cbe5000 rw-p 00000000 00:00 0 
7f191cbe5000-7f1920000000 ---p 00000000 00:00 0 
7f1920000000-7f1920005000 r--s 00041000 fc:01 751361                     /root/.gradle/wrapper/dists/gradle-2.14.1-all/53l0mv9mggp9q5m2ip574m21oh/gradle-2.14.1/lib/commons-lang-2.6.jar
7f1920005000-7f1920006000 r--s 00007000 fc:01 751359                     /root/.gradle/wrapper/dists/gradle-2.14.1-all/53l0mv9mggp9q5m2ip574m21oh/gradle-2.14.1/lib/slf4j-api-1.7.10.jar
7f1920006000-7f1920007000 r--s 00004000 fc:01 751383                     /root/.gradle/wrapper/dists/gradle-2.14.1-all/53l0mv9mggp9q5m2ip574m21oh/gradle-2.14.1/lib/ant-launcher-1.9.6.jar
7f1920007000-7f192000b000 r--s 0009a000 fc:01 531076                     /usr/lib/jvm/java-8-openjdk-amd64/jre/lib/jsse.jar
7f192000b000-7f1920015000 r--s 00116000 fc:01 531057                     /usr/lib/jvm/java-8-openjdk-amd64/jre/lib/ext/localedata.jar
7f1920015000-7f1920030000 r--s 001d6000 fc:01 531058                     /usr/lib/jvm/java-8-openjdk-amd64/jre/lib/ext/nashorn.jar
7f1920030000-7f19203e3000 rw-p 00000000 00:00 0 
7f19203e3000-7f19205b1000 r--s 03c06000 fc:01 531082                     /usr/lib/jvm/java-8-openjdk-amd64/jre/lib/rt.jar
7f19205b1000-7f1921f1c000 rw-p 00000000 00:00 0 
7f1921f1c000-7f1921f1d000 ---p 00000000 00:00 0 
7f1921f1d000-7f192201d000 rw-p 00000000 00:00 0 
7f192201d000-7f192201e000 ---p 00000000 00:00 0 
7f192201e000-7f1922129000 rw-p 00000000 00:00 0 
7f1922129000-7f19221c4000 ---p 00000000 00:00 0 
7f19221c4000-7f19221cf000 rw-p 00000000 00:00 0 
7f19221cf000-7f1922218000 ---p 00000000 00:00 0 
7f1922218000-7f1922225000 rw-p 00000000 00:00 0 
7f1922225000-7f19225d9000 ---p 00000000 00:00 0 
7f19225d9000-7f19225e1000 r-xp 00000000 fc:01 531039                     /usr/lib/jvm/java-8-openjdk-amd64/jre/lib/amd64/libzip.so
7f19225e1000-7f19227e0000 ---p 00008000 fc:01 531039                     /usr/lib/jvm/java-8-openjdk-amd64/jre/lib/amd64/libzip.so
7f19227e0000-7f19227e1000 r--p 00007000 fc:01 531039                     /usr/lib/jvm/java-8-openjdk-amd64/jre/lib/amd64/libzip.so
7f19227e1000-7f19227e2000 rw-p 00008000 fc:01 531039                     /usr/lib/jvm/java-8-openjdk-amd64/jre/lib/amd64/libzip.so
7f19227e2000-7f19227ed000 r-xp 00000000 fc:01 1912                       /lib/x86_64-linux-gnu/libnss_files-2.24.so
7f19227ed000-7f19229ec000 ---p 0000b000 fc:01 1912                       /lib/x86_64-linux-gnu/libnss_files-2.24.so
7f19229ec000-7f19229ed000 r--p 0000a000 fc:01 1912                       /lib/x86_64-linux-gnu/libnss_files-2.24.so
7f19229ed000-7f19229ee000 rw-p 0000b000 fc:01 1912                       /lib/x86_64-linux-gnu/libnss_files-2.24.so
7f19229ee000-7f19229f4000 rw-p 00000000 00:00 0 
7f19229f4000-7f19229ff000 r-xp 00000000 fc:01 1914                       /lib/x86_64-linux-gnu/libnss_nis-2.24.so
7f19229ff000-7f1922bfe000 ---p 0000b000 fc:01 1914                       /lib/x86_64-linux-gnu/libnss_nis-2.24.so
7f1922bfe000-7f1922bff000 r--p 0000a000 fc:01 1914                       /lib/x86_64-linux-gnu/libnss_nis-2.24.so
7f1922bff000-7f1922c00000 rw-p 0000b000 fc:01 1914                       /lib/x86_64-linux-gnu/libnss_nis-2.24.so
7f1922c00000-7f1922c16000 r-xp 00000000 fc:01 1909                       /lib/x86_64-linux-gnu/libnsl-2.24.so
7f1922c16000-7f1922e15000 ---p 00016000 fc:01 1909                       /lib/x86_64-linux-gnu/libnsl-2.24.so
7f1922e15000-7f1922e16000 r--p 00015000 fc:01 1909                       /lib/x86_64-linux-gnu/libnsl-2.24.so
7f1922e16000-7f1922e17000 rw-p 00016000 fc:01 1909                       /lib/x86_64-linux-gnu/libnsl-2.24.so
7f1922e17000-7f1922e19000 rw-p 00000000 00:00 0 
7f1922e19000-7f1922e21000 r-xp 00000000 fc:01 1910                       /lib/x86_64-linux-gnu/libnss_compat-2.24.so
7f1922e21000-7f1923020000 ---p 00008000 fc:01 1910                       /lib/x86_64-linux-gnu/libnss_compat-2.24.so
7f1923020000-7f1923021000 r--p 00007000 fc:01 1910                       /lib/x86_64-linux-gnu/libnss_compat-2.24.so
7f1923021000-7f1923022000 rw-p 00008000 fc:01 1910                       /lib/x86_64-linux-gnu/libnss_compat-2.24.so
7f1923022000-7f192304f000 r-xp 00000000 fc:01 531020                     /usr/lib/jvm/java-8-openjdk-amd64/jre/lib/amd64/libjava.so
7f192304f000-7f192324e000 ---p 0002d000 fc:01 531020                     /usr/lib/jvm/java-8-openjdk-amd64/jre/lib/amd64/libjava.so
7f192324e000-7f192324f000 r--p 0002c000 fc:01 531020                     /usr/lib/jvm/java-8-openjdk-amd64/jre/lib/amd64/libjava.so
7f192324f000-7f1923251000 rw-p 0002d000 fc:01 531020                     /usr/lib/jvm/java-8-openjdk-amd64/jre/lib/amd64/libjava.so
7f1923251000-7f1923260000 r-xp 00000000 fc:01 531038                     /usr/lib/jvm/java-8-openjdk-amd64/jre/lib/amd64/libverify.so
7f1923260000-7f192345f000 ---p 0000f000 fc:01 531038                     /usr/lib/jvm/java-8-openjdk-amd64/jre/lib/amd64/libverify.so
7f192345f000-7f1923461000 r--p 0000e000 fc:01 531038                     /usr/lib/jvm/java-8-openjdk-amd64/jre/lib/amd64/libverify.so
7f1923461000-7f1923462000 rw-p 00010000 fc:01 531038                     /usr/lib/jvm/java-8-openjdk-amd64/jre/lib/amd64/libverify.so
7f1923462000-7f1923469000 r-xp 00000000 fc:01 1919                       /lib/x86_64-linux-gnu/librt-2.24.so
7f1923469000-7f1923668000 ---p 00007000 fc:01 1919                       /lib/x86_64-linux-gnu/librt-2.24.so
7f1923668000-7f1923669000 r--p 00006000 fc:01 1919                       /lib/x86_64-linux-gnu/librt-2.24.so
7f1923669000-7f192366a000 rw-p 00007000 fc:01 1919                       /lib/x86_64-linux-gnu/librt-2.24.so
7f192366a000-7f1923680000 r-xp 00000000 fc:01 1930                       /lib/x86_64-linux-gnu/libgcc_s.so.1
7f1923680000-7f192387f000 ---p 00016000 fc:01 1930                       /lib/x86_64-linux-gnu/libgcc_s.so.1
7f192387f000-7f1923880000 r--p 00015000 fc:01 1930                       /lib/x86_64-linux-gnu/libgcc_s.so.1
7f1923880000-7f1923881000 rw-p 00016000 fc:01 1930                       /lib/x86_64-linux-gnu/libgcc_s.so.1
7f1923881000-7f1923989000 r-xp 00000000 fc:01 1906                       /lib/x86_64-linux-gnu/libm-2.24.so
7f1923989000-7f1923b88000 ---p 00108000 fc:01 1906                       /lib/x86_64-linux-gnu/libm-2.24.so
7f1923b88000-7f1923b89000 r--p 00107000 fc:01 1906                       /lib/x86_64-linux-gnu/libm-2.24.so
7f1923b89000-7f1923b8a000 rw-p 00108000 fc:01 1906                       /lib/x86_64-linux-gnu/libm-2.24.so
7f1923b8a000-7f1923d02000 r-xp 00000000 fc:01 6484                       /usr/lib/x86_64-linux-gnu/libstdc++.so.6.0.22
7f1923d02000-7f1923f02000 ---p 00178000 fc:01 6484                       /usr/lib/x86_64-linux-gnu/libstdc++.so.6.0.22
7f1923f02000-7f1923f0c000 r--p 00178000 fc:01 6484                       /usr/lib/x86_64-linux-gnu/libstdc++.so.6.0.22
7f1923f0c000-7f1923f0e000 rw-p 00182000 fc:01 6484                       /usr/lib/x86_64-linux-gnu/libstdc++.so.6.0.22
7f1923f0e000-7f1923f12000 rw-p 00000000 00:00 0 
7f1923f12000-7f1924b67000 r-xp 00000000 fc:01 531042                     /usr/lib/jvm/java-8-openjdk-amd64/jre/lib/amd64/server/libjvm.so
7f1924b67000-7f1924d67000 ---p 00c55000 fc:01 531042                     /usr/lib/jvm/java-8-openjdk-amd64/jre/lib/amd64/server/libjvm.so
7f1924d67000-7f1924dfa000 r--p 00c55000 fc:01 531042                     /usr/lib/jvm/java-8-openjdk-amd64/jre/lib/amd64/server/libjvm.so
7f1924dfa000-7f1924e23000 rw-p 00ce8000 fc:01 531042                     /usr/lib/jvm/java-8-openjdk-amd64/jre/lib/amd64/server/libjvm.so
7f1924e23000-7f1924e53000 rw-p 00000000 00:00 0 
7f1924e53000-7f1924e6b000 r-xp 00000000 fc:01 1917                       /lib/x86_64-linux-gnu/libpthread-2.24.so
7f1924e6b000-7f192506b000 ---p 00018000 fc:01 1917                       /lib/x86_64-linux-gnu/libpthread-2.24.so
7f192506b000-7f192506c000 r--p 00018000 fc:01 1917                       /lib/x86_64-linux-gnu/libpthread-2.24.so
7f192506c000-7f192506d000 rw-p 00019000 fc:01 1917                       /lib/x86_64-linux-gnu/libpthread-2.24.so
7f192506d000-7f1925071000 rw-p 00000000 00:00 0 
7f1925071000-7f1925074000 r-xp 00000000 fc:01 1905                       /lib/x86_64-linux-gnu/libdl-2.24.so
7f1925074000-7f1925273000 ---p 00003000 fc:01 1905                       /lib/x86_64-linux-gnu/libdl-2.24.so
7f1925273000-7f1925274000 r--p 00002000 fc:01 1905                       /lib/x86_64-linux-gnu/libdl-2.24.so
7f1925274000-7f1925275000 rw-p 00003000 fc:01 1905                       /lib/x86_64-linux-gnu/libdl-2.24.so
7f1925275000-7f192528e000 r-xp 00000000 fc:01 2025                       /lib/x86_64-linux-gnu/libz.so.1.2.8
7f192528e000-7f192548d000 ---p 00019000 fc:01 2025                       /lib/x86_64-linux-gnu/libz.so.1.2.8
7f192548d000-7f192548e000 r--p 00018000 fc:01 2025                       /lib/x86_64-linux-gnu/libz.so.1.2.8
7f192548e000-7f192548f000 rw-p 00019000 fc:01 2025                       /lib/x86_64-linux-gnu/libz.so.1.2.8
7f192548f000-7f192564c000 r-xp 00000000 fc:01 1902                       /lib/x86_64-linux-gnu/libc-2.24.so
7f192564c000-7f192584c000 ---p 001bd000 fc:01 1902                       /lib/x86_64-linux-gnu/libc-2.24.so
7f192584c000-7f1925850000 r--p 001bd000 fc:01 1902                       /lib/x86_64-linux-gnu/libc-2.24.so
7f1925850000-7f1925852000 rw-p 001c1000 fc:01 1902                       /lib/x86_64-linux-gnu/libc-2.24.so
7f1925852000-7f1925856000 rw-p 00000000 00:00 0 
7f1925856000-7f1925863000 r-xp 00000000 fc:01 531006                     /usr/lib/jvm/java-8-openjdk-amd64/jre/lib/amd64/jli/libjli.so
7f1925863000-7f1925a63000 ---p 0000d000 fc:01 531006                     /usr/lib/jvm/java-8-openjdk-amd64/jre/lib/amd64/jli/libjli.so
7f1925a63000-7f1925a64000 r--p 0000d000 fc:01 531006                     /usr/lib/jvm/java-8-openjdk-amd64/jre/lib/amd64/jli/libjli.so
7f1925a64000-7f1925a65000 rw-p 0000e000 fc:01 531006                     /usr/lib/jvm/java-8-openjdk-amd64/jre/lib/amd64/jli/libjli.so
7f1925a65000-7f1925a8a000 r-xp 00000000 fc:01 1898                       /lib/x86_64-linux-gnu/ld-2.24.so
7f1925a8a000-7f1925a8c000 r--s 0000b000 fc:01 1847789                    /daryl/platforms/android/gradle/wrapper/gradle-wrapper.jar
7f1925a8c000-7f1925a8d000 r--s 00010000 fc:01 531062                     /usr/lib/jvm/java-8-openjdk-amd64/jre/lib/ext/zipfs.jar
7f1925a8d000-7f1925a8f000 r--s 00008000 fc:01 531059                     /usr/lib/jvm/java-8-openjdk-amd64/jre/lib/ext/sunec.jar
7f1925a8f000-7f1925a94000 r--s 0003b000 fc:01 531060                     /usr/lib/jvm/java-8-openjdk-amd64/jre/lib/ext/sunjce_provider.jar
7f1925a94000-7f1925a95000 r--s 0000a000 fc:01 531056                     /usr/lib/jvm/java-8-openjdk-amd64/jre/lib/ext/jaccess.jar
7f1925a95000-7f1925a98000 r--s 0000f000 fc:01 531055                     /usr/lib/jvm/java-8-openjdk-amd64/jre/lib/ext/icedtea-sound.jar
7f1925a98000-7f1925a9c000 r--s 00037000 fc:01 531061                     /usr/lib/jvm/java-8-openjdk-amd64/jre/lib/ext/sunpkcs11.jar
7f1925a9c000-7f1925ad9000 rw-p 00000000 00:00 0 
7f1925ad9000-7f1925b75000 ---p 00000000 00:00 0 
7f1925b75000-7f1925b78000 ---p 00000000 00:00 0 
7f1925b78000-7f1925c7a000 rw-p 00000000 00:00 0 
7f1925c7a000-7f1925c7c000 r--s 00001000 fc:01 531054                     /usr/lib/jvm/java-8-openjdk-amd64/jre/lib/ext/dnsns.jar
7f1925c7c000-7f1925c84000 rw-s 00000000 fc:01 68905                      /tmp/hsperfdata_root/3825
7f1925c84000-7f1925c85000 rw-p 00000000 00:00 0 
7f1925c85000-7f1925c86000 ---p 00000000 00:00 0 
7f1925c86000-7f1925c89000 rw-p 00000000 00:00 0 
7f1925c89000-7f1925c8a000 r--p 00024000 fc:01 1898                       /lib/x86_64-linux-gnu/ld-2.24.so
7f1925c8a000-7f1925c8b000 rw-p 00025000 fc:01 1898                       /lib/x86_64-linux-gnu/ld-2.24.so
7f1925c8b000-7f1925c8c000 rw-p 00000000 00:00 0 
7fff522b3000-7fff522d4000 rw-p 00000000 00:00 0                          [stack]
7fff52354000-7fff52356000 r--p 00000000 00:00 0                          [vvar]
7fff52356000-7fff52358000 r-xp 00000000 00:00 0                          [vdso]
ffffffffff600000-ffffffffff601000 r-xp 00000000 00:00 0                  [vsyscall]

VM Arguments:
jvm_args: -Dorg.gradle.appname=gradlew 
java_command: org.gradle.wrapper.GradleWrapperMain cdvBuildDebug -b /daryl/platforms/android/build.gradle -Dorg.gradle.daemon=true -Dorg.gradle.jvmargs=-Xmx2048m -Pandroid.useDeprecatedNdk=true
java_class_path (initial): /daryl/platforms/android/gradle/wrapper/gradle-wrapper.jar
Launcher Type: SUN_STANDARD

Environment Variables:
JAVA_HOME=/usr/lib/jvm/java-8-openjdk-amd64/
PATH=/usr/local/sbin:/usr/local/bin:/usr/sbin:/usr/bin:/sbin:/bin:/usr/games:/usr/local/games:/root/androidsdk:/root/androidsdk/tools:/root/androidsdk/platform-tools
USERNAME=root
SHELL=/bin/bash

Signal Handlers:
SIGSEGV: [libjvm.so+0xa6c900], sa_mask[0]=11111111011111111101111111111110, sa_flags=SA_RESTART|SA_SIGINFO
SIGBUS: [libjvm.so+0xa6c900], sa_mask[0]=11111111011111111101111111111110, sa_flags=SA_RESTART|SA_SIGINFO
SIGFPE: [libjvm.so+0x8b6400], sa_mask[0]=11111111011111111101111111111110, sa_flags=SA_RESTART|SA_SIGINFO
SIGPIPE: [libjvm.so+0x8b6400], sa_mask[0]=11111111011111111101111111111110, sa_flags=SA_RESTART|SA_SIGINFO
SIGXFSZ: [libjvm.so+0x8b6400], sa_mask[0]=11111111011111111101111111111110, sa_flags=SA_RESTART|SA_SIGINFO
SIGILL: [libjvm.so+0x8b6400], sa_mask[0]=11111111011111111101111111111110, sa_flags=SA_RESTART|SA_SIGINFO
SIGUSR1: SIG_DFL, sa_mask[0]=00000000000000000000000000000000, sa_flags=none
SIGUSR2: [libjvm.so+0x8b62b0], sa_mask[0]=00000000000000000000000000000000, sa_flags=SA_RESTART|SA_SIGINFO
SIGHUP: [libjvm.so+0x8b6760], sa_mask[0]=11111111011111111101111111111110, sa_flags=SA_RESTART|SA_SIGINFO
SIGINT: [libjvm.so+0x8b6760], sa_mask[0]=11111111011111111101111111111110, sa_flags=SA_RESTART|SA_SIGINFO
SIGTERM: [libjvm.so+0x8b6760], sa_mask[0]=11111111011111111101111111111110, sa_flags=SA_RESTART|SA_SIGINFO
SIGQUIT: [libjvm.so+0x8b6760], sa_mask[0]=11111111011111111101111111111110, sa_flags=SA_RESTART|SA_SIGINFO


---------------  S Y S T E M  ---------------

OS:DISTRIB_ID=Ubuntu
DISTRIB_RELEASE=16.10
DISTRIB_CODENAME=yakkety
DISTRIB_DESCRIPTION="Ubuntu 16.10"

uname:Linux 4.8.0-45-generic #48-Ubuntu SMP Fri Mar 24 11:46:39 UTC 2017 x86_64
libc:glibc 2.24 NPTL 2.24 
rlimit: STACK 8192k, CORE 0k, NPROC 7922, NOFILE 65536, AS infinity
load average:0.26 0.06 0.07

/proc/meminfo:
MemTotal:        2047816 kB
MemFree:           58140 kB
MemAvailable:          0 kB
Buffers:             384 kB
Cached:            15492 kB
SwapCached:            0 kB
Active:          1891712 kB
Inactive:           7976 kB
Active(anon):    1886812 kB
Inactive(anon):     2844 kB
Active(file):       4900 kB
Inactive(file):     5132 kB
Unevictable:        3648 kB
Mlocked:            3648 kB
SwapTotal:             0 kB
SwapFree:              0 kB
Dirty:               108 kB
Writeback:             0 kB
AnonPages:       1887552 kB
Mapped:            12404 kB
Shmem:              3340 kB
Slab:              52116 kB
SReclaimable:      18864 kB
SUnreclaim:        33252 kB
KernelStack:        4992 kB
PageTables:        12164 kB
NFS_Unstable:          0 kB
Bounce:                0 kB
WritebackTmp:          0 kB
CommitLimit:     1023908 kB
Committed_AS:    2984868 kB
VmallocTotal:   34359738367 kB
VmallocUsed:           0 kB
VmallocChunk:          0 kB
HardwareCorrupted:     0 kB
AnonHugePages:   1060864 kB
ShmemHugePages:        0 kB
ShmemPmdMapped:        0 kB
CmaTotal:              0 kB
CmaFree:               0 kB
HugePages_Total:       0
HugePages_Free:        0
HugePages_Rsvd:        0
HugePages_Surp:        0
Hugepagesize:       2048 kB
DirectMap4k:       61432 kB
DirectMap2M:     2035712 kB
DirectMap1G:           0 kB


CPU:total 2 (1 cores per cpu, 1 threads per core) family 6 model 62 stepping 4, cmov, cx8, fxsr, mmx, sse, sse2, sse3, ssse3, sse4.1, sse4.2, popcnt, avx, aes, clmul, erms, tsc

/proc/cpuinfo:
processor	: 0
vendor_id	: GenuineIntel
cpu family	: 6
model		: 62
model name	: Intel(R) Xeon(R) CPU E5-2630L v2 @ 2.40GHz
stepping	: 4
microcode	: 0x1
cpu MHz		: 2399.998
cache size	: 15360 KB
physical id	: 0
siblings	: 1
core id		: 0
cpu cores	: 1
apicid		: 0
initial apicid	: 0
fpu		: yes
fpu_exception	: yes
cpuid level	: 13
wp		: yes
flags		: fpu vme de pse tsc msr pae mce cx8 apic sep mtrr pge mca cmov pat pse36 clflush mmx fxsr sse sse2 ss syscall nx pdpe1gb rdtscp lm constant_tsc arch_perfmon rep_good nopl eagerfpu pni pclmulqdq vmx ssse3 cx16 pcid sse4_1 sse4_2 x2apic popcnt tsc_deadline_timer aes xsave avx f16c rdrand hypervisor lahf_lm vnmi ept fsgsbase tsc_adjust smep erms xsaveopt arat
bugs		:
bogomips	: 4799.99
clflush size	: 64
cache_alignment	: 64
address sizes	: 40 bits physical, 48 bits virtual
power management:

processor	: 1
vendor_id	: GenuineIntel
cpu family	: 6
model		: 62
model name	: Intel(R) Xeon(R) CPU E5-2630L v2 @ 2.40GHz
stepping	: 4
microcode	: 0x1
cpu MHz		: 2399.998
cache size	: 15360 KB
physical id	: 1
siblings	: 1
core id		: 0
cpu cores	: 1
apicid		: 1
initial apicid	: 1
fpu		: yes
fpu_exception	: yes
cpuid level	: 13
wp		: yes
flags		: fpu vme de pse tsc msr pae mce cx8 apic sep mtrr pge mca cmov pat pse36 clflush mmx fxsr sse sse2 ss syscall nx pdpe1gb rdtscp lm constant_tsc arch_perfmon rep_good nopl eagerfpu pni pclmulqdq vmx ssse3 cx16 pcid sse4_1 sse4_2 x2apic popcnt tsc_deadline_timer aes xsave avx f16c rdrand hypervisor lahf_lm vnmi ept fsgsbase tsc_adjust smep erms xsaveopt arat
bugs		:
bogomips	: 4799.99
clflush size	: 64
cache_alignment	: 64
address sizes	: 40 bits physical, 48 bits virtual
power management:



Memory: 4k page, physical 2047816k(58140k free), swap 0k(0k free)

vm_info: OpenJDK 64-Bit Server VM (25.121-b13) for linux-amd64 JRE (1.8.0_121-8u121-b13-0ubuntu1.16.10.2-b13), built on Jan 23 2017 11:22:24 by "buildd" with gcc 6.2.0 20161005

time: Mon Apr  3 12:00:59 2017
elapsed time: 2 seconds (0d 0h 0m 2s)

